<?xml version="1.0" encoding="UTF-8"?>
<robot generator="Robot 3.2.2 (Python 3.6.12 on linux)" generated="20200919 10:35:16.992" rpa="false">
<suite id="s1" name="Private-Audio-Oppo" source="/mnt/home/work/haisong/audio-tool/functionTest-tool/audioCase/testcase/private-audio-oppo.txt">
<test id="s1-t1" name="query-nonexist-para">
<kw name="Create Session" library="RequestsLibrary">
<doc>Create Session: create a HTTP session to a server</doc>
<arguments>
<arg>saas</arg>
<arg>${url}</arg>
</arguments>
<msg timestamp="20200919 10:35:17.211" level="INFO">Creating Session using : alias=saas, url=http://10.141.56.227:80, headers={},                     cookies={}, auth=None, timeout=None, proxies=None, verify=False,                     debug=0 </msg>
<status status="PASS" starttime="20200919 10:35:17.210" endtime="20200919 10:35:17.211"></status>
</kw>
<kw name="Get Current Date" library="DateTime">
<doc>Returns current local or UTC time with an optional increment.</doc>
<arguments>
<arg>result_format=epoch</arg>
</arguments>
<assign>
<var>${btid}</var>
</assign>
<msg timestamp="20200919 10:35:17.212" level="INFO">${btid} = 1600482917.211653</msg>
<status status="PASS" starttime="20200919 10:35:17.211" endtime="20200919 10:35:17.212"></status>
</kw>
<kw name="Set Variable" library="BuiltIn">
<doc>Returns the given values which can then be assigned to a variables.</doc>
<arguments>
<arg>{"accessKey":"${accesskey}","type":"PORN","btid":"${btid}","data":{"audioName":"可选值","ip":"10.0.23.32可选","channel":"AUDIO","tokenId":"toekn123","url":"http://sdkalarm.bj.bcebos.com/yanshi/political08.mp3"}}</arg>
</arguments>
<assign>
<var>${data}</var>
</assign>
<msg timestamp="20200919 10:35:17.212" level="INFO">${data} = {"accessKey":"4Ky6AV4hE0pWLeG1bXNw","type":"PORN","btid":"1600482917.211653","data":{"audioName":"可选值","ip":"10.0.23.32可选","channel":"AUDIO","tokenId":"toekn123","url":"http://sdkalarm.bj.bcebos.com/y...</msg>
<status status="PASS" starttime="20200919 10:35:17.212" endtime="20200919 10:35:17.212"></status>
</kw>
<kw name="Post Request" library="RequestsLibrary">
<doc>Send a POST request on the session object found using the
given `alias`</doc>
<arguments>
<arg>saas</arg>
<arg>${uri1}</arg>
<arg>${data}</arg>
</arguments>
<assign>
<var>${response}</var>
</assign>
<msg timestamp="20200919 10:35:17.225" level="INFO">POST Request : url=http://10.141.56.227:80/v2/saas/anti_fraud/audio 
 path_url=/v2/saas/anti_fraud/audio 
 headers={'User-Agent': 'python-requests/2.24.0', 'Accept-Encoding': 'gzip, deflate', 'Accept': '*/*', 'Connection': 'keep-alive', 'Content-Length': '234'} 
 body=b'{"accessKey":"4Ky6AV4hE0pWLeG1bXNw","type":"PORN","btid":"1600482917.211653","data":{"audioName":"\xe5\x8f\xaf\xe9\x80\x89\xe5\x80\xbc","ip":"10.0.23.32\xe5\x8f\xaf\xe9\x80\x89","channel":"AUDIO","tokenId":"toekn123","url":"http://sdkalarm.bj.bcebos.com/yanshi/political08.mp3"}}' 
 </msg>
<msg timestamp="20200919 10:35:17.225" level="INFO">POST Response : url=http://10.141.56.227:80/v2/saas/anti_fraud/audio 
 status=200, reason=OK 
 body={"code":1100,"message":"\u6210\u529f","requestId":"b5555dfa1e9684b0a5d4a0820192ad27","btId":"1600482917.211653"} 
 </msg>
<msg timestamp="20200919 10:35:17.225" level="INFO">${response} = &lt;Response [200]&gt;</msg>
<status status="PASS" starttime="20200919 10:35:17.213" endtime="20200919 10:35:17.225"></status>
</kw>
<kw name="Log" library="BuiltIn">
<doc>Logs the given message with the given level.</doc>
<arguments>
<arg>${response.status_code}</arg>
</arguments>
<msg timestamp="20200919 10:35:17.226" level="INFO">200</msg>
<status status="PASS" starttime="20200919 10:35:17.225" endtime="20200919 10:35:17.226"></status>
</kw>
<kw name="Set Variable" library="BuiltIn">
<doc>Returns the given values which can then be assigned to a variables.</doc>
<arguments>
<arg>${response.content}</arg>
</arguments>
<assign>
<var>${result}</var>
</assign>
<msg timestamp="20200919 10:35:17.226" level="INFO">${result} = {"code":1100,"message":"\u6210\u529f","requestId":"b5555dfa1e9684b0a5d4a0820192ad27","btId":"1600482917.211653"}</msg>
<status status="PASS" starttime="20200919 10:35:17.226" endtime="20200919 10:35:17.226"></status>
</kw>
<kw name="Log" library="BuiltIn">
<doc>Logs the given message with the given level.</doc>
<arguments>
<arg>${result}</arg>
</arguments>
<msg timestamp="20200919 10:35:17.227" level="INFO">{"code":1100,"message":"\u6210\u529f","requestId":"b5555dfa1e9684b0a5d4a0820192ad27","btId":"1600482917.211653"}</msg>
<status status="PASS" starttime="20200919 10:35:17.227" endtime="20200919 10:35:17.227"></status>
</kw>
<kw name="Sleep" library="BuiltIn">
<doc>Pauses the test executed for the given time.</doc>
<arguments>
<arg>10</arg>
</arguments>
<msg timestamp="20200919 10:35:27.227" level="INFO">Slept 10 seconds</msg>
<status status="PASS" starttime="20200919 10:35:17.227" endtime="20200919 10:35:27.228"></status>
</kw>
<kw name="Set Variable" library="BuiltIn">
<doc>Returns the given values which can then be assigned to a variables.</doc>
<arguments>
<arg>{"accessKey":"${accesskey}","btId":"${btid}","test":"test"}</arg>
</arguments>
<assign>
<var>${data}</var>
</assign>
<msg timestamp="20200919 10:35:27.228" level="INFO">${data} = {"accessKey":"4Ky6AV4hE0pWLeG1bXNw","btId":"1600482917.211653","test":"test"}</msg>
<status status="PASS" starttime="20200919 10:35:27.228" endtime="20200919 10:35:27.228"></status>
</kw>
<kw name="Post Request" library="RequestsLibrary">
<doc>Send a POST request on the session object found using the
given `alias`</doc>
<arguments>
<arg>saas</arg>
<arg>${uri2}</arg>
<arg>${data}</arg>
</arguments>
<assign>
<var>${response}</var>
</assign>
<msg timestamp="20200919 10:35:27.238" level="INFO">POST Request : url=http://10.141.56.227:80/v2/saas/anti_fraud/query_audio 
 path_url=/v2/saas/anti_fraud/query_audio 
 headers={'User-Agent': 'python-requests/2.24.0', 'Accept-Encoding': 'gzip, deflate', 'Accept': '*/*', 'Connection': 'keep-alive', 'Content-Length': '77'} 
 body=b'{"accessKey":"4Ky6AV4hE0pWLeG1bXNw","btId":"1600482917.211653","test":"test"}' 
 </msg>
<msg timestamp="20200919 10:35:27.238" level="INFO">POST Response : url=http://10.141.56.227:80/v2/saas/anti_fraud/query_audio 
 status=200, reason=OK 
 body={"code":1100,"message":"\u6210\u529f","requestId":"7bc56203a684e78bbe82f2844f72a584","btId":"1600482917.211653","audioText":"\u4e0d\u662f\uff0c\u518d\u6b21\u6210\u4e3a\u4eac\u57ce\u4e2d\u592e\u6743\u529b\u53c8\u56de\u5230\u4e86\u5929\u5b89\u95e8\u5386\u4ee3\u7684\u5e1d\u738b\u603b\u662f\u9690\u8eab\u4e8e\u6df1\u5bab\u9ad8\u5899\u4e4b\u5185\u795e\u79d8\u6b22\u8fce\u81f3\u9ad8\u65e0\u4e0a\uff0c\u56e0\u6b64\u5f53\u6bdb\u6cfd\u4e1c\u5728\u5929\u5b89\u95e8\u57ce\u697c\u4e0a\u51fa\u73b0\u77e5\u4ed6\u6539\u53d8\u4e86\u6570\u5343\u5e74\u6765\u7edf\u6cbb\u6743\u529b\u7684\u8c61\u5f81\u4f60\u7684\u4e1c\u897f\uff0c\u4f3c\u4e4e\u4ece\u95e8\u5185\u8f6c\u79fb\u5230\u4e86\u95e8\u5916\u7684\u6c11\u4f17\u90a3\u4e2a\u800c\u5927\u4f17\u5374\u53ea\u80fd\u7fd8\u9996\u4ef0\u671b\u90a3\u96c4\u5c45\u4e0a\u65b9\u7684\u9886\u8896\u5f00\u56fd\u5927\u5178\u4e4b\u524d\u554a\uff01\u5929\u5b89\u95e8\u5e7f\u573a\u554a\uff01\u4e00\u7247\u4e71\u8349\uff0c\u54ce\u5440\uff01\u5c31\u5728\u5f00\u56fd\u5927\u5178\u4e4b\u524d\u5317\u4eac\u6e05\u534e\u5927\u5b66\u548c\u5317\u4eac\u5927\u5b66\u7684\u5b66\u751f\u4e49\u52a1\u52b3\u52a8\u628a\u5929\u5b89\u95e8\u524d\u7684\u4e00\u7247\u8352\u8349\u5168\u90e8\u9519\u8fc7\u4e86\u4e00\u4e2a\u6b7b\u795e\u8c01\u554a\uff01\u90a3\u4e2a\u5ba1\u6838\u90a3\u4e2a\u9752\u5e74\u554a\uff01\u5bf9\u8fd9\u4e2a\u89e3\u653e\u519b\u89e3\u653e\u5168","labels":"\u547d\u4e2d\u5ba1\u6838\u540d\u5355-\u97f3\u9891 \u6d89\u653f\u5185\u5bb9-\u97f3\u9891 ","detail":[{"audioEndtime":10,"audioMatchedItem":"\u5929\u5b89\u95e8","audioModel":"M01102","audioStarttime":0,"audioText":"\u4e0d\u662f\uff0c\u518d\u6b21\u6210\u4e3a\u4eac\u57ce\u4e2d\u592e\u6743\u529b\u53c8\u56de\u5230\u4e86\u5929\u5b89\u95e8\u5386\u4ee3\u7684\u5e1d\u738b\u603b\u662f\u9690\u8eab\u4e8e\u6df1\u5bab\u9ad8\u5899\u4e4b\u5185\u795e\u79d8","audioUrl":"https://voice-bj-1251671073.cos.ap-beijing.myqcloud.com/20200919/b5555dfa1e9684b0a5d4a0820192ad27_a0000.mp3","description":"\u547d\u4e2d\u5ba1\u6838\u540d\u5355-\u97f3\u9891","requestId":"b5555dfa1e9684b0a5d4a0820192ad27_a0000","riskLevel":"REVIEW","riskType":700},{"audioEndtime":20,"audioMatchedItem":"\u6bdb\u6cfd\u4e1c","audioModel":"M05102","audioStarttime":10,"audioText":"\u6b22\u8fce\u81f3\u9ad8\u65e0\u4e0a\uff0c\u56e0\u6b64\u5f53\u6bdb\u6cfd\u4e1c\u5728\u5929\u5b89\u95e8\u57ce\u697c\u4e0a\u51fa\u73b0\u77e5\u4ed6\u6539\u53d8\u4e86\u6570\u5343\u5e74\u6765\u7edf\u6cbb\u6743\u529b\u7684\u8c61\u5f81","audioUrl":"https://voice-bj-1251671073.cos.ap-beijing.myqcloud.com/20200919/b5555dfa1e9684b0a5d4a0820192ad27_a0001.mp3","description":"\u6d89\u653f\u5185\u5bb9-\u97f3\u9891","requestId":"b5555dfa1e9684b0a5d4a0820192ad27_a0001","riskLevel":"REJECT","riskType":100},{"audioEndtime":40,"audioMatchedItem":"\u5929\u5b89\u95e8","audioModel":"M01102","audioStarttime":30,"audioText":"\u5f00\u56fd\u5927\u5178\u4e4b\u524d\u554a\uff01\u5929\u5b89\u95e8\u5e7f\u573a\u554a\uff01\u4e00\u7247\u4e71\u8349\uff0c\u54ce\u5440\uff01\u5c31\u5728\u5f00\u56fd\u5927\u5178\u4e4b\u524d","audioUrl":"https://voice-bj-1251671073.cos.ap-beijing.myqcloud.com/20200919/b5555dfa1e9684b0a5d4a0820192ad27_a0003.mp3","description":"\u547d\u4e2d\u5ba1\u6838\u540d\u5355-\u97f3\u9891","requestId":"b5555dfa1e9684b0a5d4a0820192ad27_a0003","riskLevel":"REVIEW","riskType":700},{"audioEndtime":50,"audioMatchedItem":"\u5929\u5b89\u95e8","audioModel":"M01102","audioStarttime":40,"audioText":"\u5317\u4eac\u6e05\u534e\u5927\u5b66\u548c\u5317\u4eac\u5927\u5b66\u7684\u5b66\u751f\u4e49\u52a1\u52b3\u52a8\u628a\u5929\u5b89\u95e8\u524d\u7684\u4e00\u7247\u8352\u8349\u5168\u90e8","audioUrl":"https://voice-bj-1251671073.cos.ap-beijing.myqcloud.com/20200919/b5555dfa1e9684b0a5d4a0820192ad27_a0004.mp3","description":"\u547d\u4e2d\u5ba1\u6838\u540d\u5355-\u97f3\u9891","requestId":"b5555dfa1e9684b0a5d4a0820192ad27_a0004","riskLevel":"REVIEW","riskType":700}],"riskLevel":"REJECT","tags":[{"confidence":100,"label":"\u65e0\u4eba\u58f0"}]} 
 </msg>
<msg timestamp="20200919 10:35:27.238" level="INFO">${response} = &lt;Response [200]&gt;</msg>
<status status="PASS" starttime="20200919 10:35:27.229" endtime="20200919 10:35:27.238"></status>
</kw>
<kw name="Log" library="BuiltIn">
<doc>Logs the given message with the given level.</doc>
<arguments>
<arg>${response.status_code}</arg>
</arguments>
<msg timestamp="20200919 10:35:27.239" level="INFO">200</msg>
<status status="PASS" starttime="20200919 10:35:27.238" endtime="20200919 10:35:27.239"></status>
</kw>
<kw name="Set Variable" library="BuiltIn">
<doc>Returns the given values which can then be assigned to a variables.</doc>
<arguments>
<arg>${response.content}</arg>
</arguments>
<assign>
<var>${result}</var>
</assign>
<msg timestamp="20200919 10:35:27.239" level="INFO">${result} = {"code":1100,"message":"\u6210\u529f","requestId":"7bc56203a684e78bbe82f2844f72a584","btId":"1600482917.211653","audioText":"\u4e0d\u662f\uff0c\u518d\u6b21\u6210\u4e3a\u4eac\u57ce\u4e2d\u592e\u6743\u5...</msg>
<status status="PASS" starttime="20200919 10:35:27.239" endtime="20200919 10:35:27.239"></status>
</kw>
<kw name="Loads" library="json">
<doc>Deserialize ``s`` (a ``str``, ``bytes`` or ``bytearray`` instance
containing a JSON document) to a Python object.</doc>
<arguments>
<arg>${result}</arg>
</arguments>
<assign>
<var>${result}</var>
</assign>
<msg timestamp="20200919 10:35:27.240" level="INFO">${result} = {'code': 1100, 'message': '成功', 'requestId': '7bc56203a684e78bbe82f2844f72a584', 'btId': '1600482917.211653', 'audioText': '不是，再次成为京城中央权力又回到了天安门历代的帝王总是隐身于深宫高墙之内神秘欢迎至高无上，因此当毛泽东在天安门城楼上出现知他改变了数千年来统治权力的象征...</msg>
<status status="PASS" starttime="20200919 10:35:27.239" endtime="20200919 10:35:27.240"></status>
</kw>
<kw name="Log" library="BuiltIn">
<doc>Logs the given message with the given level.</doc>
<arguments>
<arg>${result}</arg>
</arguments>
<msg timestamp="20200919 10:35:27.240" level="INFO">{'code': 1100, 'message': '成功', 'requestId': '7bc56203a684e78bbe82f2844f72a584', 'btId': '1600482917.211653', 'audioText': '不是，再次成为京城中央权力又回到了天安门历代的帝王总是隐身于深宫高墙之内神秘欢迎至高无上，因此当毛泽东在天安门城楼上出现知他改变了数千年来统治权力的象征你的东西，似乎从门内转移到了门外的民众那个而大众却只能翘首仰望那雄居上方的领袖开国大典之前啊！天安门广场啊！一片乱草，哎呀！就在开国大典之前北京清华大学和北京大学的学生义务劳动把天安门前的一片荒草全部错过了一个死神谁啊！那个审核那个青年啊！对这个解放军解放全', 'labels': '命中审核名单-音频 涉政内容-音频 ', 'detail': [{'audioEndtime': 10, 'audioMatchedItem': '天安门', 'audioModel': 'M01102', 'audioStarttime': 0, 'audioText': '不是，再次成为京城中央权力又回到了天安门历代的帝王总是隐身于深宫高墙之内神秘', 'audioUrl': 'https://voice-bj-1251671073.cos.ap-beijing.myqcloud.com/20200919/b5555dfa1e9684b0a5d4a0820192ad27_a0000.mp3', 'description': '命中审核名单-音频', 'requestId': 'b5555dfa1e9684b0a5d4a0820192ad27_a0000', 'riskLevel': 'REVIEW', 'riskType': 700}, {'audioEndtime': 20, 'audioMatchedItem': '毛泽东', 'audioModel': 'M05102', 'audioStarttime': 10, 'audioText': '欢迎至高无上，因此当毛泽东在天安门城楼上出现知他改变了数千年来统治权力的象征', 'audioUrl': 'https://voice-bj-1251671073.cos.ap-beijing.myqcloud.com/20200919/b5555dfa1e9684b0a5d4a0820192ad27_a0001.mp3', 'description': '涉政内容-音频', 'requestId': 'b5555dfa1e9684b0a5d4a0820192ad27_a0001', 'riskLevel': 'REJECT', 'riskType': 100}, {'audioEndtime': 40, 'audioMatchedItem': '天安门', 'audioModel': 'M01102', 'audioStarttime': 30, 'audioText': '开国大典之前啊！天安门广场啊！一片乱草，哎呀！就在开国大典之前', 'audioUrl': 'https://voice-bj-1251671073.cos.ap-beijing.myqcloud.com/20200919/b5555dfa1e9684b0a5d4a0820192ad27_a0003.mp3', 'description': '命中审核名单-音频', 'requestId': 'b5555dfa1e9684b0a5d4a0820192ad27_a0003', 'riskLevel': 'REVIEW', 'riskType': 700}, {'audioEndtime': 50, 'audioMatchedItem': '天安门', 'audioModel': 'M01102', 'audioStarttime': 40, 'audioText': '北京清华大学和北京大学的学生义务劳动把天安门前的一片荒草全部', 'audioUrl': 'https://voice-bj-1251671073.cos.ap-beijing.myqcloud.com/20200919/b5555dfa1e9684b0a5d4a0820192ad27_a0004.mp3', 'description': '命中审核名单-音频', 'requestId': 'b5555dfa1e9684b0a5d4a0820192ad27_a0004', 'riskLevel': 'REVIEW', 'riskType': 700}], 'riskLevel': 'REJECT', 'tags': [{'confidence': 100, 'label': '无人声'}]}</msg>
<status status="PASS" starttime="20200919 10:35:27.240" endtime="20200919 10:35:27.240"></status>
</kw>
<kw name="Get Json Value" library="RequestKeywords">
<doc>Get the target node of the JSON document `json_string` specified by `json_pointer`.</doc>
<arguments>
<arg>${result}</arg>
<arg>/code</arg>
</arguments>
<assign>
<var>${code}</var>
</assign>
<msg timestamp="20200919 10:35:27.242" level="INFO">${code} = 1100</msg>
<status status="PASS" starttime="20200919 10:35:27.241" endtime="20200919 10:35:27.242"></status>
</kw>
<kw name="Get Json Value" library="RequestKeywords">
<doc>Get the target node of the JSON document `json_string` specified by `json_pointer`.</doc>
<arguments>
<arg>${result}</arg>
<arg>/message</arg>
</arguments>
<assign>
<var>${message}</var>
</assign>
<msg timestamp="20200919 10:35:27.242" level="INFO">${message} = "成功"</msg>
<status status="PASS" starttime="20200919 10:35:27.242" endtime="20200919 10:35:27.242"></status>
</kw>
<kw name="Should Be Equal" library="BuiltIn">
<doc>Fails if the given objects are unequal.</doc>
<arguments>
<arg>${code}</arg>
<arg>1100</arg>
</arguments>
<status status="PASS" starttime="20200919 10:35:27.242" endtime="20200919 10:35:27.243"></status>
</kw>
<kw name="Should Be Equal" library="BuiltIn">
<doc>Fails if the given objects are unequal.</doc>
<arguments>
<arg>${message}</arg>
<arg>"成功"</arg>
</arguments>
<status status="PASS" starttime="20200919 10:35:27.243" endtime="20200919 10:35:27.243"></status>
</kw>
<doc>查询接口使用不存在的参数</doc>
<status status="PASS" starttime="20200919 10:35:17.209" endtime="20200919 10:35:27.243" critical="yes"></status>
</test>
<test id="s1-t2" name="handel-data-result-porn">
<kw name="Create Session" library="RequestsLibrary">
<doc>Create Session: create a HTTP session to a server</doc>
<arguments>
<arg>saas</arg>
<arg>${url}</arg>
</arguments>
<msg timestamp="20200919 10:35:27.245" level="INFO">Creating Session using : alias=saas, url=http://10.141.56.227:80, headers={},                     cookies={}, auth=None, timeout=None, proxies=None, verify=False,                     debug=0 </msg>
<status status="PASS" starttime="20200919 10:35:27.245" endtime="20200919 10:35:27.245"></status>
</kw>
<kw name="Get Current Date" library="DateTime">
<doc>Returns current local or UTC time with an optional increment.</doc>
<arguments>
<arg>result_format=epoch</arg>
</arguments>
<assign>
<var>${btid}</var>
</assign>
<msg timestamp="20200919 10:35:27.246" level="INFO">${btid} = 1600482927.245424</msg>
<status status="PASS" starttime="20200919 10:35:27.245" endtime="20200919 10:35:27.246"></status>
</kw>
<kw name="Set Variable" library="BuiltIn">
<doc>Returns the given values which can then be assigned to a variables.</doc>
<arguments>
<arg>{"accessKey":"${accesskey}","type":"PORN","btid":"${btid}","data":{"audioName":"可选值","ip":"10.0.23.32可选","channel":"AUDIO","tokenId":"toekn123","url":"http://static-1253442168.file.myqcloud.com/lecture_advance_audio/7062850_1529054831000.mp3"}}</arg>
</arguments>
<assign>
<var>${data}</var>
</assign>
<msg timestamp="20200919 10:35:27.246" level="INFO">${data} = {"accessKey":"4Ky6AV4hE0pWLeG1bXNw","type":"PORN","btid":"1600482927.245424","data":{"audioName":"可选值","ip":"10.0.23.32可选","channel":"AUDIO","tokenId":"toekn123","url":"http://static-1253442168.file.m...</msg>
<status status="PASS" starttime="20200919 10:35:27.246" endtime="20200919 10:35:27.246"></status>
</kw>
<kw name="Post Request" library="RequestsLibrary">
<doc>Send a POST request on the session object found using the
given `alias`</doc>
<arguments>
<arg>saas</arg>
<arg>${uri1}</arg>
<arg>${data}</arg>
</arguments>
<assign>
<var>${response}</var>
</assign>
<msg timestamp="20200919 10:35:27.255" level="INFO">POST Request : url=http://10.141.56.227:80/v2/saas/anti_fraud/audio 
 path_url=/v2/saas/anti_fraud/audio 
 headers={'User-Agent': 'python-requests/2.24.0', 'Accept-Encoding': 'gzip, deflate', 'Accept': '*/*', 'Connection': 'keep-alive', 'Content-Length': '272'} 
 body=b'{"accessKey":"4Ky6AV4hE0pWLeG1bXNw","type":"PORN","btid":"1600482927.245424","data":{"audioName":"\xe5\x8f\xaf\xe9\x80\x89\xe5\x80\xbc","ip":"10.0.23.32\xe5\x8f\xaf\xe9\x80\x89","channel":"AUDIO","tokenId":"toekn123","url":"http://static-1253442168.file.myqcloud.com/lecture_advance_audio/7062850_1529054831000.mp3"}}' 
 </msg>
<msg timestamp="20200919 10:35:27.255" level="INFO">POST Response : url=http://10.141.56.227:80/v2/saas/anti_fraud/audio 
 status=200, reason=OK 
 body={"code":1100,"message":"\u6210\u529f","requestId":"d42a1ebbe62b4fd3067fdb9b9789f842","btId":"1600482927.245424"} 
 </msg>
<msg timestamp="20200919 10:35:27.256" level="INFO">${response} = &lt;Response [200]&gt;</msg>
<status status="PASS" starttime="20200919 10:35:27.246" endtime="20200919 10:35:27.256"></status>
</kw>
<kw name="Log" library="BuiltIn">
<doc>Logs the given message with the given level.</doc>
<arguments>
<arg>${response.status_code}</arg>
</arguments>
<msg timestamp="20200919 10:35:27.256" level="INFO">200</msg>
<status status="PASS" starttime="20200919 10:35:27.256" endtime="20200919 10:35:27.256"></status>
</kw>
<kw name="Set Variable" library="BuiltIn">
<doc>Returns the given values which can then be assigned to a variables.</doc>
<arguments>
<arg>${response.content}</arg>
</arguments>
<assign>
<var>${result}</var>
</assign>
<msg timestamp="20200919 10:35:27.257" level="INFO">${result} = {"code":1100,"message":"\u6210\u529f","requestId":"d42a1ebbe62b4fd3067fdb9b9789f842","btId":"1600482927.245424"}</msg>
<status status="PASS" starttime="20200919 10:35:27.256" endtime="20200919 10:35:27.257"></status>
</kw>
<kw name="Log" library="BuiltIn">
<doc>Logs the given message with the given level.</doc>
<arguments>
<arg>${result}</arg>
</arguments>
<msg timestamp="20200919 10:35:27.257" level="INFO">{"code":1100,"message":"\u6210\u529f","requestId":"d42a1ebbe62b4fd3067fdb9b9789f842","btId":"1600482927.245424"}</msg>
<status status="PASS" starttime="20200919 10:35:27.257" endtime="20200919 10:35:27.257"></status>
</kw>
<kw name="Sleep" library="BuiltIn">
<doc>Pauses the test executed for the given time.</doc>
<arguments>
<arg>120</arg>
</arguments>
<msg timestamp="20200919 10:37:27.258" level="INFO">Slept 2 minutes</msg>
<status status="PASS" starttime="20200919 10:35:27.258" endtime="20200919 10:37:27.258"></status>
</kw>
<kw name="Set Variable" library="BuiltIn">
<doc>Returns the given values which can then be assigned to a variables.</doc>
<arguments>
<arg>{"accessKey":"${accesskey}","btId":"${btid}","test":"test"}</arg>
</arguments>
<assign>
<var>${data}</var>
</assign>
<msg timestamp="20200919 10:37:27.259" level="INFO">${data} = {"accessKey":"4Ky6AV4hE0pWLeG1bXNw","btId":"1600482927.245424","test":"test"}</msg>
<status status="PASS" starttime="20200919 10:37:27.259" endtime="20200919 10:37:27.259"></status>
</kw>
<kw name="Post Request" library="RequestsLibrary">
<doc>Send a POST request on the session object found using the
given `alias`</doc>
<arguments>
<arg>saas</arg>
<arg>${uri2}</arg>
<arg>${data}</arg>
</arguments>
<assign>
<var>${response}</var>
</assign>
<msg timestamp="20200919 10:37:27.268" level="INFO">POST Request : url=http://10.141.56.227:80/v2/saas/anti_fraud/query_audio 
 path_url=/v2/saas/anti_fraud/query_audio 
 headers={'User-Agent': 'python-requests/2.24.0', 'Accept-Encoding': 'gzip, deflate', 'Accept': '*/*', 'Connection': 'keep-alive', 'Content-Length': '77'} 
 body=b'{"accessKey":"4Ky6AV4hE0pWLeG1bXNw","btId":"1600482927.245424","test":"test"}' 
 </msg>
<msg timestamp="20200919 10:37:27.268" level="INFO">POST Response : url=http://10.141.56.227:80/v2/saas/anti_fraud/query_audio 
 status=200, reason=OK 
 body={"code":1100,"message":"\u6210\u529f","requestId":"d42b702ec0c836536d68a4906622f2f0","btId":"1600482927.245424","audioText":"\u4eb2\u7231\u7684\u7236\u6bcd\u670b\u53cb\uff0c\u73b0\u5728\u597d\u6b22\u8fce\u6765\u5230\u8fd9\u91cc\u89c2\u5bdf\uff0c\u6211\u8eab\u4e0a\u6709\u7684\u5de5\u4f5c\u5ba4\u5e2e\u52a9\u7236\u6bcd\u4eec\u66f4\u597d\u7684\u6559\u80b2\u5b69\u5b50\u7ecf\u8fc7\u5f88\u591a\u5e74\u7684\u601d\u8003\u63a2\u7d22\u548c\u5b9e\u8df5\u6211\u603b\u7ed3\u51fa\u7684\u4e00\u5957\u7b80\u5355\u5b9e\u7528\u7684\u6559\u80b2\u65b9\u6cd5\uff0c\u6211\u628a\u5b83\u53eb\u505a\u7389\u513f\uff0c\u4e5d\u5b57\u771f\u8a00\u8bbe\u5907\u89c2\u5bdf\u8fd9\u4e2a\u5fae\u4fe1\u53f7\u5c31\u662f\u53c2\u5c55\u4e86\u666e\u53ca\u80b2\u513f\u4e5d\u5b57\u771f\u8a00\uff0c\u8fd9\u4ed6\u6559\u80b2\u65b9\u6cd5\u7684\u4f7f\u547d\uff0c\u9664\u6b64\u4e4b\u5916\uff0c\u5728\u8fd9\u4e2a\u5fae\u4fe1\u53f7\u6211\u4eec\u8fd8\u5c06\u6301\u7eed\u7684\u4e3a\u6211\u4eec\u7684\u7236\u6bcd\u5206\u4eab\uff0c\u56fd\u5185\u5916\u5404\u79cd\u524d\u6cbf\u7684\u6559\u80b2\u7406\u5ff5\u548c\u6559\u80b2\u65b9\u6cd5\u6211\u4eec\u575a\u4fe1\u53ea\u6709\u7236\u6bcd\u7ec8\u8eab\u6210\u957f\uff0c\u5b69\u5b50\u624d\u80fd\u6d3b\u5728\u672a\u6765\u5f53\u8bf4\u4eba\u8bdd\u5c31\u662f\u53ea\u6709\u7236\u6bcd\u597d\u597d\u5b66\u4e60\uff0c\u5b69\u5b50\u624d\u80fd\u5929\u5929\u5411\u4e0a\u597d\u4e86\uff0c\u4e0b\u9762\u8fdb\u5165\u6211\u4eec\u4eca\u5929\u7684\u5206\u4eab\u5185\u5bb9\u518d\u7ed9\u7236\u6bcd\u505a\u6559\u80b2\u54a8\u8be2\u7684\u8fc7\u7a0b\u4e2d\uff0c\u6211\u53d1\u73b0\u4e00\u4e2a\u666e\u904d\u7684\u73b0\u8c61\uff0c\u6709\u591a\u666e\u904d\u4e86\uff0c\u666e\u904d\u5200\u51e0\u4e4e\u7edd\u90a3\u90e8\u5206\u7684\u7236\u6bcd\u90fd\u6ca1\u6709\u610f\u8bc6\u5230\uff0c\u8fd9\u662f\u4e00\u4e2a\u95ee\u9898\uff0c\u90a3\u4e48\u8fd9\u4e2a\u666e\u904d\u7684\u73b0\u8c61\u662f\u4ec0\u4e48\u5462\uff1f\u5c31\u662f\u6211\u4eec\u5927\u591a\u6570\u7236\u6bcd\u6839\u672c\u641e\u4e0d\u6e05\u695a\u4ec0\u4e48\u662f\u9700\u6c42\u4ec0\u4e48\u662f\u89e3\u51b3\u65b9\u6848\uff1f\u4e3e\u4e2a\u4f8b\u5b50\u6765\u8bf4\uff0c\u5982\u679c\u4f60\u8bf4\u6211\u9700\u8981\u4e00\u8f86\u661f\u8fb0\uff0c\u8bf7\u95ee\u8fd9\u662f\u4e00\u4e2a\u9700\u6c42\u8fd8\u662f\u4e00\u4e2a\u89e3\u51b3\u65b9\u6848\u8fd9\u5f88\u591a\u7236\u6bcd\uff0c\u770b\u6765\u8fd9\u6839\u672c\u5c31\u662f\u4e00\u56de\u4e8b\u4e86\uff0c\u9519\u8fd9\u6c14\u6b7b\u554a\uff01\u662f\u4e24\u56de\u4e8b\u662f\uff0c\u800c\u4e14\u5462\u662f\u622a\u7136\u4e0d\u540c\u7684\u4e24\u4ef6\u4e8b\u662f\u6c42\u8bd5\u97f3\u89e3\u51b3\u65b9\u6848\u662f\u6211\u8fd9\u600e\u4e48\u53ef\u80fd\u662f\u4e00\u56de\u4e8b\u4e86\uff1f\u6709\u70b9\u61f5\u662f\u5427\uff0c\u6211\u6765\u7b80\u5355\u7ed9\u4f60\u89e3\u91ca\u4e00\u4e0b\u4f60\u4e3a\u4ec0\u4e48\u9700\u8981\u4e00\u8f86\u5f62\u6210\u539f\u56e0\uff1f\u53ef\u80fd\u662f\u6709\u4eba\u6b23\u8d4f\u4f60\u53ef\u4ee5\u66f4\u5b89\u5168\u7684\u53bb\u4e0a\u73ed\uff0c\u4f60\u90a3\u8fb9\u5c31\u64a4\u4e86\uff0c\u4ed6\u5df2\u7ecf\u7834\u8d25\u4e0d\u582a\u4e86\uff0c\u4e5f\u53ef\u80fd\u662f\u65b0\u8f66\u4f1a\u8ba9\u4f60\u5728\u91cc\u540c\u4e8b\u9762\u524d\u7684\u5f62\u8c61\u66f4\u597d\uff0c\u6216\u8005\u8ba9\u4f60\u81ea\u6211\u611f\u89c9\u66f4\u597d\uff0c\u8fd8\u6709\u53ef\u80fd\u662f\u4f60\u53ef\u4ee5\u66f4\u7701\u94b1\uff0c\u56e0\u4e3a\u4f60\u7684\u65e7\u8f66\u554a\uff01\u592a\u8017\u6cb9\u4e86\uff0c\u8fd8\u8001\u662f\u574f\u9700\u8981\u7ecf\u5e38\u7684\u4e8b\uff0c\u7ef4\u4fee\u7b49\u7b49\u7b49\u7b49\uff0c\u4f60\u770b\u51fa\u6765\u4e86\u5427\uff0c\u8fd9\u4e9b\u539f\u56e0\u624d\u662f\u9700\u6c42\u4e00\u8f86\u65b0\u8f66\u4e86\u4ed6\u662f\u4e3a\u4e86\u89e3\u51b3\u8fd9\u4e2a\u9700\u6c42\u554a\uff01\u60f3\u51fa\u6765\u7684\u89e3\u51b3\u65b9\u6848\uff0c\u518d\u716e\u4e2a\u4f8b\u5b50\uff0c\u4f60\u7684\u5b69\u5b50\u53ef\u80fd\u4f1a\u662f\u554a\uff01\u6211\u9700\u8981\u4e00\u4e2a\u5c5e\u4e8e\u6211\u81ea\u5df1\u7684\u623f\u95f4\uff0c\u8fd9\u662f\u4ec0\u4e48\uff1f\u8fd9\u6c14\u6b7b\u4e86\uff0c\u662f\u4e00\u4e2a\u89e3\u51b3\u65b9\u6848\u90a3\u4e48\u5b69\u5b50\u7684\u9700\u6c42\u662f\u4ec0\u4e48\u5462\uff1f\u53ef\u80fd\u554a\uff01\u5b69\u5b50\u662f\u5b66\u5f97\u6709\u81ea\u5df1\u7684\u72ec\u7acb\u623f\u95f4\u53ef\u4ee5\u4fdd\u62a4\u5979\u7684\u9690\u79c1\u6216\u8005\u5462\uff0c\u662f\u8981\u4ed6\u611f\u5230\u6709\u4e00\u4e2a\u81ea\u5df1\u7684\u623f\u95f4\u5462\u5c31\u53ef\u4ee5\u62e5\u6709\u81ea\u5df1\u7684\u72ec\u7acb\u7a7a\u95f4\u8bf1\u60d1\u4eba\u4e86\u55ef\uff0c\u4ed6\u53ea\u662f\u60f3\u5b89\u9759\u4e00\u70b9\uff0c\u751a\u81f3\u662f\u56e0\u4e3a\u4ed6\u7684\u540c\u5b66\u548c\u670b\u53cb\u90fd\u6709\u4e86\u81ea\u5df1\u7684\u623f\u95f4\u5979\u60f3\u88ab\u7b11\u8bdd\uff0c\u4e0d\u60f3\u88ab\u6bd4\u4e0b\u53bb\uff0c\u6240\u4ee5\u554a\uff01\u4ed6\u4e5f\u60f3\u8981\u4e00\u4e2a\u72ec\u7acb\u7684\u623f\u95f4\u8bf8\u5982\u6b64\u7c7b\u8fd9\u4e9b\u59d0\u624d\u662f\u5b69\u5b50\u5fc3\u4e2d\u7684\u6f5c\u5728\u9700\u6c42\u554a\uff01\u72ec\u7acb\u7684\u623f\u95f4\u4e86\uff0c\u53ea\u4e0d\u8fc7\u662f\u4e00\u4e2a\u89e3\u51b3\u65b9\u6848\u554a\uff01\u90a3\u5f25\u6f2b\u7684\u9700\u6c42\u548c\u89e3\u51b3\u65b9\u6848\u7684\u533a\u522b\u554a\uff01\u5bf9\u6211\u4eec\u7236\u6bcd\u6765\u8bb2\u5462\uff0c\u6709\u4ec0\u4e48\u4ef7\u503c\u548c\u610f\u4e49\u5462\uff1f\u65f6\u5c1a\uff0c\u5982\u679c\u7236\u6bcd\u548c\u5b69\u5b50\u7684\u6f5c\u5728\u9700\u6c42\u90fd\u6ca1\u6709\u5411\u5bf9\u65b9\u5f97\u5230\u660e\u786e\u7684\u7406\u89e3\u548c\u8868\u8fbe\u90a3\u4e48\u7236\u6bcd\u548c\u5b69\u5b50\u4e4b\u95f4\u7684\u76f8\u5904\u8fc7\u7a0b\u5c31\u4f1a\u9677\u5165\u56f0\u5883\uff0c\u4f60\u6ca1\u6709\u51c6\u786e\u7684\u5224\u65ad\u51fa\u5b69\u5b50\u7684\u5185\u5fc3\u9700\u6c42\u4f60\u5c31\u6025\u6025\u5fd9\u5fd9\u5730\u7ed9\u51fa\u4e86\u4f60\u7684\u89e3\u51b3\u65b9\u6848\uff0c\u6216\u8005\u6d89\u53ca\u7684\u5efa\u8bae\uff0c\u90a3\u4e4b\u540e\u7684\u7ed3\u679c\u4eba\u53ef\u80fd\u7389\u5e1d\u6240\u60f3\u8981\u7684\u5927\u76f8\u5f84\u5ead\u8fd8\u6765\u521a\u624d\u7684\u4f8b\u5b50\u6765\u8bf4\u554a\uff01\u4f60\u8fd9\u5b69\u5b50\u8981\u4e00\u4e2a\u72ec\u7acb\u7684\u623f\u95f4\u4e86\uff0c\u53ef\u80fd\u53ea\u662f\u56e0\u4e3a\u60f3\u5b89\u9759\u4e00\u70b9\u8ddf\u5176\u4ed6\u7684\u5144\u5f1f\u6216\u8005\u59d0\u59b9\u6ce8\u610f\u753b\u4e86\uff0c\u592a\u5435\u4e86\uff0c\u8fd9\u662f\u4ed6\u7684\u6838\u5fc3\u9700\u6c42\u963f\u91cc\u4e86\uff0c\u53bb\u4e00\u522b\u554a\uff01\u4ed6\u53ef\u80fd\u662f\u9700\u8981\u81ea\u5df1\u7684\u9690\u79c1\uff0c\u4e8e\u662f\u554a\uff01\u4f60\u5728\u7167\u987e\u5979\u7684\u9690\u79c1\u6ca1\u5f97\u505a\u4e86\u5f88\u591a\u7684\u52aa\u529b\uff0c\u4f60\u662f\u89c9\u5f97\u4f60\u5df2\u7ecf\u6ee1\u8db3\u4e86\uff0c\u4ed6\u7684\u613f\u671b\uff0c\u4f46\u662f\u5bf9\u4e8e\u4ed6\u6765\u8bb2\u5462\u8fd9\u91cc\u6839\u672c\u5c31\u4e0d\u4e86\u89e3\u4ed6\uff0c\u4ed6\u8001\u662f\u64c5\u4f5c\u4e3b\u5f20\u4ee5\u4e3a\u81ea\u5df1\u5f88\u61c2\uff0c\u4ed6\u610f\u601d\u554a\uff01\u4f60\u672a\u6765\u8ddf\u4ed6\u76f8\u5904\u7684\u5173\u7cfb\u5462\uff0c\u5c31\u4e0d\u4f1a\u5f97\u5230\u6539\u5584\uff0c\u751a\u81f3\u4f1a\u8d8a\u6765\u8d8a\u5f3a\u8bdd\uff0c\u800c\u4f60\u5462\uff0c\u5374\u5b9e\u5728\u4e0d\u77e5\u9053\u95ee\u9898\u51fa\u5728\u54ea\u554a\uff01\u4f60\u662f\u4e0d\u662f\u5c31\u6240\u6709\u7684\u7236\u6bcd\u90fd\u662f\u60f3\u5f53\u7136\u7684\u8ba4\u4e3a\u81ea\u5df1\u975e\u5e38\u4e86\u89e3\u81ea\u5df1\u7684\u5b69\u5b50\uff0c\u6240\u4ee5\u5f80\u5f80\u4f1a\u5728\u4e0d\u77e5\u4e0d\u89c9\u4e2d\u5ffd\u7565\u6389\u4e86\uff0c\u5b69\u5b50\u771f\u6b63\u7684\u9700\u6c42\u554a\uff01\u628a\u81ea\u5df1\u9884\u5148\u60f3\u597d\u7684\u89e3\u51b3\u65b9\u6848\uff0c\u76f4\u63a5\u5c31\u4e22\u7ed9\u4e86\u5b69\u5b50\u4f46\u662f\u5462\u8fd9\u4e9b\u89e3\u51b3\u65b9\u6848\u662f\u80fd\u591f\u6ee1\u8db3\uff0c\u7236\u6bcd\u9700\u6c42\u7684\u89e3\u51b3\u65b9\u6848\u554a\uff01\u4e0d\u662f\u5b69\u5b50\u9700\u6c42\u7684\u89e3\u51b3\u65b9\u6848\u6240\u4ee5\u554a\uff01\u5728\u6211\u505a\u54a8\u8be2\u7684\u8fc7\u7a0b\u4e2d\u5462\uff0c\u6211\u53d1\u73b0\u5f88\u591a\u4eb2\u5b50\u5173\u7cfb\u6bd4\u8f83\u50f5\u7684\u5bb6\u5ead\u5f88\u591a\u7684\u65f6\u5019\u5c31\u662f\u56e0\u4e3a\u8fd9\u4e9b\u8bef\u89e3\u9020\u6210\u7684\uff0c\u5f53\u7136\u4e86\uff0c\u8fd9\u6837\u9700\u6c42\u548c\u89e3\u51b3\u65b9\u6848\u5206\u79bb\u5f00\u4e86\uff0c\u53ef\u80fd\u771f\u7684\u662f\u975e\u5e38\u56f0\u96be\uff0c\u56e0\u4e3a\u8d28\u53d8\u5f53\u4eba\u4eec\u4f7f\u7528\u9700\u6c42\u8fd9\u4e2a\u8bcd\u7684\u65f6\u5019\u554a\uff01\u4ed6\u4eec\u6240\u8bf4\u7684\u5e38\u5e38\u662f\u4e00\u4e2a\u80fd\u591f\u6ee1\u8db3\u9700\u6c42\u7684\u89e3\u51b3\u65b9\u6848\u554a\uff01\u4e0d\u662f\u897f\u6e38\u672c\u8eab\u6240\u4ee5\u4ed6\u7684\u9700\u6c42\u548c\u89e3\u51b3\u65b9\u6848\u8fdb\u884c\u5206\u79bb\u6b7b\u76f4\u81f3\u503e\u542c\u662f\u6700\u91cd\u8981\u7684\u4e8b\u60c5\u540c\u65f6\u5462\uff0c\u95ee\u4e00\u4e9b\uff0c\u8fd9\u5bf9\u4f60\u6709\u4ec0\u4e48\u597d\u5904\uff1f\u6216\u8005\u8fd9\u5bf9\u6211\u6709\u4ec0\u4e48\u597d\u5904\uff1f\u8fd9\u6837\u7684\u95ee\u9898\u554a\uff01\u4f60\u4f1a\u975e\u5e38\u7684\u6709\u5e2e\u52a9\u6211\u4eec\u7ee7\u7eed\u62c9\u4e0a\u7684\u4f8b\u5b50\u6765\u8bf4\uff0c\u5f53\u4f60\u8bf4\u6211\u9700\u8981\u4e00\u8f86\u65b0\u8f66\uff0c\u90a3\u4e48\u6211\u81ea\u5df1\u8fd9\u4e48\u4e2a\u95ee\u9898\u90a3\u6211\u6709\u4ec0\u4e48\u597d\u5904\u5462\uff1f\u4e8e\u662f\u4f60\u7684\u7b54\u6848\u5c31\u51fa\u73b0\u4e86\u8fd9\u4e9b\u7b54\u6848\u5c31\u662f\u4f60\u7c7b\u578b\u4e2d\u771f\u6b63\u7684\u9700\u6c42\u660e\u767d\u4e86\uff0c\u674e\u7c7b\u578b\u4e2d\u771f\u6b63\u7684\u9700\u6c42\u4e86\uff0c\u4f60\u53ef\u80fd\u5c31\u4f1a\u6709\u6bd4\u4e70\u4e00\u8f86\u65b0\u8f66\u66f4\u597d\u7684\u89e3\u51b3\u65b9\u6848\u51fa\u73b0\u540c\u6837\u7684\u9053\u7406\uff0c\u5f53\u4f60\u7684\u5b69\u5b50\u8bf4\u6211\u9700\u8981\u4e00\u4e2a\u5c5e\u4e8e\u6211\u81ea\u5df1\u7684\u623f\u95f4\uff0c\u90a3\u4e48\u4f60\u5c31\u95ee\u4ed6\u8fd9\u4e2a\u95ee\u9898\uff0c\u8fd9\u5bf9\u4f60\u6709\u4ec0\u4e48\u597d\u5904\u5462\uff1f\u5b69\u5b50\u7684\u56de\u7b54\uff0c\u53ef\u80fd\u5c31\u662f\u4ed6\u5185\u5fc3\u6700\u771f\u5b9e\u7684\u9700\u6c42\uff0c\u8fd9\u6837\u4f60\u667a\u80fd\u5e2e\u597... (set the log level to DEBUG or TRACE to see the full content) 
 </msg>
<msg timestamp="20200919 10:37:27.269" level="INFO">${response} = &lt;Response [200]&gt;</msg>
<status status="PASS" starttime="20200919 10:37:27.259" endtime="20200919 10:37:27.269"></status>
</kw>
<kw name="Log" library="BuiltIn">
<doc>Logs the given message with the given level.</doc>
<arguments>
<arg>${response.status_code}</arg>
</arguments>
<msg timestamp="20200919 10:37:27.269" level="INFO">200</msg>
<status status="PASS" starttime="20200919 10:37:27.269" endtime="20200919 10:37:27.269"></status>
</kw>
<kw name="Set Variable" library="BuiltIn">
<doc>Returns the given values which can then be assigned to a variables.</doc>
<arguments>
<arg>${response.content}</arg>
</arguments>
<assign>
<var>${result}</var>
</assign>
<msg timestamp="20200919 10:37:27.270" level="INFO">${result} = {"code":1100,"message":"\u6210\u529f","requestId":"d42b702ec0c836536d68a4906622f2f0","btId":"1600482927.245424","audioText":"\u4eb2\u7231\u7684\u7236\u6bcd\u670b\u53cb\uff0c\u73b0\u5728\u597d\u6b22\u8...</msg>
<status status="PASS" starttime="20200919 10:37:27.270" endtime="20200919 10:37:27.270"></status>
</kw>
<kw name="Loads" library="json">
<doc>Deserialize ``s`` (a ``str``, ``bytes`` or ``bytearray`` instance
containing a JSON document) to a Python object.</doc>
<arguments>
<arg>${result}</arg>
</arguments>
<assign>
<var>${result}</var>
</assign>
<msg timestamp="20200919 10:37:27.271" level="INFO">${result} = {'code': 1100, 'message': '成功', 'requestId': 'd42b702ec0c836536d68a4906622f2f0', 'btId': '1600482927.245424', 'audioText': '亲爱的父母朋友，现在好欢迎来到这里观察，我身上有的工作室帮助父母们更好的教育孩子经过很多年的思考探索和实践我总结出的一套简单实用的教育方法，我把它叫做玉...</msg>
<status status="PASS" starttime="20200919 10:37:27.270" endtime="20200919 10:37:27.271"></status>
</kw>
<kw name="Log" library="BuiltIn">
<doc>Logs the given message with the given level.</doc>
<arguments>
<arg>${result}</arg>
</arguments>
<msg timestamp="20200919 10:37:27.271" level="INFO">{'code': 1100, 'message': '成功', 'requestId': 'd42b702ec0c836536d68a4906622f2f0', 'btId': '1600482927.245424', 'audioText': '亲爱的父母朋友，现在好欢迎来到这里观察，我身上有的工作室帮助父母们更好的教育孩子经过很多年的思考探索和实践我总结出的一套简单实用的教育方法，我把它叫做玉儿，九字真言设备观察这个微信号就是参展了普及育儿九字真言，这他教育方法的使命，除此之外，在这个微信号我们还将持续的为我们的父母分享，国内外各种前沿的教育理念和教育方法我们坚信只有父母终身成长，孩子才能活在未来当说人话就是只有父母好好学习，孩子才能天天向上好了，下面进入我们今天的分享内容再给父母做教育咨询的过程中，我发现一个普遍的现象，有多普遍了，普遍刀几乎绝那部分的父母都没有意识到，这是一个问题，那么这个普遍的现象是什么呢？就是我们大多数父母根本搞不清楚什么是需求什么是解决方案？举个例子来说，如果你说我需要一辆星辰，请问这是一个需求还是一个解决方案这很多父母，看来这根本就是一回事了，错这气死啊！是两回事是，而且呢是截然不同的两件事是求试音解决方案是我这怎么可能是一回事了？有点懵是吧，我来简单给你解释一下你为什么需要一辆形成原因？可能是有人欣赏你可以更安全的去上班，你那边就撤了，他已经破败不堪了，也可能是新车会让你在里同事面前的形象更好，或者让你自我感觉更好，还有可能是你可以更省钱，因为你的旧车啊！太耗油了，还老是坏需要经常的事，维修等等等等，你看出来了吧，这些原因才是需求一辆新车了他是为了解决这个需求啊！想出来的解决方案，再煮个例子，你的孩子可能会是啊！我需要一个属于我自己的房间，这是什么？这气死了，是一个解决方案那么孩子的需求是什么呢？可能啊！孩子是学得有自己的独立房间可以保护她的隐私或者呢，是要他感到有一个自己的房间呢就可以拥有自己的独立空间诱惑人了嗯，他只是想安静一点，甚至是因为他的同学和朋友都有了自己的房间她想被笑话，不想被比下去，所以啊！他也想要一个独立的房间诸如此类这些姐才是孩子心中的潜在需求啊！独立的房间了，只不过是一个解决方案啊！那弥漫的需求和解决方案的区别啊！对我们父母来讲呢，有什么价值和意义呢？时尚，如果父母和孩子的潜在需求都没有向对方得到明确的理解和表达那么父母和孩子之间的相处过程就会陷入困境，你没有准确的判断出孩子的内心需求你就急急忙忙地给出了你的解决方案，或者涉及的建议，那之后的结果人可能玉帝所想要的大相径庭还来刚才的例子来说啊！你这孩子要一个独立的房间了，可能只是因为想安静一点跟其他的兄弟或者姐妹注意画了，太吵了，这是他的核心需求阿里了，去一别啊！他可能是需要自己的隐私，于是啊！你在照顾她的隐私没得做了很多的努力，你是觉得你已经满足了，他的愿望，但是对于他来讲呢这里根本就不了解他，他老是擅作主张以为自己很懂，他意思啊！你未来跟他相处的关系呢，就不会得到改善，甚至会越来越强话，而你呢，却实在不知道问题出在哪啊！你是不是就所有的父母都是想当然的认为自己非常了解自己的孩子，所以往往会在不知不觉中忽略掉了，孩子真正的需求啊！把自己预先想好的解决方案，直接就丢给了孩子但是呢这些解决方案是能够满足，父母需求的解决方案啊！不是孩子需求的解决方案所以啊！在我做咨询的过程中呢，我发现很多亲子关系比较僵的家庭很多的时候就是因为这些误解造成的，当然了，这样需求和解决方案分离开了，可能真的是非常困难，因为质变当人们使用需求这个词的时候啊！他们所说的常常是一个能够满足需求的解决方案啊！不是西游本身所以他的需求和解决方案进行分离死直至倾听是最重要的事情同时呢，问一些，这对你有什么好处？或者这对我有什么好处？这样的问题啊！你会非常的有帮助我们继续拉上的例子来说，当你说我需要一辆新车，那么我自己这么个问题那我有什么好处呢？于是你的答案就出现了这些答案就是你类型中真正的需求明白了，李类型中真正的需求了，你可能就会有比买一辆新车更好的解决方案出现同样的道理，当你的孩子说我需要一个属于我自己的房间，那么你就问他这个问题，这对你有什么好处呢？孩子的回答，可能就是他内心最真实的需求，这样你智能帮她共同寻找出一的解决方案，同时也更了解了你的孩子更让你们之间的关系变得各位亲密，因为了这哈孩子看了他的意见被重视被尊重的，这个会让她更自信，以后更开心，同时更愿意与你亲近好啦！今天的分享就到这里相信对你有所启发，如果你喜欢我的分享请关注之辈观察这个微信号也欢迎你把这个微信号分享给你的家人亲戚朋友同事以及其他游戏要的人，如果想听更多的家庭教育理念和方法也可以加我的微信号说出你的需求，我将把脸拉入符合你需求的微信群在群里我会不定期的做不同主题的深度分享和解答，你在育儿过程中的速度哦哦哦，k那就这样，我们下期分享，再见与助理，今天心情愉快一名下面是这次分享的你这个谢谢', 'labels': '正常', 'riskLevel': 'PASS'}</msg>
<status status="PASS" starttime="20200919 10:37:27.271" endtime="20200919 10:37:27.271"></status>
</kw>
<kw name="Get Json Value" library="RequestKeywords">
<doc>Get the target node of the JSON document `json_string` specified by `json_pointer`.</doc>
<arguments>
<arg>${result}</arg>
<arg>/code</arg>
</arguments>
<assign>
<var>${code}</var>
</assign>
<msg timestamp="20200919 10:37:27.272" level="INFO">${code} = 1100</msg>
<status status="PASS" starttime="20200919 10:37:27.271" endtime="20200919 10:37:27.272"></status>
</kw>
<kw name="Get Json Value" library="RequestKeywords">
<doc>Get the target node of the JSON document `json_string` specified by `json_pointer`.</doc>
<arguments>
<arg>${result}</arg>
<arg>/message</arg>
</arguments>
<assign>
<var>${message}</var>
</assign>
<msg timestamp="20200919 10:37:27.272" level="INFO">${message} = "成功"</msg>
<status status="PASS" starttime="20200919 10:37:27.272" endtime="20200919 10:37:27.272"></status>
</kw>
<kw name="Get Json Value" library="RequestKeywords">
<doc>Get the target node of the JSON document `json_string` specified by `json_pointer`.</doc>
<arguments>
<arg>${result}</arg>
<arg>/audioText</arg>
</arguments>
<assign>
<var>${audioText}</var>
</assign>
<msg timestamp="20200919 10:37:27.273" level="INFO">${audioText} = "亲爱的父母朋友，现在好欢迎来到这里观察，我身上有的工作室帮助父母们更好的教育孩子经过很多年的思考探索和实践我总结出的一套简单实用的教育方法，我把它叫做玉儿，九字真言设备观察这个微信号就是参展了普及育儿九字真言，这他教育方法的使命，除此之外，在这个微信号我们还将持续的为我们的父母分享，国内外各种前沿的教育理念和教育方法我们坚信只有父母终身成长，孩子才能活在未来当说人话就是只有父母好好学习，孩子才能...</msg>
<status status="PASS" starttime="20200919 10:37:27.272" endtime="20200919 10:37:27.273"></status>
</kw>
<kw name="Should Be Equal" library="BuiltIn">
<doc>Fails if the given objects are unequal.</doc>
<arguments>
<arg>${code}</arg>
<arg>1100</arg>
</arguments>
<status status="PASS" starttime="20200919 10:37:27.273" endtime="20200919 10:37:27.273"></status>
</kw>
<kw name="Should Be Equal" library="BuiltIn">
<doc>Fails if the given objects are unequal.</doc>
<arguments>
<arg>${message}</arg>
<arg>"成功"</arg>
</arguments>
<status status="PASS" starttime="20200919 10:37:27.273" endtime="20200919 10:37:27.274"></status>
</kw>
<doc>正确离线处理</doc>
<status status="PASS" starttime="20200919 10:35:27.244" endtime="20200919 10:37:27.274" critical="yes"></status>
</test>
<test id="s1-t3" name="accesskey-not-exist">
<kw name="Create Session" library="RequestsLibrary">
<doc>Create Session: create a HTTP session to a server</doc>
<arguments>
<arg>saas</arg>
<arg>${url}</arg>
</arguments>
<msg timestamp="20200919 10:37:27.275" level="INFO">Creating Session using : alias=saas, url=http://10.141.56.227:80, headers={},                     cookies={}, auth=None, timeout=None, proxies=None, verify=False,                     debug=0 </msg>
<status status="PASS" starttime="20200919 10:37:27.275" endtime="20200919 10:37:27.275"></status>
</kw>
<kw name="Get Current Date" library="DateTime">
<doc>Returns current local or UTC time with an optional increment.</doc>
<arguments>
<arg>result_format=epoch</arg>
</arguments>
<assign>
<var>${btid}</var>
</assign>
<msg timestamp="20200919 10:37:27.276" level="INFO">${btid} = 1600483047.275608</msg>
<status status="PASS" starttime="20200919 10:37:27.275" endtime="20200919 10:37:27.276"></status>
</kw>
<kw name="Set Variable" library="BuiltIn">
<doc>Returns the given values which can then be assigned to a variables.</doc>
<arguments>
<arg>{"accessKey":"TEST","type":"AD_POLITICAL_MOAN_EMOTION","btid":"${btid}","data":{"url":"http://static-1253442168.file.myqcloud.com/lecture_advance_audio/7062850_1529054831000.mp3"}}</arg>
</arguments>
<assign>
<var>${data}</var>
</assign>
<msg timestamp="20200919 10:37:27.276" level="INFO">${data} = {"accessKey":"TEST","type":"AD_POLITICAL_MOAN_EMOTION","btid":"1600483047.275608","data":{"url":"http://static-1253442168.file.myqcloud.com/lecture_advance_audio/7062850_1529054831000.mp3"}}</msg>
<status status="PASS" starttime="20200919 10:37:27.276" endtime="20200919 10:37:27.276"></status>
</kw>
<kw name="Post Request" library="RequestsLibrary">
<doc>Send a POST request on the session object found using the
given `alias`</doc>
<arguments>
<arg>saas</arg>
<arg>${uri1}</arg>
<arg>${data}</arg>
</arguments>
<assign>
<var>${response}</var>
</assign>
<msg timestamp="20200919 10:37:27.279" level="INFO">POST Request : url=http://10.141.56.227:80/v2/saas/anti_fraud/audio 
 path_url=/v2/saas/anti_fraud/audio 
 headers={'User-Agent': 'python-requests/2.24.0', 'Accept-Encoding': 'gzip, deflate', 'Accept': '*/*', 'Connection': 'keep-alive', 'Content-Length': '190'} 
 body=b'{"accessKey":"TEST","type":"AD_POLITICAL_MOAN_EMOTION","btid":"1600483047.275608","data":{"url":"http://static-1253442168.file.myqcloud.com/lecture_advance_audio/7062850_1529054831000.mp3"}}' 
 </msg>
<msg timestamp="20200919 10:37:27.279" level="INFO">POST Response : url=http://10.141.56.227:80/v2/saas/anti_fraud/audio 
 status=200, reason=OK 
 body={"code":9101,"message":"\u65e0\u6743\u9650\u64cd\u4f5c(invalid accesskey or service not avaliable)","requestId":"e511b4404f6e6eab78c947e5a62f9dce"} 
 </msg>
<msg timestamp="20200919 10:37:27.279" level="INFO">${response} = &lt;Response [200]&gt;</msg>
<status status="PASS" starttime="20200919 10:37:27.276" endtime="20200919 10:37:27.279"></status>
</kw>
<kw name="Log" library="BuiltIn">
<doc>Logs the given message with the given level.</doc>
<arguments>
<arg>${response.status_code}</arg>
</arguments>
<msg timestamp="20200919 10:37:27.280" level="INFO">200</msg>
<status status="PASS" starttime="20200919 10:37:27.280" endtime="20200919 10:37:27.280"></status>
</kw>
<kw name="Set Variable" library="BuiltIn">
<doc>Returns the given values which can then be assigned to a variables.</doc>
<arguments>
<arg>${response.content}</arg>
</arguments>
<assign>
<var>${result}</var>
</assign>
<msg timestamp="20200919 10:37:27.280" level="INFO">${result} = {"code":9101,"message":"\u65e0\u6743\u9650\u64cd\u4f5c(invalid accesskey or service not avaliable)","requestId":"e511b4404f6e6eab78c947e5a62f9dce"}</msg>
<status status="PASS" starttime="20200919 10:37:27.280" endtime="20200919 10:37:27.280"></status>
</kw>
<kw name="Log" library="BuiltIn">
<doc>Logs the given message with the given level.</doc>
<arguments>
<arg>${result}</arg>
</arguments>
<msg timestamp="20200919 10:37:27.281" level="INFO">{"code":9101,"message":"\u65e0\u6743\u9650\u64cd\u4f5c(invalid accesskey or service not avaliable)","requestId":"e511b4404f6e6eab78c947e5a62f9dce"}</msg>
<status status="PASS" starttime="20200919 10:37:27.281" endtime="20200919 10:37:27.281"></status>
</kw>
<kw name="Loads" library="json">
<doc>Deserialize ``s`` (a ``str``, ``bytes`` or ``bytearray`` instance
containing a JSON document) to a Python object.</doc>
<arguments>
<arg>${result}</arg>
</arguments>
<assign>
<var>${result}</var>
</assign>
<msg timestamp="20200919 10:37:27.281" level="INFO">${result} = {'code': 9101, 'message': '无权限操作(invalid accesskey or service not avaliable)', 'requestId': 'e511b4404f6e6eab78c947e5a62f9dce'}</msg>
<status status="PASS" starttime="20200919 10:37:27.281" endtime="20200919 10:37:27.281"></status>
</kw>
<kw name="Get Json Value" library="RequestKeywords">
<doc>Get the target node of the JSON document `json_string` specified by `json_pointer`.</doc>
<arguments>
<arg>${result}</arg>
<arg>/code</arg>
</arguments>
<assign>
<var>${code}</var>
</assign>
<msg timestamp="20200919 10:37:27.282" level="INFO">${code} = 9101</msg>
<status status="PASS" starttime="20200919 10:37:27.281" endtime="20200919 10:37:27.282"></status>
</kw>
<kw name="Get Json Value" library="RequestKeywords">
<doc>Get the target node of the JSON document `json_string` specified by `json_pointer`.</doc>
<arguments>
<arg>${result}</arg>
<arg>/message</arg>
</arguments>
<assign>
<var>${message}</var>
</assign>
<msg timestamp="20200919 10:37:27.282" level="INFO">${message} = "无权限操作(invalid accesskey or service not avaliable)"</msg>
<status status="PASS" starttime="20200919 10:37:27.282" endtime="20200919 10:37:27.282"></status>
</kw>
<kw name="Should Be Equal" library="BuiltIn">
<doc>Fails if the given objects are unequal.</doc>
<arguments>
<arg>${code}</arg>
<arg>9101</arg>
</arguments>
<status status="PASS" starttime="20200919 10:37:27.283" endtime="20200919 10:37:27.283"></status>
</kw>
<kw name="Should Be Equal" library="BuiltIn">
<doc>Fails if the given objects are unequal.</doc>
<arguments>
<arg>${message}</arg>
<arg>"无权限操作(invalid accesskey or service not avaliable)"</arg>
</arguments>
<status status="PASS" starttime="20200919 10:37:27.283" endtime="20200919 10:37:27.283"></status>
</kw>
<doc>不存在accesskey</doc>
<status status="PASS" starttime="20200919 10:37:27.274" endtime="20200919 10:37:27.284" critical="yes"></status>
</test>
<test id="s1-t4" name="accesskey-null">
<kw name="Create Session" library="RequestsLibrary">
<doc>Create Session: create a HTTP session to a server</doc>
<arguments>
<arg>saas</arg>
<arg>${url}</arg>
</arguments>
<msg timestamp="20200919 10:37:27.285" level="INFO">Creating Session using : alias=saas, url=http://10.141.56.227:80, headers={},                     cookies={}, auth=None, timeout=None, proxies=None, verify=False,                     debug=0 </msg>
<status status="PASS" starttime="20200919 10:37:27.285" endtime="20200919 10:37:27.285"></status>
</kw>
<kw name="Get Current Date" library="DateTime">
<doc>Returns current local or UTC time with an optional increment.</doc>
<arguments>
<arg>result_format=epoch</arg>
</arguments>
<assign>
<var>${btid}</var>
</assign>
<msg timestamp="20200919 10:37:27.286" level="INFO">${btid} = 1600483047.285594</msg>
<status status="PASS" starttime="20200919 10:37:27.285" endtime="20200919 10:37:27.286"></status>
</kw>
<kw name="Set Variable" library="BuiltIn">
<doc>Returns the given values which can then be assigned to a variables.</doc>
<arguments>
<arg>{"accessKey":"","btid":"${btid}"}</arg>
</arguments>
<assign>
<var>${data}</var>
</assign>
<msg timestamp="20200919 10:37:27.286" level="INFO">${data} = {"accessKey":"","btid":"1600483047.285594"}</msg>
<status status="PASS" starttime="20200919 10:37:27.286" endtime="20200919 10:37:27.286"></status>
</kw>
<kw name="Post Request" library="RequestsLibrary">
<doc>Send a POST request on the session object found using the
given `alias`</doc>
<arguments>
<arg>saas</arg>
<arg>${uri2}</arg>
<arg>${data}</arg>
</arguments>
<assign>
<var>${response}</var>
</assign>
<msg timestamp="20200919 10:37:27.289" level="INFO">POST Request : url=http://10.141.56.227:80/v2/saas/anti_fraud/query_audio 
 path_url=/v2/saas/anti_fraud/query_audio 
 headers={'User-Agent': 'python-requests/2.24.0', 'Accept-Encoding': 'gzip, deflate', 'Accept': '*/*', 'Connection': 'keep-alive', 'Content-Length': '43'} 
 body=b'{"accessKey":"","btid":"1600483047.285594"}' 
 </msg>
<msg timestamp="20200919 10:37:27.289" level="INFO">POST Response : url=http://10.141.56.227:80/v2/saas/anti_fraud/query_audio 
 status=200, reason=OK 
 body={"code":9101,"message":"\u65e0\u6743\u9650\u64cd\u4f5c(invalid accesskey or service not avaliable)","requestId":"a89a810b552e1743c7281a3f65ee780d"} 
 </msg>
<msg timestamp="20200919 10:37:27.289" level="INFO">${response} = &lt;Response [200]&gt;</msg>
<status status="PASS" starttime="20200919 10:37:27.286" endtime="20200919 10:37:27.290"></status>
</kw>
<kw name="Log" library="BuiltIn">
<doc>Logs the given message with the given level.</doc>
<arguments>
<arg>${response.status_code}</arg>
</arguments>
<msg timestamp="20200919 10:37:27.290" level="INFO">200</msg>
<status status="PASS" starttime="20200919 10:37:27.290" endtime="20200919 10:37:27.290"></status>
</kw>
<kw name="Set Variable" library="BuiltIn">
<doc>Returns the given values which can then be assigned to a variables.</doc>
<arguments>
<arg>${response.content}</arg>
</arguments>
<assign>
<var>${result}</var>
</assign>
<msg timestamp="20200919 10:37:27.291" level="INFO">${result} = {"code":9101,"message":"\u65e0\u6743\u9650\u64cd\u4f5c(invalid accesskey or service not avaliable)","requestId":"a89a810b552e1743c7281a3f65ee780d"}</msg>
<status status="PASS" starttime="20200919 10:37:27.290" endtime="20200919 10:37:27.291"></status>
</kw>
<kw name="Log" library="BuiltIn">
<doc>Logs the given message with the given level.</doc>
<arguments>
<arg>${result}</arg>
</arguments>
<msg timestamp="20200919 10:37:27.291" level="INFO">{"code":9101,"message":"\u65e0\u6743\u9650\u64cd\u4f5c(invalid accesskey or service not avaliable)","requestId":"a89a810b552e1743c7281a3f65ee780d"}</msg>
<status status="PASS" starttime="20200919 10:37:27.291" endtime="20200919 10:37:27.291"></status>
</kw>
<kw name="Loads" library="json">
<doc>Deserialize ``s`` (a ``str``, ``bytes`` or ``bytearray`` instance
containing a JSON document) to a Python object.</doc>
<arguments>
<arg>${result}</arg>
</arguments>
<assign>
<var>${result}</var>
</assign>
<msg timestamp="20200919 10:37:27.291" level="INFO">${result} = {'code': 9101, 'message': '无权限操作(invalid accesskey or service not avaliable)', 'requestId': 'a89a810b552e1743c7281a3f65ee780d'}</msg>
<status status="PASS" starttime="20200919 10:37:27.291" endtime="20200919 10:37:27.291"></status>
</kw>
<kw name="Get Json Value" library="RequestKeywords">
<doc>Get the target node of the JSON document `json_string` specified by `json_pointer`.</doc>
<arguments>
<arg>${result}</arg>
<arg>/code</arg>
</arguments>
<assign>
<var>${code}</var>
</assign>
<msg timestamp="20200919 10:37:27.292" level="INFO">${code} = 9101</msg>
<status status="PASS" starttime="20200919 10:37:27.292" endtime="20200919 10:37:27.292"></status>
</kw>
<kw name="Get Json Value" library="RequestKeywords">
<doc>Get the target node of the JSON document `json_string` specified by `json_pointer`.</doc>
<arguments>
<arg>${result}</arg>
<arg>/message</arg>
</arguments>
<assign>
<var>${message}</var>
</assign>
<msg timestamp="20200919 10:37:27.292" level="INFO">${message} = "无权限操作(invalid accesskey or service not avaliable)"</msg>
<status status="PASS" starttime="20200919 10:37:27.292" endtime="20200919 10:37:27.292"></status>
</kw>
<kw name="Should Be Equal" library="BuiltIn">
<doc>Fails if the given objects are unequal.</doc>
<arguments>
<arg>${code}</arg>
<arg>9101</arg>
</arguments>
<status status="PASS" starttime="20200919 10:37:27.293" endtime="20200919 10:37:27.293"></status>
</kw>
<kw name="Should Be Equal" library="BuiltIn">
<doc>Fails if the given objects are unequal.</doc>
<arguments>
<arg>${message}</arg>
<arg>"无权限操作(invalid accesskey or service not avaliable)"</arg>
</arguments>
<status status="PASS" starttime="20200919 10:37:27.293" endtime="20200919 10:37:27.293"></status>
</kw>
<doc>查询接口accesskey为空</doc>
<status status="PASS" starttime="20200919 10:37:27.284" endtime="20200919 10:37:27.294" critical="yes"></status>
</test>
<test id="s1-t5" name="accesskey-miss">
<kw name="Create Session" library="RequestsLibrary">
<doc>Create Session: create a HTTP session to a server</doc>
<arguments>
<arg>saas</arg>
<arg>${url}</arg>
</arguments>
<msg timestamp="20200919 10:37:27.295" level="INFO">Creating Session using : alias=saas, url=http://10.141.56.227:80, headers={},                     cookies={}, auth=None, timeout=None, proxies=None, verify=False,                     debug=0 </msg>
<status status="PASS" starttime="20200919 10:37:27.295" endtime="20200919 10:37:27.295"></status>
</kw>
<kw name="Get Current Date" library="DateTime">
<doc>Returns current local or UTC time with an optional increment.</doc>
<arguments>
<arg>result_format=epoch</arg>
</arguments>
<assign>
<var>${btid}</var>
</assign>
<msg timestamp="20200919 10:37:27.296" level="INFO">${btid} = 1600483047.295428</msg>
<status status="PASS" starttime="20200919 10:37:27.295" endtime="20200919 10:37:27.296"></status>
</kw>
<kw name="Set Variable" library="BuiltIn">
<doc>Returns the given values which can then be assigned to a variables.</doc>
<arguments>
<arg>{"btid":"${btid}"}</arg>
</arguments>
<assign>
<var>${data}</var>
</assign>
<msg timestamp="20200919 10:37:27.296" level="INFO">${data} = {"btid":"1600483047.295428"}</msg>
<status status="PASS" starttime="20200919 10:37:27.296" endtime="20200919 10:37:27.296"></status>
</kw>
<kw name="Post Request" library="RequestsLibrary">
<doc>Send a POST request on the session object found using the
given `alias`</doc>
<arguments>
<arg>saas</arg>
<arg>${uri2}</arg>
<arg>${data}</arg>
</arguments>
<assign>
<var>${response}</var>
</assign>
<msg timestamp="20200919 10:37:27.299" level="INFO">POST Request : url=http://10.141.56.227:80/v2/saas/anti_fraud/query_audio 
 path_url=/v2/saas/anti_fraud/query_audio 
 headers={'User-Agent': 'python-requests/2.24.0', 'Accept-Encoding': 'gzip, deflate', 'Accept': '*/*', 'Connection': 'keep-alive', 'Content-Length': '28'} 
 body=b'{"btid":"1600483047.295428"}' 
 </msg>
<msg timestamp="20200919 10:37:27.299" level="INFO">POST Response : url=http://10.141.56.227:80/v2/saas/anti_fraud/query_audio 
 status=200, reason=OK 
 body={"code":9101,"message":"\u65e0\u6743\u9650\u64cd\u4f5c(invalid accesskey or service not avaliable)","requestId":"6720d94a03288aecca69179d269b87b6"} 
 </msg>
<msg timestamp="20200919 10:37:27.299" level="INFO">${response} = &lt;Response [200]&gt;</msg>
<status status="PASS" starttime="20200919 10:37:27.296" endtime="20200919 10:37:27.299"></status>
</kw>
<kw name="Log" library="BuiltIn">
<doc>Logs the given message with the given level.</doc>
<arguments>
<arg>${response.status_code}</arg>
</arguments>
<msg timestamp="20200919 10:37:27.300" level="INFO">200</msg>
<status status="PASS" starttime="20200919 10:37:27.299" endtime="20200919 10:37:27.300"></status>
</kw>
<kw name="Set Variable" library="BuiltIn">
<doc>Returns the given values which can then be assigned to a variables.</doc>
<arguments>
<arg>${response.content}</arg>
</arguments>
<assign>
<var>${result}</var>
</assign>
<msg timestamp="20200919 10:37:27.300" level="INFO">${result} = {"code":9101,"message":"\u65e0\u6743\u9650\u64cd\u4f5c(invalid accesskey or service not avaliable)","requestId":"6720d94a03288aecca69179d269b87b6"}</msg>
<status status="PASS" starttime="20200919 10:37:27.300" endtime="20200919 10:37:27.300"></status>
</kw>
<kw name="Log" library="BuiltIn">
<doc>Logs the given message with the given level.</doc>
<arguments>
<arg>${result}</arg>
</arguments>
<msg timestamp="20200919 10:37:27.301" level="INFO">{"code":9101,"message":"\u65e0\u6743\u9650\u64cd\u4f5c(invalid accesskey or service not avaliable)","requestId":"6720d94a03288aecca69179d269b87b6"}</msg>
<status status="PASS" starttime="20200919 10:37:27.300" endtime="20200919 10:37:27.301"></status>
</kw>
<kw name="Loads" library="json">
<doc>Deserialize ``s`` (a ``str``, ``bytes`` or ``bytearray`` instance
containing a JSON document) to a Python object.</doc>
<arguments>
<arg>${result}</arg>
</arguments>
<assign>
<var>${result}</var>
</assign>
<msg timestamp="20200919 10:37:27.301" level="INFO">${result} = {'code': 9101, 'message': '无权限操作(invalid accesskey or service not avaliable)', 'requestId': '6720d94a03288aecca69179d269b87b6'}</msg>
<status status="PASS" starttime="20200919 10:37:27.301" endtime="20200919 10:37:27.301"></status>
</kw>
<kw name="Get Json Value" library="RequestKeywords">
<doc>Get the target node of the JSON document `json_string` specified by `json_pointer`.</doc>
<arguments>
<arg>${result}</arg>
<arg>/code</arg>
</arguments>
<assign>
<var>${code}</var>
</assign>
<msg timestamp="20200919 10:37:27.302" level="INFO">${code} = 9101</msg>
<status status="PASS" starttime="20200919 10:37:27.301" endtime="20200919 10:37:27.302"></status>
</kw>
<kw name="Get Json Value" library="RequestKeywords">
<doc>Get the target node of the JSON document `json_string` specified by `json_pointer`.</doc>
<arguments>
<arg>${result}</arg>
<arg>/message</arg>
</arguments>
<assign>
<var>${message}</var>
</assign>
<msg timestamp="20200919 10:37:27.302" level="INFO">${message} = "无权限操作(invalid accesskey or service not avaliable)"</msg>
<status status="PASS" starttime="20200919 10:37:27.302" endtime="20200919 10:37:27.302"></status>
</kw>
<kw name="Should Be Equal" library="BuiltIn">
<doc>Fails if the given objects are unequal.</doc>
<arguments>
<arg>${code}</arg>
<arg>9101</arg>
</arguments>
<status status="PASS" starttime="20200919 10:37:27.302" endtime="20200919 10:37:27.303"></status>
</kw>
<kw name="Should Be Equal" library="BuiltIn">
<doc>Fails if the given objects are unequal.</doc>
<arguments>
<arg>${message}</arg>
<arg>"无权限操作(invalid accesskey or service not avaliable)"</arg>
</arguments>
<status status="PASS" starttime="20200919 10:37:27.303" endtime="20200919 10:37:27.303"></status>
</kw>
<doc>查询接口没有accesskey</doc>
<status status="PASS" starttime="20200919 10:37:27.294" endtime="20200919 10:37:27.303" critical="yes"></status>
</test>
<test id="s1-t6" name="type-all">
<kw name="Create Session" library="RequestsLibrary">
<doc>Create Session: create a HTTP session to a server</doc>
<arguments>
<arg>saas</arg>
<arg>${url}</arg>
</arguments>
<msg timestamp="20200919 10:37:27.305" level="INFO">Creating Session using : alias=saas, url=http://10.141.56.227:80, headers={},                     cookies={}, auth=None, timeout=None, proxies=None, verify=False,                     debug=0 </msg>
<status status="PASS" starttime="20200919 10:37:27.305" endtime="20200919 10:37:27.305"></status>
</kw>
<kw name="Get Current Date" library="DateTime">
<doc>Returns current local or UTC time with an optional increment.</doc>
<arguments>
<arg>result_format=epoch</arg>
</arguments>
<assign>
<var>${btid}</var>
</assign>
<msg timestamp="20200919 10:37:27.306" level="INFO">${btid} = 1600483047.305587</msg>
<status status="PASS" starttime="20200919 10:37:27.305" endtime="20200919 10:37:27.306"></status>
</kw>
<kw name="Set Variable" library="BuiltIn">
<doc>Returns the given values which can then be assigned to a variables.</doc>
<arguments>
<arg>PORN_AD_POLITICAL_MOAN_EMOTION_GENDER_SCENE_TIMBRE_ABUSE_LANGUAGE_SING</arg>
</arguments>
<assign>
<var>${type}</var>
</assign>
<msg timestamp="20200919 10:37:27.306" level="INFO">${type} = PORN_AD_POLITICAL_MOAN_EMOTION_GENDER_SCENE_TIMBRE_ABUSE_LANGUAGE_SING</msg>
<status status="PASS" starttime="20200919 10:37:27.306" endtime="20200919 10:37:27.306"></status>
</kw>
<kw name="Set Variable" library="BuiltIn">
<doc>Returns the given values which can then be assigned to a variables.</doc>
<arguments>
<arg>{"accessKey":"${accesskey}","type":"${type}","btid":"${btid}","data":{"url":"http://static-1253442168.file.myqcloud.com/lecture_advance_audio/7062850_1529054831000.mp3"}}</arg>
</arguments>
<assign>
<var>${data}</var>
</assign>
<msg timestamp="20200919 10:37:27.307" level="INFO">${data} = {"accessKey":"4Ky6AV4hE0pWLeG1bXNw","type":"PORN_AD_POLITICAL_MOAN_EMOTION_GENDER_SCENE_TIMBRE_ABUSE_LANGUAGE_SING","btid":"1600483047.305587","data":{"url":"http://static-1253442168.file.myqcloud.com...</msg>
<status status="PASS" starttime="20200919 10:37:27.306" endtime="20200919 10:37:27.307"></status>
</kw>
<kw name="Post Request" library="RequestsLibrary">
<doc>Send a POST request on the session object found using the
given `alias`</doc>
<arguments>
<arg>saas</arg>
<arg>${uri1}</arg>
<arg>${data}</arg>
</arguments>
<assign>
<var>${response}</var>
</assign>
<msg timestamp="20200919 10:37:27.316" level="INFO">POST Request : url=http://10.141.56.227:80/v2/saas/anti_fraud/audio 
 path_url=/v2/saas/anti_fraud/audio 
 headers={'User-Agent': 'python-requests/2.24.0', 'Accept-Encoding': 'gzip, deflate', 'Accept': '*/*', 'Connection': 'keep-alive', 'Content-Length': '251'} 
 body=b'{"accessKey":"4Ky6AV4hE0pWLeG1bXNw","type":"PORN_AD_POLITICAL_MOAN_EMOTION_GENDER_SCENE_TIMBRE_ABUSE_LANGUAGE_SING","btid":"1600483047.305587","data":{"url":"http://static-1253442168.file.myqcloud.com/lecture_advance_audio/7062850_1529054831000.mp3"}}' 
 </msg>
<msg timestamp="20200919 10:37:27.316" level="INFO">POST Response : url=http://10.141.56.227:80/v2/saas/anti_fraud/audio 
 status=200, reason=OK 
 body={"code":1100,"message":"\u6210\u529f","requestId":"6c93894b22bcb734a7f934c2aff885d0","btId":"1600483047.305587"} 
 </msg>
<msg timestamp="20200919 10:37:27.316" level="INFO">${response} = &lt;Response [200]&gt;</msg>
<status status="PASS" starttime="20200919 10:37:27.307" endtime="20200919 10:37:27.316"></status>
</kw>
<kw name="Log" library="BuiltIn">
<doc>Logs the given message with the given level.</doc>
<arguments>
<arg>${response.status_code}</arg>
</arguments>
<msg timestamp="20200919 10:37:27.317" level="INFO">200</msg>
<status status="PASS" starttime="20200919 10:37:27.316" endtime="20200919 10:37:27.317"></status>
</kw>
<kw name="Set Variable" library="BuiltIn">
<doc>Returns the given values which can then be assigned to a variables.</doc>
<arguments>
<arg>${response.content}</arg>
</arguments>
<assign>
<var>${result}</var>
</assign>
<msg timestamp="20200919 10:37:27.317" level="INFO">${result} = {"code":1100,"message":"\u6210\u529f","requestId":"6c93894b22bcb734a7f934c2aff885d0","btId":"1600483047.305587"}</msg>
<status status="PASS" starttime="20200919 10:37:27.317" endtime="20200919 10:37:27.317"></status>
</kw>
<kw name="Loads" library="json">
<doc>Deserialize ``s`` (a ``str``, ``bytes`` or ``bytearray`` instance
containing a JSON document) to a Python object.</doc>
<arguments>
<arg>${result}</arg>
</arguments>
<assign>
<var>${result}</var>
</assign>
<msg timestamp="20200919 10:37:27.318" level="INFO">${result} = {'code': 1100, 'message': '成功', 'requestId': '6c93894b22bcb734a7f934c2aff885d0', 'btId': '1600483047.305587'}</msg>
<status status="PASS" starttime="20200919 10:37:27.317" endtime="20200919 10:37:27.318"></status>
</kw>
<kw name="Log" library="BuiltIn">
<doc>Logs the given message with the given level.</doc>
<arguments>
<arg>${result}</arg>
</arguments>
<msg timestamp="20200919 10:37:27.318" level="INFO">{'code': 1100, 'message': '成功', 'requestId': '6c93894b22bcb734a7f934c2aff885d0', 'btId': '1600483047.305587'}</msg>
<status status="PASS" starttime="20200919 10:37:27.318" endtime="20200919 10:37:27.318"></status>
</kw>
<kw name="Get Json Value" library="RequestKeywords">
<doc>Get the target node of the JSON document `json_string` specified by `json_pointer`.</doc>
<arguments>
<arg>${result}</arg>
<arg>/code</arg>
</arguments>
<assign>
<var>${code}</var>
</assign>
<msg timestamp="20200919 10:37:27.319" level="INFO">${code} = 1100</msg>
<status status="PASS" starttime="20200919 10:37:27.318" endtime="20200919 10:37:27.319"></status>
</kw>
<kw name="Get Json Value" library="RequestKeywords">
<doc>Get the target node of the JSON document `json_string` specified by `json_pointer`.</doc>
<arguments>
<arg>${result}</arg>
<arg>/message</arg>
</arguments>
<assign>
<var>${message}</var>
</assign>
<msg timestamp="20200919 10:37:27.319" level="INFO">${message} = "成功"</msg>
<status status="PASS" starttime="20200919 10:37:27.319" endtime="20200919 10:37:27.319"></status>
</kw>
<kw name="Should Be Equal" library="BuiltIn">
<doc>Fails if the given objects are unequal.</doc>
<arguments>
<arg>${code}</arg>
<arg>1100</arg>
</arguments>
<status status="PASS" starttime="20200919 10:37:27.319" endtime="20200919 10:37:27.320"></status>
</kw>
<kw name="Should Be Equal" library="BuiltIn">
<doc>Fails if the given objects are unequal.</doc>
<arguments>
<arg>${message}</arg>
<arg>"成功"</arg>
</arguments>
<status status="PASS" starttime="20200919 10:37:27.320" endtime="20200919 10:37:27.320"></status>
</kw>
<doc>所有必填参数和addtion选填参数，addition传入EMOTION参数</doc>
<status status="PASS" starttime="20200919 10:37:27.303" endtime="20200919 10:37:27.320" critical="yes"></status>
</test>
<test id="s1-t7" name="typ-LANGUAGE">
<kw name="Create Session" library="RequestsLibrary">
<doc>Create Session: create a HTTP session to a server</doc>
<arguments>
<arg>saas</arg>
<arg>${url}</arg>
</arguments>
<msg timestamp="20200919 10:37:27.323" level="INFO">Creating Session using : alias=saas, url=http://10.141.56.227:80, headers={},                     cookies={}, auth=None, timeout=None, proxies=None, verify=False,                     debug=0 </msg>
<status status="PASS" starttime="20200919 10:37:27.323" endtime="20200919 10:37:27.323"></status>
</kw>
<kw name="Get Current Date" library="DateTime">
<doc>Returns current local or UTC time with an optional increment.</doc>
<arguments>
<arg>result_format=epoch</arg>
</arguments>
<assign>
<var>${btid}</var>
</assign>
<msg timestamp="20200919 10:37:27.324" level="INFO">${btid} = 1600483047.324109</msg>
<status status="PASS" starttime="20200919 10:37:27.324" endtime="20200919 10:37:27.324"></status>
</kw>
<kw name="Set Variable" library="BuiltIn">
<doc>Returns the given values which can then be assigned to a variables.</doc>
<arguments>
<arg>LANGUAGE</arg>
</arguments>
<assign>
<var>${type}</var>
</assign>
<msg timestamp="20200919 10:37:27.325" level="INFO">${type} = LANGUAGE</msg>
<status status="PASS" starttime="20200919 10:37:27.325" endtime="20200919 10:37:27.325"></status>
</kw>
<kw name="Set Variable" library="BuiltIn">
<doc>Returns the given values which can then be assigned to a variables.</doc>
<arguments>
<arg>{"accessKey":"${accesskey}","type":"${type}","btid":"${btid}","data":{"url":"http://static-1253442168.file.myqcloud.com/lecture_advance_audio/7062850_1529054831000.mp3"}}</arg>
</arguments>
<assign>
<var>${data}</var>
</assign>
<msg timestamp="20200919 10:37:27.326" level="INFO">${data} = {"accessKey":"4Ky6AV4hE0pWLeG1bXNw","type":"LANGUAGE","btid":"1600483047.324109","data":{"url":"http://static-1253442168.file.myqcloud.com/lecture_advance_audio/7062850_1529054831000.mp3"}}</msg>
<status status="PASS" starttime="20200919 10:37:27.325" endtime="20200919 10:37:27.326"></status>
</kw>
<kw name="Post Request" library="RequestsLibrary">
<doc>Send a POST request on the session object found using the
given `alias`</doc>
<arguments>
<arg>saas</arg>
<arg>${uri1}</arg>
<arg>${data}</arg>
</arguments>
<assign>
<var>${response}</var>
</assign>
<msg timestamp="20200919 10:37:27.335" level="INFO">POST Request : url=http://10.141.56.227:80/v2/saas/anti_fraud/audio 
 path_url=/v2/saas/anti_fraud/audio 
 headers={'User-Agent': 'python-requests/2.24.0', 'Accept-Encoding': 'gzip, deflate', 'Accept': '*/*', 'Connection': 'keep-alive', 'Content-Length': '189'} 
 body=b'{"accessKey":"4Ky6AV4hE0pWLeG1bXNw","type":"LANGUAGE","btid":"1600483047.324109","data":{"url":"http://static-1253442168.file.myqcloud.com/lecture_advance_audio/7062850_1529054831000.mp3"}}' 
 </msg>
<msg timestamp="20200919 10:37:27.335" level="INFO">POST Response : url=http://10.141.56.227:80/v2/saas/anti_fraud/audio 
 status=200, reason=OK 
 body={"code":1100,"message":"\u6210\u529f","requestId":"bacbb6c3c0c05c59d0906bf2dca326af","btId":"1600483047.324109"} 
 </msg>
<msg timestamp="20200919 10:37:27.336" level="INFO">${response} = &lt;Response [200]&gt;</msg>
<status status="PASS" starttime="20200919 10:37:27.326" endtime="20200919 10:37:27.336"></status>
</kw>
<kw name="Log" library="BuiltIn">
<doc>Logs the given message with the given level.</doc>
<arguments>
<arg>${response.status_code}</arg>
</arguments>
<msg timestamp="20200919 10:37:27.336" level="INFO">200</msg>
<status status="PASS" starttime="20200919 10:37:27.336" endtime="20200919 10:37:27.336"></status>
</kw>
<kw name="Set Variable" library="BuiltIn">
<doc>Returns the given values which can then be assigned to a variables.</doc>
<arguments>
<arg>${response.content}</arg>
</arguments>
<assign>
<var>${result}</var>
</assign>
<msg timestamp="20200919 10:37:27.337" level="INFO">${result} = {"code":1100,"message":"\u6210\u529f","requestId":"bacbb6c3c0c05c59d0906bf2dca326af","btId":"1600483047.324109"}</msg>
<status status="PASS" starttime="20200919 10:37:27.336" endtime="20200919 10:37:27.337"></status>
</kw>
<kw name="Log" library="BuiltIn">
<doc>Logs the given message with the given level.</doc>
<arguments>
<arg>${result}</arg>
</arguments>
<msg timestamp="20200919 10:37:27.337" level="INFO">{"code":1100,"message":"\u6210\u529f","requestId":"bacbb6c3c0c05c59d0906bf2dca326af","btId":"1600483047.324109"}</msg>
<status status="PASS" starttime="20200919 10:37:27.337" endtime="20200919 10:37:27.337"></status>
</kw>
<kw name="Loads" library="json">
<doc>Deserialize ``s`` (a ``str``, ``bytes`` or ``bytearray`` instance
containing a JSON document) to a Python object.</doc>
<arguments>
<arg>${result}</arg>
</arguments>
<assign>
<var>${result}</var>
</assign>
<msg timestamp="20200919 10:37:27.338" level="INFO">${result} = {'code': 1100, 'message': '成功', 'requestId': 'bacbb6c3c0c05c59d0906bf2dca326af', 'btId': '1600483047.324109'}</msg>
<status status="PASS" starttime="20200919 10:37:27.337" endtime="20200919 10:37:27.338"></status>
</kw>
<kw name="Get Json Value" library="RequestKeywords">
<doc>Get the target node of the JSON document `json_string` specified by `json_pointer`.</doc>
<arguments>
<arg>${result}</arg>
<arg>/code</arg>
</arguments>
<assign>
<var>${code}</var>
</assign>
<msg timestamp="20200919 10:37:27.339" level="INFO">${code} = 1100</msg>
<status status="PASS" starttime="20200919 10:37:27.338" endtime="20200919 10:37:27.339"></status>
</kw>
<kw name="Get Json Value" library="RequestKeywords">
<doc>Get the target node of the JSON document `json_string` specified by `json_pointer`.</doc>
<arguments>
<arg>${result}</arg>
<arg>/message</arg>
</arguments>
<assign>
<var>${message}</var>
</assign>
<msg timestamp="20200919 10:37:27.339" level="INFO">${message} = "成功"</msg>
<status status="PASS" starttime="20200919 10:37:27.339" endtime="20200919 10:37:27.340"></status>
</kw>
<kw name="Should Be Equal" library="BuiltIn">
<doc>Fails if the given objects are unequal.</doc>
<arguments>
<arg>${code}</arg>
<arg>1100</arg>
</arguments>
<status status="PASS" starttime="20200919 10:37:27.340" endtime="20200919 10:37:27.340"></status>
</kw>
<kw name="Should Be Equal" library="BuiltIn">
<doc>Fails if the given objects are unequal.</doc>
<arguments>
<arg>${message}</arg>
<arg>"成功"</arg>
</arguments>
<status status="PASS" starttime="20200919 10:37:27.341" endtime="20200919 10:37:27.341"></status>
</kw>
<doc>接口所有必填参数使用合法值，提交音频后，立即调用查询接口，返回1101正在处理中code码</doc>
<status status="PASS" starttime="20200919 10:37:27.321" endtime="20200919 10:37:27.341" critical="yes"></status>
</test>
<test id="s1-t8" name="type-SING">
<kw name="Create Session" library="RequestsLibrary">
<doc>Create Session: create a HTTP session to a server</doc>
<arguments>
<arg>saas</arg>
<arg>${url}</arg>
</arguments>
<msg timestamp="20200919 10:37:27.343" level="INFO">Creating Session using : alias=saas, url=http://10.141.56.227:80, headers={},                     cookies={}, auth=None, timeout=None, proxies=None, verify=False,                     debug=0 </msg>
<status status="PASS" starttime="20200919 10:37:27.343" endtime="20200919 10:37:27.343"></status>
</kw>
<kw name="Get Current Date" library="DateTime">
<doc>Returns current local or UTC time with an optional increment.</doc>
<arguments>
<arg>result_format=epoch</arg>
</arguments>
<assign>
<var>${btid}</var>
</assign>
<msg timestamp="20200919 10:37:27.344" level="INFO">${btid} = 1600483047.343464</msg>
<status status="PASS" starttime="20200919 10:37:27.343" endtime="20200919 10:37:27.344"></status>
</kw>
<kw name="Set Variable" library="BuiltIn">
<doc>Returns the given values which can then be assigned to a variables.</doc>
<arguments>
<arg>SING</arg>
</arguments>
<assign>
<var>${type}</var>
</assign>
<msg timestamp="20200919 10:37:27.344" level="INFO">${type} = SING</msg>
<status status="PASS" starttime="20200919 10:37:27.344" endtime="20200919 10:37:27.344"></status>
</kw>
<kw name="Set Variable" library="BuiltIn">
<doc>Returns the given values which can then be assigned to a variables.</doc>
<arguments>
<arg>{"accessKey":"${accesskey}","type":"${type}","btid":"${btid}","appId":"default","data":{"audioName":"可选值","ip":"10.0.23.32","channel":"AUDIO","tokenId":"toekn123","url":"http://static-1253442168.file.myqcloud.com/lecture_advance_audio/7062850_1529054831000.mp3"}}</arg>
</arguments>
<assign>
<var>${data}</var>
</assign>
<msg timestamp="20200919 10:37:27.345" level="INFO">${data} = {"accessKey":"4Ky6AV4hE0pWLeG1bXNw","type":"SING","btid":"1600483047.343464","appId":"default","data":{"audioName":"可选值","ip":"10.0.23.32","channel":"AUDIO","tokenId":"toekn123","url":"http://static-1...</msg>
<status status="PASS" starttime="20200919 10:37:27.344" endtime="20200919 10:37:27.345"></status>
</kw>
<kw name="Post Request" library="RequestsLibrary">
<doc>Send a POST request on the session object found using the
given `alias`</doc>
<arguments>
<arg>saas</arg>
<arg>${uri1}</arg>
<arg>${data}</arg>
</arguments>
<assign>
<var>${response}</var>
</assign>
<msg timestamp="20200919 10:37:27.357" level="INFO">POST Request : url=http://10.141.56.227:80/v2/saas/anti_fraud/audio 
 path_url=/v2/saas/anti_fraud/audio 
 headers={'User-Agent': 'python-requests/2.24.0', 'Accept-Encoding': 'gzip, deflate', 'Accept': '*/*', 'Connection': 'keep-alive', 'Content-Length': '284'} 
 body=b'{"accessKey":"4Ky6AV4hE0pWLeG1bXNw","type":"SING","btid":"1600483047.343464","appId":"default","data":{"audioName":"\xe5\x8f\xaf\xe9\x80\x89\xe5\x80\xbc","ip":"10.0.23.32","channel":"AUDIO","tokenId":"toekn123","url":"http://static-1253442168.file.myqcloud.com/lecture_advance_audio/7062850_1529054831000.mp3"}}' 
 </msg>
<msg timestamp="20200919 10:37:27.357" level="INFO">POST Response : url=http://10.141.56.227:80/v2/saas/anti_fraud/audio 
 status=200, reason=OK 
 body={"code":1100,"message":"\u6210\u529f","requestId":"8f01d1765df01239570fc4a76c4b29ea","btId":"1600483047.343464"} 
 </msg>
<msg timestamp="20200919 10:37:27.357" level="INFO">${response} = &lt;Response [200]&gt;</msg>
<status status="PASS" starttime="20200919 10:37:27.345" endtime="20200919 10:37:27.357"></status>
</kw>
<kw name="Log" library="BuiltIn">
<doc>Logs the given message with the given level.</doc>
<arguments>
<arg>${response.status_code}</arg>
</arguments>
<msg timestamp="20200919 10:37:27.358" level="INFO">200</msg>
<status status="PASS" starttime="20200919 10:37:27.357" endtime="20200919 10:37:27.358"></status>
</kw>
<kw name="Set Variable" library="BuiltIn">
<doc>Returns the given values which can then be assigned to a variables.</doc>
<arguments>
<arg>${response.content}</arg>
</arguments>
<assign>
<var>${result}</var>
</assign>
<msg timestamp="20200919 10:37:27.358" level="INFO">${result} = {"code":1100,"message":"\u6210\u529f","requestId":"8f01d1765df01239570fc4a76c4b29ea","btId":"1600483047.343464"}</msg>
<status status="PASS" starttime="20200919 10:37:27.358" endtime="20200919 10:37:27.358"></status>
</kw>
<kw name="Log" library="BuiltIn">
<doc>Logs the given message with the given level.</doc>
<arguments>
<arg>${result}</arg>
</arguments>
<msg timestamp="20200919 10:37:27.359" level="INFO">{"code":1100,"message":"\u6210\u529f","requestId":"8f01d1765df01239570fc4a76c4b29ea","btId":"1600483047.343464"}</msg>
<status status="PASS" starttime="20200919 10:37:27.359" endtime="20200919 10:37:27.359"></status>
</kw>
<kw name="Loads" library="json">
<doc>Deserialize ``s`` (a ``str``, ``bytes`` or ``bytearray`` instance
containing a JSON document) to a Python object.</doc>
<arguments>
<arg>${result}</arg>
</arguments>
<assign>
<var>${result}</var>
</assign>
<msg timestamp="20200919 10:37:27.359" level="INFO">${result} = {'code': 1100, 'message': '成功', 'requestId': '8f01d1765df01239570fc4a76c4b29ea', 'btId': '1600483047.343464'}</msg>
<status status="PASS" starttime="20200919 10:37:27.359" endtime="20200919 10:37:27.359"></status>
</kw>
<kw name="Get Json Value" library="RequestKeywords">
<doc>Get the target node of the JSON document `json_string` specified by `json_pointer`.</doc>
<arguments>
<arg>${result}</arg>
<arg>/code</arg>
</arguments>
<assign>
<var>${code}</var>
</assign>
<msg timestamp="20200919 10:37:27.360" level="INFO">${code} = 1100</msg>
<status status="PASS" starttime="20200919 10:37:27.360" endtime="20200919 10:37:27.360"></status>
</kw>
<kw name="Get Json Value" library="RequestKeywords">
<doc>Get the target node of the JSON document `json_string` specified by `json_pointer`.</doc>
<arguments>
<arg>${result}</arg>
<arg>/message</arg>
</arguments>
<assign>
<var>${message}</var>
</assign>
<msg timestamp="20200919 10:37:27.360" level="INFO">${message} = "成功"</msg>
<status status="PASS" starttime="20200919 10:37:27.360" endtime="20200919 10:37:27.360"></status>
</kw>
<kw name="Should Be Equal" library="BuiltIn">
<doc>Fails if the given objects are unequal.</doc>
<arguments>
<arg>${code}</arg>
<arg>1100</arg>
</arguments>
<status status="PASS" starttime="20200919 10:37:27.361" endtime="20200919 10:37:27.361"></status>
</kw>
<kw name="Should Be Equal" library="BuiltIn">
<doc>Fails if the given objects are unequal.</doc>
<arguments>
<arg>${message}</arg>
<arg>"成功"</arg>
</arguments>
<status status="PASS" starttime="20200919 10:37:27.361" endtime="20200919 10:37:27.361"></status>
</kw>
<doc>接口所有必填参数使用合法值</doc>
<status status="PASS" starttime="20200919 10:37:27.341" endtime="20200919 10:37:27.361" critical="yes"></status>
</test>
<test id="s1-t9" name="type-AD-all">
<kw name="Create Session" library="RequestsLibrary">
<doc>Create Session: create a HTTP session to a server</doc>
<arguments>
<arg>saas</arg>
<arg>${url}</arg>
</arguments>
<msg timestamp="20200919 10:37:27.363" level="INFO">Creating Session using : alias=saas, url=http://10.141.56.227:80, headers={},                     cookies={}, auth=None, timeout=None, proxies=None, verify=False,                     debug=0 </msg>
<status status="PASS" starttime="20200919 10:37:27.363" endtime="20200919 10:37:27.363"></status>
</kw>
<kw name="Get Current Date" library="DateTime">
<doc>Returns current local or UTC time with an optional increment.</doc>
<arguments>
<arg>result_format=epoch</arg>
</arguments>
<assign>
<var>${btid}</var>
</assign>
<msg timestamp="20200919 10:37:27.364" level="INFO">${btid} = 1600483047.363783</msg>
<status status="PASS" starttime="20200919 10:37:27.364" endtime="20200919 10:37:27.364"></status>
</kw>
<kw name="Set Variable" library="BuiltIn">
<doc>Returns the given values which can then be assigned to a variables.</doc>
<arguments>
<arg>AD</arg>
</arguments>
<assign>
<var>${type}</var>
</assign>
<msg timestamp="20200919 10:37:27.364" level="INFO">${type} = AD</msg>
<status status="PASS" starttime="20200919 10:37:27.364" endtime="20200919 10:37:27.364"></status>
</kw>
<kw name="Set Variable" library="BuiltIn">
<doc>Returns the given values which can then be assigned to a variables.</doc>
<arguments>
<arg>{"accessKey":"${accesskey}","type":"${type}","btid":"${btid}","appId":"default","data":{"audioName":"可选值","ip":"10.0.23.32","channel":"AUDIO","tokenId":"toekn123","url":"http://static-1253442168.file.myqcloud.com/lecture_advance_audio/7062850_1529054831000.mp3"}}</arg>
</arguments>
<assign>
<var>${data}</var>
</assign>
<msg timestamp="20200919 10:37:27.365" level="INFO">${data} = {"accessKey":"4Ky6AV4hE0pWLeG1bXNw","type":"AD","btid":"1600483047.363783","appId":"default","data":{"audioName":"可选值","ip":"10.0.23.32","channel":"AUDIO","tokenId":"toekn123","url":"http://static-125...</msg>
<status status="PASS" starttime="20200919 10:37:27.364" endtime="20200919 10:37:27.365"></status>
</kw>
<kw name="Post Request" library="RequestsLibrary">
<doc>Send a POST request on the session object found using the
given `alias`</doc>
<arguments>
<arg>saas</arg>
<arg>${uri1}</arg>
<arg>${data}</arg>
</arguments>
<assign>
<var>${response}</var>
</assign>
<msg timestamp="20200919 10:37:27.378" level="INFO">POST Request : url=http://10.141.56.227:80/v2/saas/anti_fraud/audio 
 path_url=/v2/saas/anti_fraud/audio 
 headers={'User-Agent': 'python-requests/2.24.0', 'Accept-Encoding': 'gzip, deflate', 'Accept': '*/*', 'Connection': 'keep-alive', 'Content-Length': '282'} 
[...]
</kw>
<kw name="Create Session" library="RequestsLibrary">
<doc>Create Session: create a HTTP session to a server</doc>
<arguments>
<arg>saas</arg>
<arg>${url}</arg>
</arguments>
<msg timestamp="20200919 10:42:10.052" level="INFO">Creating Session using : alias=saas, url=http://10.141.56.227:80, headers={},                     cookies={}, auth=None, timeout=None, proxies=None, verify=False,                     debug=0 </msg>
<status status="PASS" starttime="20200919 10:42:10.052" endtime="20200919 10:42:10.053"></status>
</kw>
<kw name="Set Variable" library="BuiltIn">
<doc>Returns the given values which can then be assigned to a variables.</doc>
<arguments>
<arg>{"accessKey":"${accesskey}","type":"POLITICAL_PORN_MOAN","btid":"${btid}","callback":"${callback}","data":{"audioName":"可选值","ip":"10.0.23.32可选","channel":"AUDIO","returnAllText":true,"tokenId":"toekn123","url":"http://sdkalarm.cdn.bcebos.com/20181201_150703.m4a"}}</arg>
</arguments>
<assign>
<var>${data}</var>
</assign>
<msg timestamp="20200919 10:42:10.053" level="INFO">${data} = {"accessKey":"4Ky6AV4hE0pWLeG1bXNw","type":"POLITICAL_PORN_MOAN","btid":"1600483330.05176","callback":"http://10.141.16.179:8900/","data":{"audioName":"可选值","ip":"10.0.23.32可选","channel":"AUDIO","retu...</msg>
<status status="PASS" starttime="20200919 10:42:10.053" endtime="20200919 10:42:10.053"></status>
</kw>
<kw name="Post Request" library="RequestsLibrary">
<doc>Send a POST request on the session object found using the
given `alias`</doc>
<arguments>
<arg>saas</arg>
<arg>${uri1}</arg>
<arg>${data}</arg>
</arguments>
<assign>
<var>${response}</var>
</assign>
<msg timestamp="20200919 10:42:10.070" level="INFO">POST Request : url=http://10.141.56.227:80/v2/saas/anti_fraud/audio 
 path_url=/v2/saas/anti_fraud/audio 
 headers={'User-Agent': 'python-requests/2.24.0', 'Accept-Encoding': 'gzip, deflate', 'Accept': '*/*', 'Connection': 'keep-alive', 'Content-Length': '307'} 
 body=b'{"accessKey":"4Ky6AV4hE0pWLeG1bXNw","type":"POLITICAL_PORN_MOAN","btid":"1600483330.05176","callback":"http://10.141.16.179:8900/","data":{"audioName":"\xe5\x8f\xaf\xe9\x80\x89\xe5\x80\xbc","ip":"10.0.23.32\xe5\x8f\xaf\xe9\x80\x89","channel":"AUDIO","returnAllText":true,"tokenId":"toekn123","url":"http://sdkalarm.cdn.bcebos.com/20181201_150703.m4a"}}' 
 </msg>
<msg timestamp="20200919 10:42:10.070" level="INFO">POST Response : url=http://10.141.56.227:80/v2/saas/anti_fraud/audio 
 status=200, reason=OK 
 body={"code":1100,"message":"\u6210\u529f","requestId":"d6de3574ae1c586010d63f18fddaeb5a","btId":"1600483330.05176"} 
 </msg>
<msg timestamp="20200919 10:42:10.070" level="INFO">${response} = &lt;Response [200]&gt;</msg>
<status status="PASS" starttime="20200919 10:42:10.053" endtime="20200919 10:42:10.070"></status>
</kw>
<kw name="Log" library="BuiltIn">
<doc>Logs the given message with the given level.</doc>
<arguments>
<arg>${response.status_code}</arg>
</arguments>
<msg timestamp="20200919 10:42:10.071" level="INFO">200</msg>
<status status="PASS" starttime="20200919 10:42:10.071" endtime="20200919 10:42:10.071"></status>
</kw>
<kw name="Set Variable" library="BuiltIn">
<doc>Returns the given values which can then be assigned to a variables.</doc>
<arguments>
<arg>${response.content}</arg>
</arguments>
<assign>
<var>${result}</var>
</assign>
<msg timestamp="20200919 10:42:10.072" level="INFO">${result} = {"code":1100,"message":"\u6210\u529f","requestId":"d6de3574ae1c586010d63f18fddaeb5a","btId":"1600483330.05176"}</msg>
<status status="PASS" starttime="20200919 10:42:10.071" endtime="20200919 10:42:10.072"></status>
</kw>
<kw name="Log" library="BuiltIn">
<doc>Logs the given message with the given level.</doc>
<arguments>
<arg>${result}</arg>
</arguments>
<msg timestamp="20200919 10:42:10.072" level="INFO">{"code":1100,"message":"\u6210\u529f","requestId":"d6de3574ae1c586010d63f18fddaeb5a","btId":"1600483330.05176"}</msg>
<status status="PASS" starttime="20200919 10:42:10.072" endtime="20200919 10:42:10.072"></status>
</kw>
<kw name="Sleep" library="BuiltIn">
<doc>Pauses the test executed for the given time.</doc>
<arguments>
<arg>100</arg>
</arguments>
<msg timestamp="20200919 10:43:50.073" level="INFO">Slept 1 minute 40 seconds</msg>
<status status="PASS" starttime="20200919 10:42:10.072" endtime="20200919 10:43:50.073"></status>
</kw>
<kw name="Set Variable" library="BuiltIn">
<doc>Returns the given values which can then be assigned to a variables.</doc>
<arguments>
<arg>{"accessKey":"${accesskey}","btId":"${btid}"}</arg>
</arguments>
<assign>
<var>${data}</var>
</assign>
<msg timestamp="20200919 10:43:50.074" level="INFO">${data} = {"accessKey":"4Ky6AV4hE0pWLeG1bXNw","btId":"1600483330.05176"}</msg>
<status status="PASS" starttime="20200919 10:43:50.074" endtime="20200919 10:43:50.074"></status>
</kw>
<kw name="Post Request" library="RequestsLibrary">
<doc>Send a POST request on the session object found using the
given `alias`</doc>
<arguments>
<arg>saas</arg>
<arg>${uri2}</arg>
<arg>${data}</arg>
</arguments>
<assign>
<var>${response}</var>
</assign>
<msg timestamp="20200919 10:43:50.083" level="INFO">POST Request : url=http://10.141.56.227:80/v2/saas/anti_fraud/query_audio 
 path_url=/v2/saas/anti_fraud/query_audio 
 headers={'User-Agent': 'python-requests/2.24.0', 'Accept-Encoding': 'gzip, deflate', 'Accept': '*/*', 'Connection': 'keep-alive', 'Content-Length': '62'} 
 body=b'{"accessKey":"4Ky6AV4hE0pWLeG1bXNw","btId":"1600483330.05176"}' 
 </msg>
<msg timestamp="20200919 10:43:50.083" level="INFO">POST Response : url=http://10.141.56.227:80/v2/saas/anti_fraud/query_audio 
 status=200, reason=OK 
 body={"code":1100,"message":"\u6210\u529f","requestId":"d29a7afd61739bf8a4be8496ea532f4b","btId":"1600483330.05176","audioText":"123","labels":"\u6b63\u5e38","riskLevel":"PASS","tags":[{"confidence":100,"label":"\u65e0\u4eba\u58f0"}]} 
 </msg>
<msg timestamp="20200919 10:43:50.083" level="INFO">${response} = &lt;Response [200]&gt;</msg>
<status status="PASS" starttime="20200919 10:43:50.074" endtime="20200919 10:43:50.083"></status>
</kw>
<kw name="Set Variable" library="BuiltIn">
<doc>Returns the given values which can then be assigned to a variables.</doc>
<arguments>
<arg>${response.content}</arg>
</arguments>
<assign>
<var>${result}</var>
</assign>
<msg timestamp="20200919 10:43:50.084" level="INFO">${result} = {"code":1100,"message":"\u6210\u529f","requestId":"d29a7afd61739bf8a4be8496ea532f4b","btId":"1600483330.05176","audioText":"123","labels":"\u6b63\u5e38","riskLevel":"PASS","tags":[{"confidence":100,"l...</msg>
<status status="PASS" starttime="20200919 10:43:50.083" endtime="20200919 10:43:50.084"></status>
</kw>
<kw name="Log" library="BuiltIn">
<doc>Logs the given message with the given level.</doc>
<arguments>
<arg>${result}</arg>
</arguments>
<msg timestamp="20200919 10:43:50.084" level="INFO">{"code":1100,"message":"\u6210\u529f","requestId":"d29a7afd61739bf8a4be8496ea532f4b","btId":"1600483330.05176","audioText":"123","labels":"\u6b63\u5e38","riskLevel":"PASS","tags":[{"confidence":100,"label":"\u65e0\u4eba\u58f0"}]}</msg>
<status status="PASS" starttime="20200919 10:43:50.084" endtime="20200919 10:43:50.084"></status>
</kw>
<kw name="Loads" library="json">
<doc>Deserialize ``s`` (a ``str``, ``bytes`` or ``bytearray`` instance
containing a JSON document) to a Python object.</doc>
<arguments>
<arg>${result}</arg>
</arguments>
<assign>
<var>${result}</var>
</assign>
<msg timestamp="20200919 10:43:50.085" level="INFO">${result} = {'code': 1100, 'message': '成功', 'requestId': 'd29a7afd61739bf8a4be8496ea532f4b', 'btId': '1600483330.05176', 'audioText': '123', 'labels': '正常', 'riskLevel': 'PASS', 'tags': [{'confidence': 100, 'labe...</msg>
<status status="PASS" starttime="20200919 10:43:50.084" endtime="20200919 10:43:50.085"></status>
</kw>
<kw name="Get Json Value" library="RequestKeywords">
<doc>Get the target node of the JSON document `json_string` specified by `json_pointer`.</doc>
<arguments>
<arg>${result}</arg>
<arg>/code</arg>
</arguments>
<assign>
<var>${code}</var>
</assign>
<msg timestamp="20200919 10:43:50.085" level="INFO">${code} = 1100</msg>
<status status="PASS" starttime="20200919 10:43:50.085" endtime="20200919 10:43:50.085"></status>
</kw>
<kw name="Get Json Value" library="RequestKeywords">
<doc>Get the target node of the JSON document `json_string` specified by `json_pointer`.</doc>
<arguments>
<arg>${result}</arg>
<arg>/audioText</arg>
</arguments>
<assign>
<var>${audioText}</var>
</assign>
<msg timestamp="20200919 10:43:50.086" level="INFO">${audioText} = "123"</msg>
<status status="PASS" starttime="20200919 10:43:50.086" endtime="20200919 10:43:50.086"></status>
</kw>
<kw name="Should Be Equal" library="BuiltIn">
<doc>Fails if the given objects are unequal.</doc>
<arguments>
<arg>${code}</arg>
<arg>1100</arg>
</arguments>
<status status="PASS" starttime="20200919 10:43:50.086" endtime="20200919 10:43:50.086"></status>
</kw>
<doc>回调返回全部文本</doc>
<status status="PASS" starttime="20200919 10:42:10.051" endtime="20200919 10:43:50.086" critical="yes"></status>
</test>
<test id="s1-t44" name="muteDetection">
<kw name="Create Session" library="RequestsLibrary">
<doc>Create Session: create a HTTP session to a server</doc>
<arguments>
<arg>saas</arg>
<arg>${url}</arg>
</arguments>
<msg timestamp="20200919 10:43:50.089" level="INFO">Creating Session using : alias=saas, url=http://10.141.56.227:80, headers={},                     cookies={}, auth=None, timeout=None, proxies=None, verify=False,                     debug=0 </msg>
<status status="PASS" starttime="20200919 10:43:50.089" endtime="20200919 10:43:50.090"></status>
</kw>
<kw name="Get Current Date" library="DateTime">
<doc>Returns current local or UTC time with an optional increment.</doc>
<arguments>
<arg>result_format=epoch</arg>
</arguments>
<assign>
<var>${btid}</var>
</assign>
<msg timestamp="20200919 10:43:50.090" level="INFO">${btid} = 1600483430.089955</msg>
<status status="PASS" starttime="20200919 10:43:50.090" endtime="20200919 10:43:50.090"></status>
</kw>
<kw name="Set Variable" library="BuiltIn">
<doc>Returns the given values which can then be assigned to a variables.</doc>
<arguments>
<arg>{"accessKey":"${accesskey}","type":"DEFAULT","appId":"default","btid":"${btid}","callback":"${callback}","data":{"audioName":"可选值","ip":"10.0.23.32可选","channel":"AUDIO","returnAllText":true,"tokenId":"toekn123","url":"http://sdkalarm.cdn.bcebos.com/motecase.m4a"},"callbackParam":{"test1":1,"test2":"qew","test3":true}}</arg>
</arguments>
<assign>
<var>${data}</var>
</assign>
<msg timestamp="20200919 10:43:50.091" level="INFO">${data} = {"accessKey":"4Ky6AV4hE0pWLeG1bXNw","type":"DEFAULT","appId":"default","btid":"1600483430.089955","callback":"http://10.141.16.179:8900/","data":{"audioName":"可选值","ip":"10.0.23.32可选","channel":"AUDIO...</msg>
<status status="PASS" starttime="20200919 10:43:50.090" endtime="20200919 10:43:50.091"></status>
</kw>
<kw name="Post Request" library="RequestsLibrary">
<doc>Send a POST request on the session object found using the
given `alias`</doc>
<arguments>
<arg>saas</arg>
<arg>${uri1}</arg>
<arg>${data}</arg>
</arguments>
<assign>
<var>${response}</var>
</assign>
<msg timestamp="20200919 10:43:50.101" level="INFO">POST Request : url=http://10.141.56.227:80/v2/saas/anti_fraud/audio 
 path_url=/v2/saas/anti_fraud/audio 
 headers={'User-Agent': 'python-requests/2.24.0', 'Accept-Encoding': 'gzip, deflate', 'Accept': '*/*', 'Connection': 'keep-alive', 'Content-Length': '362'} 
 body=b'{"accessKey":"4Ky6AV4hE0pWLeG1bXNw","type":"DEFAULT","appId":"default","btid":"1600483430.089955","callback":"http://10.141.16.179:8900/","data":{"audioName":"\xe5\x8f\xaf\xe9\x80\x89\xe5\x80\xbc","ip":"10.0.23.32\xe5\x8f\xaf\xe9\x80\x89","channel":"AUDIO","returnAllText":true,"tokenId":"toekn123","url":"http://sdkalarm.cdn.bcebos.com/motecase.m4a"},"callbackParam":{"test1":1,"test2":"qew","test3":true}}' 
 </msg>
<msg timestamp="20200919 10:43:50.101" level="INFO">POST Response : url=http://10.141.56.227:80/v2/saas/anti_fraud/audio 
 status=200, reason=OK 
 body={"code":1100,"message":"\u6210\u529f","requestId":"a4ac59b048e952d3d8f8a513fc5d569d","btId":"1600483430.089955"} 
 </msg>
<msg timestamp="20200919 10:43:50.101" level="INFO">${response} = &lt;Response [200]&gt;</msg>
<status status="PASS" starttime="20200919 10:43:50.091" endtime="20200919 10:43:50.101"></status>
</kw>
<kw name="Log" library="BuiltIn">
<doc>Logs the given message with the given level.</doc>
<arguments>
<arg>${response.status_code}</arg>
</arguments>
<msg timestamp="20200919 10:43:50.102" level="INFO">200</msg>
<status status="PASS" starttime="20200919 10:43:50.101" endtime="20200919 10:43:50.102"></status>
</kw>
<kw name="Set Variable" library="BuiltIn">
<doc>Returns the given values which can then be assigned to a variables.</doc>
<arguments>
<arg>${response.content}</arg>
</arguments>
<assign>
<var>${result}</var>
</assign>
<msg timestamp="20200919 10:43:50.103" level="INFO">${result} = {"code":1100,"message":"\u6210\u529f","requestId":"a4ac59b048e952d3d8f8a513fc5d569d","btId":"1600483430.089955"}</msg>
<status status="PASS" starttime="20200919 10:43:50.102" endtime="20200919 10:43:50.103"></status>
</kw>
<kw name="Loads" library="json">
<doc>Deserialize ``s`` (a ``str``, ``bytes`` or ``bytearray`` instance
containing a JSON document) to a Python object.</doc>
<arguments>
<arg>${result}</arg>
</arguments>
<assign>
<var>${result}</var>
</assign>
<msg timestamp="20200919 10:43:50.103" level="INFO">${result} = {'code': 1100, 'message': '成功', 'requestId': 'a4ac59b048e952d3d8f8a513fc5d569d', 'btId': '1600483430.089955'}</msg>
<status status="PASS" starttime="20200919 10:43:50.103" endtime="20200919 10:43:50.103"></status>
</kw>
<kw name="Get Json Value" library="RequestKeywords">
<doc>Get the target node of the JSON document `json_string` specified by `json_pointer`.</doc>
<arguments>
<arg>${result}</arg>
<arg>/code</arg>
</arguments>
<assign>
<var>${code}</var>
</assign>
<msg timestamp="20200919 10:43:50.104" level="INFO">${code} = 1100</msg>
<status status="PASS" starttime="20200919 10:43:50.103" endtime="20200919 10:43:50.104"></status>
</kw>
<kw name="Get Json Value" library="RequestKeywords">
<doc>Get the target node of the JSON document `json_string` specified by `json_pointer`.</doc>
<arguments>
<arg>${result}</arg>
<arg>/requestId</arg>
</arguments>
<assign>
<var>${requestId}</var>
</assign>
<msg timestamp="20200919 10:43:50.104" level="INFO">${requestId} = "a4ac59b048e952d3d8f8a513fc5d569d"</msg>
<status status="PASS" starttime="20200919 10:43:50.104" endtime="20200919 10:43:50.104"></status>
</kw>
<kw name="Should Be Equal" library="BuiltIn">
<doc>Fails if the given objects are unequal.</doc>
<arguments>
<arg>${code}</arg>
<arg>1100</arg>
</arguments>
<status status="PASS" starttime="20200919 10:43:50.104" endtime="20200919 10:43:50.105"></status>
</kw>
<kw name="Sleep" library="BuiltIn">
<doc>Pauses the test executed for the given time.</doc>
<arguments>
<arg>50</arg>
</arguments>
<msg timestamp="20200919 10:44:40.105" level="INFO">Slept 50 seconds</msg>
<status status="PASS" starttime="20200919 10:43:50.105" endtime="20200919 10:44:40.106"></status>
</kw>
<kw name="Set Variable" library="BuiltIn">
<doc>Returns the given values which can then be assigned to a variables.</doc>
<arguments>
<arg>{"accessKey":"${accessKey}","btid":"${btid}"}</arg>
</arguments>
<assign>
<var>${data}</var>
</assign>
<msg timestamp="20200919 10:44:40.107" level="INFO">${data} = {"accessKey":"4Ky6AV4hE0pWLeG1bXNw","btid":"1600483430.089955"}</msg>
<status status="PASS" starttime="20200919 10:44:40.106" endtime="20200919 10:44:40.107"></status>
</kw>
<kw name="Post Request" library="RequestsLibrary">
<doc>Send a POST request on the session object found using the
given `alias`</doc>
<arguments>
<arg>saas</arg>
<arg>${uri2}</arg>
<arg>${data}</arg>
</arguments>
<assign>
<var>${response}</var>
</assign>
<msg timestamp="20200919 10:44:40.114" level="INFO">POST Request : url=http://10.141.56.227:80/v2/saas/anti_fraud/query_audio 
 path_url=/v2/saas/anti_fraud/query_audio 
 headers={'User-Agent': 'python-requests/2.24.0', 'Accept-Encoding': 'gzip, deflate', 'Accept': '*/*', 'Connection': 'keep-alive', 'Content-Length': '63'} 
 body=b'{"accessKey":"4Ky6AV4hE0pWLeG1bXNw","btid":"1600483430.089955"}' 
 </msg>
<msg timestamp="20200919 10:44:40.114" level="INFO">POST Response : url=http://10.141.56.227:80/v2/saas/anti_fraud/query_audio 
 status=200, reason=OK 
 body={"code":1100,"message":"\u6210\u529f","requestId":"27d4ad109bfbcf240906da00ebafe84a","btId":"1600483430.089955","audioText":"\u7f8e\u5973\uff0c\u7ea6\u5417\uff1f\u52a0\u6211\u5fae\u4fe123375485\u671f\u516d\u671f","labels":"\u5e7f\u544a\uff1a\u5305\u542b\u8054\u7cfb\u65b9\u5f0f_\u5fae\u4fe1-\u97f3\u9891 ","detail":[{"audioEndtime":10,"audioStarttime":0,"audioText":"","audioUrl":"https://voice-bj-1251671073.cos.ap-beijing.myqcloud.com/20200919/a4ac59b048e952d3d8f8a513fc5d569d_a0000.mp3","description":"","label":"silence","requestId":"a4ac59b048e952d3d8f8a513fc5d569d_a0000","riskLevel":"PASS","riskType":0},{"audioEndtime":17,"audioModel":"M03204","audioStarttime":10,"audioText":"\u7f8e\u5973\uff0c\u7ea6\u5417\uff1f\u52a0\u6211\u5fae\u4fe123375485\u671f\u516d\u671f","audioUrl":"https://voice-bj-1251671073.cos.ap-beijing.myqcloud.com/20200919/a4ac59b048e952d3d8f8a513fc5d569d_a0001.mp3","description":"\u5e7f\u544a\uff1a\u5305\u542b\u8054\u7cfb\u65b9\u5f0f_\u5fae\u4fe1-\u97f3\u9891","requestId":"a4ac59b048e952d3d8f8a513fc5d569d_a0001","riskLevel":"REJECT","riskType":300}],"riskLevel":"REJECT","tags":[{"confidence":100,"label":"\u65e0\u4eba\u58f0"}]} 
 </msg>
<msg timestamp="20200919 10:44:40.115" level="INFO">${response} = &lt;Response [200]&gt;</msg>
<status status="PASS" starttime="20200919 10:44:40.107" endtime="20200919 10:44:40.115"></status>
</kw>
<kw name="Set Variable" library="BuiltIn">
<doc>Returns the given values which can then be assigned to a variables.</doc>
<arguments>
<arg>${response.content}</arg>
</arguments>
<assign>
<var>${result}</var>
</assign>
<msg timestamp="20200919 10:44:40.115" level="INFO">${result} = {"code":1100,"message":"\u6210\u529f","requestId":"27d4ad109bfbcf240906da00ebafe84a","btId":"1600483430.089955","audioText":"\u7f8e\u5973\uff0c\u7ea6\u5417\uff1f\u52a0\u6211\u5fae\u4fe123375485\u671f\...</msg>
<status status="PASS" starttime="20200919 10:44:40.115" endtime="20200919 10:44:40.115"></status>
</kw>
<kw name="Comment" library="BuiltIn">
<doc>Displays the given messages in the log file as keyword arguments.</doc>
<arguments>
<arg>log</arg>
<arg>${result}</arg>
</arguments>
<status status="PASS" starttime="20200919 10:44:40.115" endtime="20200919 10:44:40.116"></status>
</kw>
<kw name="Loads" library="json">
<doc>Deserialize ``s`` (a ``str``, ``bytes`` or ``bytearray`` instance
containing a JSON document) to a Python object.</doc>
<arguments>
<arg>${result}</arg>
</arguments>
<assign>
<var>${result}</var>
</assign>
<msg timestamp="20200919 10:44:40.116" level="INFO">${result} = {'code': 1100, 'message': '成功', 'requestId': '27d4ad109bfbcf240906da00ebafe84a', 'btId': '1600483430.089955', 'audioText': '美女，约吗？加我微信23375485期六期', 'labels': '广告：包含联系方式_微信-音频 ', 'detail': [{'audioEndt...</msg>
<status status="PASS" starttime="20200919 10:44:40.116" endtime="20200919 10:44:40.116"></status>
</kw>
<doc>静音检测，第一段静音不过AE，第二段内容123
增加label字段标识静音（回调和查询）</doc>
<status status="PASS" starttime="20200919 10:43:50.087" endtime="20200919 10:44:40.116" critical="yes"></status>
</test>
<status status="PASS" starttime="20200919 10:35:16.993" endtime="20200919 10:44:40.118"></status>
</suite>
<statistics>
<total>
<stat pass="44" fail="0">Critical Tests</stat>
<stat pass="44" fail="0">All Tests</stat>
</total>
<tag>
</tag>
<suite>
<stat pass="44" fail="0" id="s1" name="Private-Audio-Oppo">Private-Audio-Oppo</stat>
</suite>
</statistics>
<errors>
</errors>
</robot>
