<?xml version="1.0" encoding="UTF-8"?>
<robot generator="Robot 3.2.2 (Python 3.6.12 on linux)" generated="20200919 13:11:13.172" rpa="false">
<suite id="s1" name="Private-Audio-Oppo" source="/mnt/home/work/haisong/audio-tool/audio-case/testcase/private-audio-oppo.txt">
<test id="s1-t1" name="query-nonexist-para">
<kw name="Create Session" library="RequestsLibrary">
<doc>Create Session: create a HTTP session to a server</doc>
<arguments>
<arg>saas</arg>
<arg>${url}</arg>
</arguments>
<msg timestamp="20200919 13:11:13.398" level="INFO">Creating Session using : alias=saas, url=http://10.141.56.227:80, headers={},                     cookies={}, auth=None, timeout=None, proxies=None, verify=False,                     debug=0 </msg>
<status status="PASS" starttime="20200919 13:11:13.397" endtime="20200919 13:11:13.398"></status>
</kw>
<kw name="Get Current Date" library="DateTime">
<doc>Returns current local or UTC time with an optional increment.</doc>
<arguments>
<arg>result_format=epoch</arg>
</arguments>
<assign>
<var>${btid}</var>
</assign>
<msg timestamp="20200919 13:11:13.399" level="INFO">${btid} = 1600492273.398921</msg>
<status status="PASS" starttime="20200919 13:11:13.399" endtime="20200919 13:11:13.399"></status>
</kw>
<kw name="Set Variable" library="BuiltIn">
<doc>Returns the given values which can then be assigned to a variables.</doc>
<arguments>
<arg>{"accessKey":"${accesskey}","type":"PORN","btid":"${btid}","data":{"audioName":"可选值","ip":"10.0.23.32可选","channel":"AUDIO","tokenId":"toekn123","url":"http://sdkalarm.bj.bcebos.com/yanshi/political08.mp3"}}</arg>
</arguments>
<assign>
<var>${data}</var>
</assign>
<msg timestamp="20200919 13:11:13.400" level="INFO">${data} = {"accessKey":"4Ky6AV4hE0pWLeG1bXNw","type":"PORN","btid":"1600492273.398921","data":{"audioName":"可选值","ip":"10.0.23.32可选","channel":"AUDIO","tokenId":"toekn123","url":"http://sdkalarm.bj.bcebos.com/y...</msg>
<status status="PASS" starttime="20200919 13:11:13.399" endtime="20200919 13:11:13.400"></status>
</kw>
<kw name="Post Request" library="RequestsLibrary">
<doc>Send a POST request on the session object found using the
given `alias`</doc>
<arguments>
<arg>saas</arg>
<arg>${uri1}</arg>
<arg>${data}</arg>
</arguments>
<assign>
<var>${response}</var>
</assign>
<msg timestamp="20200919 13:11:13.412" level="INFO">POST Request : url=http://10.141.56.227:80/v2/saas/anti_fraud/audio 
 path_url=/v2/saas/anti_fraud/audio 
 headers={'User-Agent': 'python-requests/2.24.0', 'Accept-Encoding': 'gzip, deflate', 'Accept': '*/*', 'Connection': 'keep-alive', 'Content-Length': '234'} 
 body=b'{"accessKey":"4Ky6AV4hE0pWLeG1bXNw","type":"PORN","btid":"1600492273.398921","data":{"audioName":"\xe5\x8f\xaf\xe9\x80\x89\xe5\x80\xbc","ip":"10.0.23.32\xe5\x8f\xaf\xe9\x80\x89","channel":"AUDIO","tokenId":"toekn123","url":"http://sdkalarm.bj.bcebos.com/yanshi/political08.mp3"}}' 
 </msg>
<msg timestamp="20200919 13:11:13.412" level="INFO">POST Response : url=http://10.141.56.227:80/v2/saas/anti_fraud/audio 
 status=200, reason=OK 
 body={"code":1100,"message":"\u6210\u529f","requestId":"d354b3b152ac526714cd2ad0eaf31d77","btId":"1600492273.398921"} 
 </msg>
<msg timestamp="20200919 13:11:13.412" level="INFO">${response} = &lt;Response [200]&gt;</msg>
<status status="PASS" starttime="20200919 13:11:13.400" endtime="20200919 13:11:13.412"></status>
</kw>
<kw name="Log" library="BuiltIn">
<doc>Logs the given message with the given level.</doc>
<arguments>
<arg>${response.status_code}</arg>
</arguments>
<msg timestamp="20200919 13:11:13.412" level="INFO">200</msg>
<status status="PASS" starttime="20200919 13:11:13.412" endtime="20200919 13:11:13.413"></status>
</kw>
<kw name="Set Variable" library="BuiltIn">
<doc>Returns the given values which can then be assigned to a variables.</doc>
<arguments>
<arg>${response.content}</arg>
</arguments>
<assign>
<var>${result}</var>
</assign>
<msg timestamp="20200919 13:11:13.413" level="INFO">${result} = {"code":1100,"message":"\u6210\u529f","requestId":"d354b3b152ac526714cd2ad0eaf31d77","btId":"1600492273.398921"}</msg>
<status status="PASS" starttime="20200919 13:11:13.413" endtime="20200919 13:11:13.413"></status>
</kw>
<kw name="Log" library="BuiltIn">
<doc>Logs the given message with the given level.</doc>
<arguments>
<arg>${result}</arg>
</arguments>
<msg timestamp="20200919 13:11:13.413" level="INFO">{"code":1100,"message":"\u6210\u529f","requestId":"d354b3b152ac526714cd2ad0eaf31d77","btId":"1600492273.398921"}</msg>
<status status="PASS" starttime="20200919 13:11:13.413" endtime="20200919 13:11:13.413"></status>
</kw>
<kw name="Sleep" library="BuiltIn">
<doc>Pauses the test executed for the given time.</doc>
<arguments>
<arg>10</arg>
</arguments>
<msg timestamp="20200919 13:11:23.414" level="INFO">Slept 10 seconds</msg>
<status status="PASS" starttime="20200919 13:11:13.414" endtime="20200919 13:11:23.414"></status>
</kw>
<kw name="Set Variable" library="BuiltIn">
<doc>Returns the given values which can then be assigned to a variables.</doc>
<arguments>
<arg>{"accessKey":"${accesskey}","btId":"${btid}","test":"test"}</arg>
</arguments>
<assign>
<var>${data}</var>
</assign>
<msg timestamp="20200919 13:11:23.415" level="INFO">${data} = {"accessKey":"4Ky6AV4hE0pWLeG1bXNw","btId":"1600492273.398921","test":"test"}</msg>
<status status="PASS" starttime="20200919 13:11:23.415" endtime="20200919 13:11:23.415"></status>
</kw>
<kw name="Post Request" library="RequestsLibrary">
<doc>Send a POST request on the session object found using the
given `alias`</doc>
<arguments>
<arg>saas</arg>
<arg>${uri2}</arg>
<arg>${data}</arg>
</arguments>
<assign>
<var>${response}</var>
</assign>
<msg timestamp="20200919 13:11:23.425" level="INFO">POST Request : url=http://10.141.56.227:80/v2/saas/anti_fraud/query_audio 
 path_url=/v2/saas/anti_fraud/query_audio 
 headers={'User-Agent': 'python-requests/2.24.0', 'Accept-Encoding': 'gzip, deflate', 'Accept': '*/*', 'Connection': 'keep-alive', 'Content-Length': '77'} 
 body=b'{"accessKey":"4Ky6AV4hE0pWLeG1bXNw","btId":"1600492273.398921","test":"test"}' 
 </msg>
<msg timestamp="20200919 13:11:23.425" level="INFO">POST Response : url=http://10.141.56.227:80/v2/saas/anti_fraud/query_audio 
 status=200, reason=OK 
 body={"code":1100,"message":"\u6210\u529f","requestId":"8fff0f8e6b9c96034b41a1d76103ca1e","btId":"1600492273.398921","audioText":"\u4e0d\u662f\uff0c\u518d\u6b21\u6210\u4e3a\u4eac\u57ce\u4e2d\u592e\u6743\u529b\u53c8\u56de\u5230\u4e86\u5929\u5b89\u95e8\u5386\u4ee3\u7684\u5e1d\u738b\u603b\u662f\u9690\u8eab\u4e8e\u6df1\u5bab\u9ad8\u5899\u4e4b\u5185\u795e\u79d8\u6b22\u8fce\u81f3\u9ad8\u65e0\u4e0a\uff0c\u56e0\u6b64\u5f53\u6bdb\u6cfd\u4e1c\u5728\u5929\u5b89\u95e8\u57ce\u697c\u4e0a\u51fa\u73b0\u77e5\u4ed6\u6539\u53d8\u4e86\u6570\u5343\u5e74\u6765\u7edf\u6cbb\u6743\u529b\u7684\u8c61\u5f81\u4f60\u7684\u4e1c\u897f\uff0c\u4f3c\u4e4e\u4ece\u95e8\u5185\u8f6c\u79fb\u5230\u4e86\u95e8\u5916\u7684\u6c11\u4f17\u90a3\u4e2a\u800c\u5927\u4f17\u5374\u53ea\u80fd\u7fd8\u9996\u4ef0\u671b\u90a3\u96c4\u5c45\u4e0a\u65b9\u7684\u9886\u8896\u5f00\u56fd\u5927\u5178\u4e4b\u524d\u554a\uff01\u5929\u5b89\u95e8\u5e7f\u573a\u554a\uff01\u4e00\u7247\u4e71\u8349\uff0c\u54ce\u5440\uff01\u5c31\u5728\u5f00\u56fd\u5927\u5178\u4e4b\u524d\u5317\u4eac\u6e05\u534e\u5927\u5b66\u548c\u5317\u4eac\u5927\u5b66\u7684\u5b66\u751f\u4e49\u52a1\u52b3\u52a8\u628a\u5929\u5b89\u95e8\u524d\u7684\u4e00\u7247\u8352\u8349\u5168\u90e8\u9519\u8fc7\u4e86\u4e00\u4e2a\u6b7b\u795e\u8c01\u554a\uff01\u90a3\u4e2a\u5ba1\u6838\u90a3\u4e2a\u9752\u5e74\u554a\uff01\u5bf9\u8fd9\u4e2a\u89e3\u653e\u519b\u89e3\u653e\u5168","labels":"\u547d\u4e2d\u5ba1\u6838\u540d\u5355-\u97f3\u9891 \u6d89\u653f\u5185\u5bb9-\u97f3\u9891 ","detail":[{"audioEndtime":10,"audioMatchedItem":"\u5929\u5b89\u95e8","audioModel":"M01102","audioStarttime":0,"audioText":"\u4e0d\u662f\uff0c\u518d\u6b21\u6210\u4e3a\u4eac\u57ce\u4e2d\u592e\u6743\u529b\u53c8\u56de\u5230\u4e86\u5929\u5b89\u95e8\u5386\u4ee3\u7684\u5e1d\u738b\u603b\u662f\u9690\u8eab\u4e8e\u6df1\u5bab\u9ad8\u5899\u4e4b\u5185\u795e\u79d8","audioUrl":"https://voice-bj-1251671073.cos.ap-beijing.myqcloud.com/20200919/d354b3b152ac526714cd2ad0eaf31d77_a0000.mp3","description":"\u547d\u4e2d\u5ba1\u6838\u540d\u5355-\u97f3\u9891","requestId":"d354b3b152ac526714cd2ad0eaf31d77_a0000","riskLevel":"REVIEW","riskType":700},{"audioEndtime":20,"audioMatchedItem":"\u6bdb\u6cfd\u4e1c","audioModel":"M05102","audioStarttime":10,"audioText":"\u6b22\u8fce\u81f3\u9ad8\u65e0\u4e0a\uff0c\u56e0\u6b64\u5f53\u6bdb\u6cfd\u4e1c\u5728\u5929\u5b89\u95e8\u57ce\u697c\u4e0a\u51fa\u73b0\u77e5\u4ed6\u6539\u53d8\u4e86\u6570\u5343\u5e74\u6765\u7edf\u6cbb\u6743\u529b\u7684\u8c61\u5f81","audioUrl":"https://voice-bj-1251671073.cos.ap-beijing.myqcloud.com/20200919/d354b3b152ac526714cd2ad0eaf31d77_a0001.mp3","description":"\u6d89\u653f\u5185\u5bb9-\u97f3\u9891","requestId":"d354b3b152ac526714cd2ad0eaf31d77_a0001","riskLevel":"REJECT","riskType":100},{"audioEndtime":40,"audioMatchedItem":"\u5929\u5b89\u95e8","audioModel":"M01102","audioStarttime":30,"audioText":"\u5f00\u56fd\u5927\u5178\u4e4b\u524d\u554a\uff01\u5929\u5b89\u95e8\u5e7f\u573a\u554a\uff01\u4e00\u7247\u4e71\u8349\uff0c\u54ce\u5440\uff01\u5c31\u5728\u5f00\u56fd\u5927\u5178\u4e4b\u524d","audioUrl":"https://voice-bj-1251671073.cos.ap-beijing.myqcloud.com/20200919/d354b3b152ac526714cd2ad0eaf31d77_a0003.mp3","description":"\u547d\u4e2d\u5ba1\u6838\u540d\u5355-\u97f3\u9891","requestId":"d354b3b152ac526714cd2ad0eaf31d77_a0003","riskLevel":"REVIEW","riskType":700},{"audioEndtime":50,"audioMatchedItem":"\u5929\u5b89\u95e8","audioModel":"M01102","audioStarttime":40,"audioText":"\u5317\u4eac\u6e05\u534e\u5927\u5b66\u548c\u5317\u4eac\u5927\u5b66\u7684\u5b66\u751f\u4e49\u52a1\u52b3\u52a8\u628a\u5929\u5b89\u95e8\u524d\u7684\u4e00\u7247\u8352\u8349\u5168\u90e8","audioUrl":"https://voice-bj-1251671073.cos.ap-beijing.myqcloud.com/20200919/d354b3b152ac526714cd2ad0eaf31d77_a0004.mp3","description":"\u547d\u4e2d\u5ba1\u6838\u540d\u5355-\u97f3\u9891","requestId":"d354b3b152ac526714cd2ad0eaf31d77_a0004","riskLevel":"REVIEW","riskType":700}],"riskLevel":"REJECT","tags":[{"confidence":100,"label":"\u65e0\u4eba\u58f0"}]} 
 </msg>
<msg timestamp="20200919 13:11:23.425" level="INFO">${response} = &lt;Response [200]&gt;</msg>
<status status="PASS" starttime="20200919 13:11:23.415" endtime="20200919 13:11:23.425"></status>
</kw>
<kw name="Log" library="BuiltIn">
<doc>Logs the given message with the given level.</doc>
<arguments>
<arg>${response.status_code}</arg>
</arguments>
<msg timestamp="20200919 13:11:23.426" level="INFO">200</msg>
<status status="PASS" starttime="20200919 13:11:23.426" endtime="20200919 13:11:23.426"></status>
</kw>
<kw name="Set Variable" library="BuiltIn">
<doc>Returns the given values which can then be assigned to a variables.</doc>
<arguments>
<arg>${response.content}</arg>
</arguments>
<assign>
<var>${result}</var>
</assign>
<msg timestamp="20200919 13:11:23.427" level="INFO">${result} = {"code":1100,"message":"\u6210\u529f","requestId":"8fff0f8e6b9c96034b41a1d76103ca1e","btId":"1600492273.398921","audioText":"\u4e0d\u662f\uff0c\u518d\u6b21\u6210\u4e3a\u4eac\u57ce\u4e2d\u592e\u6743\u5...</msg>
<status status="PASS" starttime="20200919 13:11:23.426" endtime="20200919 13:11:23.427"></status>
</kw>
<kw name="Loads" library="json">
<doc>Deserialize ``s`` (a ``str``, ``bytes`` or ``bytearray`` instance
containing a JSON document) to a Python object.</doc>
<arguments>
<arg>${result}</arg>
</arguments>
<assign>
<var>${result}</var>
</assign>
<msg timestamp="20200919 13:11:23.427" level="INFO">${result} = {'code': 1100, 'message': '成功', 'requestId': '8fff0f8e6b9c96034b41a1d76103ca1e', 'btId': '1600492273.398921', 'audioText': '不是，再次成为京城中央权力又回到了天安门历代的帝王总是隐身于深宫高墙之内神秘欢迎至高无上，因此当毛泽东在天安门城楼上出现知他改变了数千年来统治权力的象征...</msg>
<status status="PASS" starttime="20200919 13:11:23.427" endtime="20200919 13:11:23.427"></status>
</kw>
<kw name="Log" library="BuiltIn">
<doc>Logs the given message with the given level.</doc>
<arguments>
<arg>${result}</arg>
</arguments>
<msg timestamp="20200919 13:11:23.428" level="INFO">{'code': 1100, 'message': '成功', 'requestId': '8fff0f8e6b9c96034b41a1d76103ca1e', 'btId': '1600492273.398921', 'audioText': '不是，再次成为京城中央权力又回到了天安门历代的帝王总是隐身于深宫高墙之内神秘欢迎至高无上，因此当毛泽东在天安门城楼上出现知他改变了数千年来统治权力的象征你的东西，似乎从门内转移到了门外的民众那个而大众却只能翘首仰望那雄居上方的领袖开国大典之前啊！天安门广场啊！一片乱草，哎呀！就在开国大典之前北京清华大学和北京大学的学生义务劳动把天安门前的一片荒草全部错过了一个死神谁啊！那个审核那个青年啊！对这个解放军解放全', 'labels': '命中审核名单-音频 涉政内容-音频 ', 'detail': [{'audioEndtime': 10, 'audioMatchedItem': '天安门', 'audioModel': 'M01102', 'audioStarttime': 0, 'audioText': '不是，再次成为京城中央权力又回到了天安门历代的帝王总是隐身于深宫高墙之内神秘', 'audioUrl': 'https://voice-bj-1251671073.cos.ap-beijing.myqcloud.com/20200919/d354b3b152ac526714cd2ad0eaf31d77_a0000.mp3', 'description': '命中审核名单-音频', 'requestId': 'd354b3b152ac526714cd2ad0eaf31d77_a0000', 'riskLevel': 'REVIEW', 'riskType': 700}, {'audioEndtime': 20, 'audioMatchedItem': '毛泽东', 'audioModel': 'M05102', 'audioStarttime': 10, 'audioText': '欢迎至高无上，因此当毛泽东在天安门城楼上出现知他改变了数千年来统治权力的象征', 'audioUrl': 'https://voice-bj-1251671073.cos.ap-beijing.myqcloud.com/20200919/d354b3b152ac526714cd2ad0eaf31d77_a0001.mp3', 'description': '涉政内容-音频', 'requestId': 'd354b3b152ac526714cd2ad0eaf31d77_a0001', 'riskLevel': 'REJECT', 'riskType': 100}, {'audioEndtime': 40, 'audioMatchedItem': '天安门', 'audioModel': 'M01102', 'audioStarttime': 30, 'audioText': '开国大典之前啊！天安门广场啊！一片乱草，哎呀！就在开国大典之前', 'audioUrl': 'https://voice-bj-1251671073.cos.ap-beijing.myqcloud.com/20200919/d354b3b152ac526714cd2ad0eaf31d77_a0003.mp3', 'description': '命中审核名单-音频', 'requestId': 'd354b3b152ac526714cd2ad0eaf31d77_a0003', 'riskLevel': 'REVIEW', 'riskType': 700}, {'audioEndtime': 50, 'audioMatchedItem': '天安门', 'audioModel': 'M01102', 'audioStarttime': 40, 'audioText': '北京清华大学和北京大学的学生义务劳动把天安门前的一片荒草全部', 'audioUrl': 'https://voice-bj-1251671073.cos.ap-beijing.myqcloud.com/20200919/d354b3b152ac526714cd2ad0eaf31d77_a0004.mp3', 'description': '命中审核名单-音频', 'requestId': 'd354b3b152ac526714cd2ad0eaf31d77_a0004', 'riskLevel': 'REVIEW', 'riskType': 700}], 'riskLevel': 'REJECT', 'tags': [{'confidence': 100, 'label': '无人声'}]}</msg>
<status status="PASS" starttime="20200919 13:11:23.428" endtime="20200919 13:11:23.428"></status>
</kw>
<kw name="Get Json Value" library="RequestKeywords">
<doc>Get the target node of the JSON document `json_string` specified by `json_pointer`.</doc>
<arguments>
<arg>${result}</arg>
<arg>/code</arg>
</arguments>
<assign>
<var>${code}</var>
</assign>
<msg timestamp="20200919 13:11:23.429" level="INFO">${code} = 1100</msg>
<status status="PASS" starttime="20200919 13:11:23.428" endtime="20200919 13:11:23.429"></status>
</kw>
<kw name="Get Json Value" library="RequestKeywords">
<doc>Get the target node of the JSON document `json_string` specified by `json_pointer`.</doc>
<arguments>
<arg>${result}</arg>
<arg>/message</arg>
</arguments>
<assign>
<var>${message}</var>
</assign>
<msg timestamp="20200919 13:11:23.430" level="INFO">${message} = "成功"</msg>
<status status="PASS" starttime="20200919 13:11:23.429" endtime="20200919 13:11:23.430"></status>
</kw>
<kw name="Should Be Equal" library="BuiltIn">
<doc>Fails if the given objects are unequal.</doc>
<arguments>
<arg>${code}</arg>
<arg>1100</arg>
</arguments>
<status status="PASS" starttime="20200919 13:11:23.430" endtime="20200919 13:11:23.430"></status>
</kw>
<kw name="Should Be Equal" library="BuiltIn">
<doc>Fails if the given objects are unequal.</doc>
<arguments>
<arg>${message}</arg>
<arg>"成功"</arg>
</arguments>
<status status="PASS" starttime="20200919 13:11:23.430" endtime="20200919 13:11:23.431"></status>
</kw>
<doc>查询接口使用不存在的参数</doc>
<status status="PASS" starttime="20200919 13:11:13.396" endtime="20200919 13:11:23.431" critical="yes"></status>
</test>
<test id="s1-t2" name="handel-data-result-porn">
<kw name="Create Session" library="RequestsLibrary">
<doc>Create Session: create a HTTP session to a server</doc>
<arguments>
<arg>saas</arg>
<arg>${url}</arg>
</arguments>
<msg timestamp="20200919 13:11:23.432" level="INFO">Creating Session using : alias=saas, url=http://10.141.56.227:80, headers={},                     cookies={}, auth=None, timeout=None, proxies=None, verify=False,                     debug=0 </msg>
<status status="PASS" starttime="20200919 13:11:23.432" endtime="20200919 13:11:23.433"></status>
</kw>
<kw name="Get Current Date" library="DateTime">
<doc>Returns current local or UTC time with an optional increment.</doc>
<arguments>
<arg>result_format=epoch</arg>
</arguments>
<assign>
<var>${btid}</var>
</assign>
<msg timestamp="20200919 13:11:23.433" level="INFO">${btid} = 1600492283.432873</msg>
<status status="PASS" starttime="20200919 13:11:23.433" endtime="20200919 13:11:23.433"></status>
</kw>
<kw name="Set Variable" library="BuiltIn">
<doc>Returns the given values which can then be assigned to a variables.</doc>
<arguments>
<arg>{"accessKey":"${accesskey}","type":"PORN","btid":"${btid}","data":{"audioName":"可选值","ip":"10.0.23.32可选","channel":"AUDIO","tokenId":"toekn123","url":"http://static-1253442168.file.myqcloud.com/lecture_advance_audio/7062850_1529054831000.mp3"}}</arg>
</arguments>
<assign>
<var>${data}</var>
</assign>
<msg timestamp="20200919 13:11:23.434" level="INFO">${data} = {"accessKey":"4Ky6AV4hE0pWLeG1bXNw","type":"PORN","btid":"1600492283.432873","data":{"audioName":"可选值","ip":"10.0.23.32可选","channel":"AUDIO","tokenId":"toekn123","url":"http://static-1253442168.file.m...                                                                                                                                                                                                                                                                                                                                                                                                                                                                                                                                                                                                                                                                                                                                                                                                                                                                                                                                                                                                                                                                                                                                                                                                                                                                                                                                                                                                                                                                                                                                                                                                                                                                                                                                                                                                                                                                                                                                                                                                                                                                                                                                                                                                                                                                                                                                                                                                                                                                                                                                                                                                                                                                                                                                                                                                                                                                                                                                                                                                                                                                                                                                                                                                                                                                                                                                                                                                                                                                                                                                                                                                                                                                                                                                                                                                                                                                                                                                                                                                                                                                                                                                                                                                                                                                                                                                                                                                                                                                                                                                                                                                                                                                                                                                                                                                                                                                                                                                                                                                                                                                                                                                                                                                                                                                                                                                                                                                                                                                                                                                                                                                                                                                                                                                                                                                                                                                                                                                                                                                                                                                                                                                                                                                                                                                                                                                                                                                                                                                                                                                                                                                                                                                                                                                                                                                                                                                                                                                                                                                                                                                                                                                                                                                                                                                                                                                                                                                                                                                                                                                                                                                                                                                                                                                                                                                                                                                                                                                                                                                                                                                                                                                                                                                                                                                                                                                                                                                                                                                                                                                                                                                                                                                                                                                                                                                                                                                                                                                                                                                                                                                                                                                                                                                                                                                                                                                                                                                                                                                                                                                                                                                                                                                                                                                                                                                                                                                                                                                                                                                                                                                                                                                                                                                                                                                                                                                                                                                                                                                                                                                                                                                                                                                                                                                                                                                                                                                                                                                                                                                                                                                                                                                                                                                                                                                                                                                                                                                                                                                                                                                                                                                                                                                                                                                                                                                                                                                                                                                                                                                                                                                                                                                                                                                                                                                                                                                                                                                                                                                                                                                                                                                                                                                                                                                                                                                                                                                                                                                                                                                                                                                                                                                                                                                                                                                                                                                                                                                                                                                                                                                                                                                                                                                                                                                                                                                                                                                                                                                                                                                                                                                                                                                                                                                                                                                                                                                                                                                                                                                                                                                                                                                                                                                                                                                                                                                                                                                                                                                                                                                                                                                                                                                                                                                                                                                                                                                                                                                                                                                                                                                                                                                                                                                                                                                                                                                                                                                                                                                                                                                                                                                                                                                                                                                                                                                                                                                                                                                                                                                                                                                                                                                                                                                                                                                                                                                                                                                                                                                                                                                                                                                                                                                                                                                                                                                                                                                                                                                                                                                                                                                                                                                                                                                                                                                                                                                                                                                                                                                                                                                                                                                                                                                                                                                                                                                                                                                                                                                                                                                                                                                                                                                                                                                                                                                                                                                                                                                                                                                                                                                                                                                                                                                                                                                                                                                                                                                                                                                                                                                                                                                                                                                                                                                                                                                                                                                                                                                                                                                                                                                                                                                                                                                                                                                                                                                                                                                                                                                                                                                                                                                                                                                                                                                                                                                                                                                                                                                                                                                                                                                                                                                                                                                                                                                                                                                                                                                                                                                                                                                                                                                                                                                                                                                                                                                                                                                                                                                                                                                                                                                                                                                                                                                                                                                                                                                                                                                                                                                                                                                                                                                                                                                                                                                                                                                                                                                                                                                                                                                                                                                                                                                                                                                                                                                                                                                                                                                                                                                                                                                                                                                                                                                                                                                                                                                                                                                                                                                                                                                                                                                                                                                                                                                                                                                                                                                                                                                                                                                                                                                                                                                                                                                                                                                                                                                                                                                                                                                                                                                                                                                                                                                                                                                                                                                                                                                                                                                                                                                                                                                                                                                                                                                                                                                                                                                                                                                                                                                                                                                                                                                                                                                                                                                                                                                                                                                                                                                                                                                                                                                                                                                                                                                                                                                                                                                                                                                                                                                                                                                                                                                                                                                                                                                                                                                                                                                                                                                                                                                                                                                                                                                                                                                                                                                                                                                                                                                                                                                                                                                                                                                                                                                                                                                                                                                                                                                                                                                                                                                                                                                                                                                                                                                                                                                                                                                                                                                                                                                                                                                                                                                                                                                                                                                                                                                                                                                                                                                                                                                                                                                                                                                                                                                                                                                                                                                                                                                                                                                                                                                                                                                                                                                                                                                                                                                                                                                                                                                                                                                                                                                                                                                                                                                                                                                                                                                                                                                                                                                                                                                                                                                                                                                                                                                                                                                                                                                                                                                                                                                                                                                                                                                                                                                                                                                                                                                                                                                                                                                                                                                                                                                                                                                                                                                                                                                                                                                                                                                                                                                                                                                                                                                                                                                                                                                                                                                                                                                                                                                                                                                                                                                                                                                                                                                                                                                                                                                                                                                                                                                                                                                                                                                                                                                                                                                                                                                                                                                                                                                                                                                                                                                                                                                                                                                                                                                                                                                                                                                                                                                                                                                                                                                                                                                                                                                                                                                                                                                                                                                                                                                                                                                                                                                                                                                                                                                                                                                                                                                                                                                                                                                                                                                                                                                                                                                                                                                                                                                                                                                                                                                                                                                                                                                                                                                                                                                                                                                                                                                                                                                                                                                                                                                                                                                                                                                                                                                                                                                                                                                                                                                                                                                                                                                                                                                                                                                                                                                                                                                                                                                                                                                                                                                                                                                                                                                                                                                                                                                                                                                                                                                                                                                                                                                                                                                                                                                                                                                                                                                                                                                                                                                                                                                                                                                                                                                                                                                                                                                                                                                                                                                                                                                                                                                                                                                                                                                                                                                                                                                                                                                                                                                                                                                                                                                                                                                                                                                                                                                                                                                                                                                                                                                                                                                                                                                                                                                                                                                                                                                                                                                                                                                                                                                                                                                                                                                                                                                                                                                                                                                                                                                                                                                                                                                                                                                                                                                                                                                                                                                                                                                                                                                                                                                                                                                                                                                                                                                                                                                                                                                                                                                                                                                                                                                                                                                                                                                                                                                                                                                                                                                                                                                                                                                                                                                                                                                                                                                                                                                                                                                                                                                                                                                                                                                                                                                                                                                                                                                                                                                                                                                                                                                                                                                                                                                                                                                                                                                                                                                                                                                                                                                                                                                                                                                                                                                                                                                                                                                                                                                                                                                                                                                                                                                                                                                                                                                                                                                                                                                                                                                                                                                                                                                                                                                                                                                                                                                                                                                                                                                                                                                                                                                                                                                                                                                                                                                                                                                                                                                                                                                                                                                                                                                                                                                                                                                                                                                                                                                                                                                                                                                                                                                                                                                                                                                                                                                                                                                                                                                                                                                                                                                                                                                                                                                                                                                                                                                                                                                                                                                                                                                                                                                                                                                                                                                                                                                                                                                                                                                                                                                                                                                                                                                                                                                                                                                                                                                                                                                                                                                                                                                                                                                                                                                                                                                                                                                                                                                                                                                                                                                                                                                                                                                                                                                                                                                                                                                                                                                                                                                                                                                                                                                                                                                                                                                                                                                                                                                                                                                                                                                                                                                                                                                                                                                                                                                                                                                                                                                                                                                                                                                                                                                                                                                                                                                                                                                                                                                                                                                                                                                                                                                                                                                                                                                                                                                                                                                                                                                                                                                                                                                                                                                                                                                                                                                                                                                                                                                                                                                                                                                                                                                                                                                                                                                                                                                                                                                                                                                                                                                                                                                                                                                                                                                                                                                                                                                                                                                                                                                                                                                                                                                                                                                                                                                                                                                                                                                                                                                                                                                                                                                                                                                                                                                                                                                                                                                                                                                                                                                                                                                                                                                                                                                                                                                                                                                                                                                                                                                                                                                                                                                                                                                                                                                                                                                                                                                                                                                                                                                                                                                                                                                                                                                                                                                                                                                                                                                                                                                                                                                                                                                                                                                                                                                                                                                                                                                                                                                                                                                                                                                                                                                                                                                                                                                                                                                                                                                                                                                                                                                                                                                                                                                                                                                                                                                                                                                                                                                                                                                                                                                                                                                                                                                                                                                                                                                                                                                                                                                                                                                                                                                                                                                                                                                                                                                                                                                                                                                                                                                                                                                                                                                                                                                                                                                                                                                                                                                                                                                                                                                                                                                                                                                                                                                                                                                                                                                                                                                                                                                                                                                                                                                                                                                                                                                                                                                                                                                                                                                                                                                                                                                                                                                                                                                                                                                                                                                                                                                                                                                                                                                                                                                                                                                                                                                                                                                                                                                                                                                                                                                                                                                                                                                                                                                                                                                                                                                                                                                                                                                                                                                                                                                                                                                                                                                                                                                                                                                                                                                                                                                                                                                                                                                                                                                                                                                                                                                                                                                                                                                                                                                                                                                                                                                                                                                                                                                                                                                                                                                                                                                                                                                                                                                                                                                                                                                                                                                                                                                                                                                                                                                                                                                                                                                                                                                                                                                                                                                                                                                                                                                                                                                                                                                                                                                                                                                                                                                                                                                                                                                                                                                                                                                                                                                                                                                                                                                                                                                                                                                                                                                                                                                                                                                                                                                                                                                                                                                                                                                                                                                                                                                                                                                                                                                                                                                                                                                                        
[...]
</arguments>
<assign>
<var>${data}</var>
</assign>
<msg timestamp="20200919 13:11:19.848" level="INFO">${data} = {"accessKey":"4Ky6AV4hE0pWLeG1bXNw","btId":"1600492259.829974"}</msg>
<status status="PASS" starttime="20200919 13:11:19.847" endtime="20200919 13:11:19.848"></status>
</kw>
<kw name="Post Request" library="RequestsLibrary">
<doc>Send a POST request on the session object found using the
given `alias`</doc>
<arguments>
<arg>saas</arg>
<arg>${uri2}</arg>
<arg>${data}</arg>
</arguments>
<assign>
<var>${response}</var>
</assign>
<msg timestamp="20200919 13:11:19.857" level="INFO">POST Request : url=http://10.141.56.227:80/v2/saas/anti_fraud/query_audio 
 path_url=/v2/saas/anti_fraud/query_audio 
 headers={'User-Agent': 'python-requests/2.24.0', 'Accept-Encoding': 'gzip, deflate', 'Accept': '*/*', 'Connection': 'keep-alive', 'Content-Length': '63'} 
 body=b'{"accessKey":"4Ky6AV4hE0pWLeG1bXNw","btId":"1600492259.829974"}' 
 </msg>
<msg timestamp="20200919 13:11:19.857" level="INFO">POST Response : url=http://10.141.56.227:80/v2/saas/anti_fraud/query_audio 
 status=200, reason=OK 
 body={"code":1100,"message":"\u6210\u529f","requestId":"1a0a6307debd9d901d617395b0755906","btId":"1600492259.829974","audioText":"\u8001\u9e28\u97f3\u4f2a\u51fa\u6765\uff0c\u5927\u6982\u5c31\u662f\u8fd9\u4e2a\u611f\u89c9\u5927\u5bb6\u90fd\u770b\u8fc7\u5927\u9c7c\u6d77\u68e0\u662f\u5427\uff0c\u9c8d\u9c7c\u597d\u4e00\u5802\u4f60\u90a3\u8fd9\u4e2a\u9f20\u5a46\u7684\u89d2\u8272\u53d4\u4f2f\u7684\u58f0\u97f3\uff0c\u8ddf\u8001\u9e28\u7684\u58f0\u97f3\u5c31\u5f88\u50cf\u6c14\u606f\u65f6\u65ad\u65f6\u7eed\u5927\u6982\u662f\u697c\u8001\u9e28\u97f3\uff0c\u8fd9\u5e94\u8be5\u638c\u63e1\u4f4f\u7684\u7cbe\u9ad3\u52b3\u4fdd\u5c31\u662f\u9752\u697c\u91cc\u7684\u5988\u5988\u8001\u9e28\u8bf4\u8bdd\uff0c\u4e00\u822c\u559c\u6b22\u5728\u540e\u9762\u5728\u54ce\u5466","labels":"\u6b63\u5e38","riskLevel":"PASS"} 
 </msg>
<msg timestamp="20200919 13:11:19.857" level="INFO">${response} = &lt;Response [200]&gt;</msg>
<status status="PASS" starttime="20200919 13:11:19.848" endtime="20200919 13:11:19.857"></status>
</kw>
<kw name="Log" library="BuiltIn">
<doc>Logs the given message with the given level.</doc>
<arguments>
<arg>${response.status_code}</arg>
</arguments>
<msg timestamp="20200919 13:11:19.858" level="INFO">200</msg>
<status status="PASS" starttime="20200919 13:11:19.857" endtime="20200919 13:11:19.858"></status>
</kw>
<kw name="Set Variable" library="BuiltIn">
<doc>Returns the given values which can then be assigned to a variables.</doc>
<arguments>
<arg>${response.content}</arg>
</arguments>
<assign>
<var>${result}</var>
</assign>
<msg timestamp="20200919 13:11:19.859" level="INFO">${result} = {"code":1100,"message":"\u6210\u529f","requestId":"1a0a6307debd9d901d617395b0755906","btId":"1600492259.829974","audioText":"\u8001\u9e28\u97f3\u4f2a\u51fa\u6765\uff0c\u5927\u6982\u5c31\u662f\u8fd9\u4...</msg>
<status status="PASS" starttime="20200919 13:11:19.858" endtime="20200919 13:11:19.859"></status>
</kw>
<kw name="Loads" library="json">
<doc>Deserialize ``s`` (a ``str``, ``bytes`` or ``bytearray`` instance
containing a JSON document) to a Python object.</doc>
<arguments>
<arg>${result}</arg>
</arguments>
<assign>
<var>${result}</var>
</assign>
<msg timestamp="20200919 13:11:19.860" level="INFO">${result} = {'code': 1100, 'message': '成功', 'requestId': '1a0a6307debd9d901d617395b0755906', 'btId': '1600492259.829974', 'audioText': '老鸨音伪出来，大概就是这个感觉大家都看过大鱼海棠是吧，鲍鱼好一堂你那这个鼠婆的角色叔伯的声音，跟老鸨的声音就很像气息时断时续大概是楼老鸨音，这应该掌握住...</msg>
<status status="PASS" starttime="20200919 13:11:19.859" endtime="20200919 13:11:19.860"></status>
</kw>
<kw name="Log" library="BuiltIn">
<doc>Logs the given message with the given level.</doc>
<arguments>
<arg>${result}</arg>
</arguments>
<msg timestamp="20200919 13:11:19.861" level="INFO">{'code': 1100, 'message': '成功', 'requestId': '1a0a6307debd9d901d617395b0755906', 'btId': '1600492259.829974', 'audioText': '老鸨音伪出来，大概就是这个感觉大家都看过大鱼海棠是吧，鲍鱼好一堂你那这个鼠婆的角色叔伯的声音，跟老鸨的声音就很像气息时断时续大概是楼老鸨音，这应该掌握住的精髓劳保就是青楼里的妈妈老鸨说话，一般喜欢在后面在哎呦', 'labels': '正常', 'riskLevel': 'PASS'}</msg>
<status status="PASS" starttime="20200919 13:11:19.860" endtime="20200919 13:11:19.861"></status>
</kw>
<doc>type为SCENE场景识别</doc>
<status status="PASS" starttime="20200919 13:10:59.828" endtime="20200919 13:11:19.861" critical="yes"></status>
</test>
<test id="s1-t14" name="type-GENDER">
<kw name="Create Session" library="RequestsLibrary">
<doc>Create Session: create a HTTP session to a server</doc>
<arguments>
<arg>saas</arg>
<arg>${url}</arg>
</arguments>
<msg timestamp="20200919 13:11:19.863" level="INFO">Creating Session using : alias=saas, url=http://10.141.56.227:80, headers={},                     cookies={}, auth=None, timeout=None, proxies=None, verify=False,                     debug=0 </msg>
<status status="PASS" starttime="20200919 13:11:19.863" endtime="20200919 13:11:19.864"></status>
</kw>
<kw name="Get Current Date" library="DateTime">
<doc>Returns current local or UTC time with an optional increment.</doc>
<arguments>
<arg>result_format=epoch</arg>
</arguments>
<assign>
<var>${btid}</var>
</assign>
<msg timestamp="20200919 13:11:19.865" level="INFO">${btid} = 1600492279.864539</msg>
<status status="PASS" starttime="20200919 13:11:19.864" endtime="20200919 13:11:19.865"></status>
</kw>
<kw name="Set Variable" library="BuiltIn">
<doc>Returns the given values which can then be assigned to a variables.</doc>
<arguments>
<arg>GENDER</arg>
</arguments>
<assign>
<var>${type}</var>
</assign>
<msg timestamp="20200919 13:11:19.866" level="INFO">${type} = GENDER</msg>
<status status="PASS" starttime="20200919 13:11:19.865" endtime="20200919 13:11:19.866"></status>
</kw>
<kw name="Set Variable" library="BuiltIn">
<doc>Returns the given values which can then be assigned to a variables.</doc>
<arguments>
<arg>{"accessKey":"${accesskey}","type":"${type}","btid":"${btid}","appId":"default","data":{"audioName":"可选值","ip":"10.0.23.32","channel":"AUDIO","tokenId":"toekn123","url":"http://audio-tmp.cdn.bcebos.com/laobao.mp3"}}</arg>
</arguments>
<assign>
<var>${data}</var>
</assign>
<msg timestamp="20200919 13:11:19.866" level="INFO">${data} = {"accessKey":"4Ky6AV4hE0pWLeG1bXNw","type":"GENDER","btid":"1600492279.864539","appId":"default","data":{"audioName":"可选值","ip":"10.0.23.32","channel":"AUDIO","tokenId":"toekn123","url":"http://audio-...</msg>
<status status="PASS" starttime="20200919 13:11:19.866" endtime="20200919 13:11:19.866"></status>
</kw>
<kw name="Post Request" library="RequestsLibrary">
<doc>Send a POST request on the session object found using the
given `alias`</doc>
<arguments>
<arg>saas</arg>
<arg>${uri1}</arg>
<arg>${data}</arg>
</arguments>
<assign>
<var>${response}</var>
</assign>
<msg timestamp="20200919 13:11:19.875" level="INFO">POST Request : url=http://10.141.56.227:80/v2/saas/anti_fraud/audio 
 path_url=/v2/saas/anti_fraud/audio 
 headers={'User-Agent': 'python-requests/2.24.0', 'Accept-Encoding': 'gzip, deflate', 'Accept': '*/*', 'Connection': 'keep-alive', 'Content-Length': '238'} 
 body=b'{"accessKey":"4Ky6AV4hE0pWLeG1bXNw","type":"GENDER","btid":"1600492279.864539","appId":"default","data":{"audioName":"\xe5\x8f\xaf\xe9\x80\x89\xe5\x80\xbc","ip":"10.0.23.32","channel":"AUDIO","tokenId":"toekn123","url":"http://audio-tmp.cdn.bcebos.com/laobao.mp3"}}' 
 </msg>
<msg timestamp="20200919 13:11:19.876" level="INFO">POST Response : url=http://10.141.56.227:80/v2/saas/anti_fraud/audio 
 status=200, reason=OK 
 body={"code":1100,"message":"\u6210\u529f","requestId":"0f54c9f70f2a250cee65004104c33a14","btId":"1600492279.864539"} 
 </msg>
<msg timestamp="20200919 13:11:19.876" level="INFO">${response} = &lt;Response [200]&gt;</msg>
<status status="PASS" starttime="20200919 13:11:19.866" endtime="20200919 13:11:19.876"></status>
</kw>
<kw name="Log" library="BuiltIn">
<doc>Logs the given message with the given level.</doc>
<arguments>
<arg>${response.status_code}</arg>
</arguments>
<msg timestamp="20200919 13:11:19.876" level="INFO">200</msg>
<status status="PASS" starttime="20200919 13:11:19.876" endtime="20200919 13:11:19.876"></status>
</kw>
<kw name="Set Variable" library="BuiltIn">
<doc>Returns the given values which can then be assigned to a variables.</doc>
<arguments>
<arg>${response.content}</arg>
</arguments>
<assign>
<var>${result}</var>
</assign>
<msg timestamp="20200919 13:11:19.877" level="INFO">${result} = {"code":1100,"message":"\u6210\u529f","requestId":"0f54c9f70f2a250cee65004104c33a14","btId":"1600492279.864539"}</msg>
<status status="PASS" starttime="20200919 13:11:19.877" endtime="20200919 13:11:19.877"></status>
</kw>
<kw name="Log" library="BuiltIn">
<doc>Logs the given message with the given level.</doc>
<arguments>
<arg>${result}</arg>
</arguments>
<msg timestamp="20200919 13:11:19.877" level="INFO">{"code":1100,"message":"\u6210\u529f","requestId":"0f54c9f70f2a250cee65004104c33a14","btId":"1600492279.864539"}</msg>
<status status="PASS" starttime="20200919 13:11:19.877" endtime="20200919 13:11:19.877"></status>
</kw>
<kw name="Loads" library="json">
<doc>Deserialize ``s`` (a ``str``, ``bytes`` or ``bytearray`` instance
containing a JSON document) to a Python object.</doc>
<arguments>
<arg>${result}</arg>
</arguments>
<assign>
<var>${result}</var>
</assign>
<msg timestamp="20200919 13:11:19.878" level="INFO">${result} = {'code': 1100, 'message': '成功', 'requestId': '0f54c9f70f2a250cee65004104c33a14', 'btId': '1600492279.864539'}</msg>
<status status="PASS" starttime="20200919 13:11:19.878" endtime="20200919 13:11:19.878"></status>
</kw>
<kw name="Get Json Value" library="RequestKeywords">
<doc>Get the target node of the JSON document `json_string` specified by `json_pointer`.</doc>
<arguments>
<arg>${result}</arg>
<arg>/code</arg>
</arguments>
<assign>
<var>${code}</var>
</assign>
<msg timestamp="20200919 13:11:19.878" level="INFO">${code} = 1100</msg>
<status status="PASS" starttime="20200919 13:11:19.878" endtime="20200919 13:11:19.878"></status>
</kw>
<kw name="Get Json Value" library="RequestKeywords">
<doc>Get the target node of the JSON document `json_string` specified by `json_pointer`.</doc>
<arguments>
<arg>${result}</arg>
<arg>/message</arg>
</arguments>
<assign>
<var>${message}</var>
</assign>
<msg timestamp="20200919 13:11:19.879" level="INFO">${message} = "成功"</msg>
<status status="PASS" starttime="20200919 13:11:19.879" endtime="20200919 13:11:19.879"></status>
</kw>
<kw name="Should Be Equal" library="BuiltIn">
<doc>Fails if the given objects are unequal.</doc>
<arguments>
<arg>${code}</arg>
<arg>1100</arg>
</arguments>
<status status="PASS" starttime="20200919 13:11:19.879" endtime="20200919 13:11:19.879"></status>
</kw>
<kw name="Should Be Equal" library="BuiltIn">
<doc>Fails if the given objects are unequal.</doc>
<arguments>
<arg>${message}</arg>
<arg>"成功"</arg>
</arguments>
<status status="PASS" starttime="20200919 13:11:19.880" endtime="20200919 13:11:19.880"></status>
</kw>
<kw name="Sleep" library="BuiltIn">
<doc>Pauses the test executed for the given time.</doc>
<arguments>
<arg>20</arg>
</arguments>
<status status="FAIL" starttime="20200919 13:11:19.880" endtime="20200919 13:11:26.275"></status>
</kw>
<doc>type为gender性别识别</doc>
<status status="FAIL" starttime="20200919 13:11:19.862" endtime="20200919 13:11:26.276" critical="yes">Execution terminated by signal</status>
</test>
<test id="s1-t15" name="type-ABUSE">
<doc>type为gender性别识别</doc>
<tags>
<tag>robot:exit</tag>
</tags>
<status status="FAIL" starttime="20200919 13:11:26.276" endtime="20200919 13:11:26.277" critical="yes">Test execution stopped due to a fatal error.</status>
</test>
<test id="s1-t16" name="type-SCENE_GENDER">
<doc>type组合为scene和gender</doc>
<tags>
<tag>robot:exit</tag>
</tags>
<status status="FAIL" starttime="20200919 13:11:26.277" endtime="20200919 13:11:26.278" critical="yes">Test execution stopped due to a fatal error.</status>
</test>
<test id="s1-t17" name="type-SCENE_PORN">
<doc>type组合为scene和gender</doc>
<tags>
<tag>robot:exit</tag>
</tags>
<status status="FAIL" starttime="20200919 13:11:26.278" endtime="20200919 13:11:26.279" critical="yes">Test execution stopped due to a fatal error.</status>
</test>
<test id="s1-t18" name="type-SCENE_MOAN">
<doc>type组合为scene和gender</doc>
<tags>
<tag>robot:exit</tag>
</tags>
<status status="FAIL" starttime="20200919 13:11:26.279" endtime="20200919 13:11:26.280" critical="yes">Test execution stopped due to a fatal error.</status>
</test>
<test id="s1-t19" name="type-SCENE_DEFAULT">
<doc>type组合为scene和gender</doc>
<tags>
<tag>robot:exit</tag>
</tags>
<status status="FAIL" starttime="20200919 13:11:26.280" endtime="20200919 13:11:26.281" critical="yes">Test execution stopped due to a fatal error.</status>
</test>
<test id="s1-t20" name="type-GENDER_PORN">
<doc>type是组合</doc>
<tags>
<tag>robot:exit</tag>
</tags>
<status status="FAIL" starttime="20200919 13:11:26.281" endtime="20200919 13:11:26.282" critical="yes">Test execution stopped due to a fatal error.</status>
</test>
<test id="s1-t21" name="type-GENDER_MOAN">
<doc>type是组合</doc>
<tags>
<tag>robot:exit</tag>
</tags>
<status status="FAIL" starttime="20200919 13:11:26.282" endtime="20200919 13:11:26.282" critical="yes">Test execution stopped due to a fatal error.</status>
</test>
<test id="s1-t22" name="type-GENDER_DEFAULT">
<doc>type是组合</doc>
<tags>
<tag>robot:exit</tag>
</tags>
<status status="FAIL" starttime="20200919 13:11:26.283" endtime="20200919 13:11:26.283" critical="yes">Test execution stopped due to a fatal error.</status>
</test>
<test id="s1-t23" name="type-MOAN_PORN">
<doc>所有必填参数和addtion选填参数，addition传入EMOTION参数</doc>
<tags>
<tag>robot:exit</tag>
</tags>
<status status="FAIL" starttime="20200919 13:11:26.284" endtime="20200919 13:11:26.285" critical="yes">Test execution stopped due to a fatal error.</status>
</test>
<test id="s1-t24" name="type-AD_MOAN">
<doc>所有必填参数和addtion选填参数，addition传入EMOTION参数</doc>
<tags>
<tag>robot:exit</tag>
</tags>
<status status="FAIL" starttime="20200919 13:11:26.285" endtime="20200919 13:11:26.286" critical="yes">Test execution stopped due to a fatal error.</status>
</test>
<test id="s1-t25" name="type-AD_PORN">
<doc>所有必填参数和addtion选填参数，addition传入EMOTION参数</doc>
<tags>
<tag>robot:exit</tag>
</tags>
<status status="FAIL" starttime="20200919 13:11:26.287" endtime="20200919 13:11:26.288" critical="yes">Test execution stopped due to a fatal error.</status>
</test>
<test id="s1-t26" name="type-null">
<doc>type字段为空</doc>
<tags>
<tag>robot:exit</tag>
</tags>
<status status="FAIL" starttime="20200919 13:11:26.288" endtime="20200919 13:11:26.289" critical="yes">Test execution stopped due to a fatal error.</status>
</test>
<test id="s1-t27" name="type-not-exist">
<doc>非法type</doc>
<tags>
<tag>robot:exit</tag>
</tags>
<status status="FAIL" starttime="20200919 13:11:26.289" endtime="20200919 13:11:26.289" critical="yes">Test execution stopped due to a fatal error.</status>
</test>
<test id="s1-t28" name="type-miss">
<doc>缺少type字段</doc>
<tags>
<tag>robot:exit</tag>
</tags>
<status status="FAIL" starttime="20200919 13:11:26.290" endtime="20200919 13:11:26.290" critical="yes">Test execution stopped due to a fatal error.</status>
</test>
<test id="s1-t29" name="nonexist-para-commit">
<doc>传入不存在的参数，其他参数均正常</doc>
<tags>
<tag>robot:exit</tag>
</tags>
<status status="FAIL" starttime="20200919 13:11:26.291" endtime="20200919 13:11:26.292" critical="yes">Test execution stopped due to a fatal error.</status>
</test>
<test id="s1-t30" name="btid-miss">
<doc>缺少btid字段</doc>
<tags>
<tag>robot:exit</tag>
</tags>
<status status="FAIL" starttime="20200919 13:11:26.292" endtime="20200919 13:11:26.293" critical="yes">Test execution stopped due to a fatal error.</status>
</test>
<test id="s1-t31" name="btid-null">
<doc>btit字段为空</doc>
<tags>
<tag>robot:exit</tag>
</tags>
<status status="FAIL" starttime="20200919 13:11:26.293" endtime="20200919 13:11:26.293" critical="yes">Test execution stopped due to a fatal error.</status>
</test>
<test id="s1-t32" name="btid-illegal-data">
<doc>btid传入""值，返回json格式不正确</doc>
<tags>
<tag>robot:exit</tag>
</tags>
<status status="FAIL" starttime="20200919 13:11:26.294" endtime="20200919 13:11:26.295" critical="yes">Test execution stopped due to a fatal error.</status>
</test>
<test id="s1-t33" name="url-illegal">
<doc>url字段为无效音频网址，查询返回1903错误</doc>
<tags>
<tag>robot:exit</tag>
</tags>
<status status="FAIL" starttime="20200919 13:11:26.295" endtime="20200919 13:11:26.296" critical="yes">Test execution stopped due to a fatal error.</status>
</test>
<test id="s1-t34" name="url-miss">
<doc>缺少url，其他选填参数都存在</doc>
<tags>
<tag>robot:exit</tag>
</tags>
<status status="FAIL" starttime="20200919 13:11:26.296" endtime="20200919 13:11:26.297" critical="yes">Test execution stopped due to a fatal error.</status>
</test>
<test id="s1-t35" name="url-null">
<doc>url字段为空</doc>
<tags>
<tag>robot:exit</tag>
</tags>
<status status="FAIL" starttime="20200919 13:11:26.298" endtime="20200919 13:11:26.298" critical="yes">Test execution stopped due to a fatal error.</status>
</test>
<test id="s1-t36" name="callBack">
<doc>增加回调</doc>
<tags>
<tag>robot:exit</tag>
</tags>
<status status="FAIL" starttime="20200919 13:11:26.298" endtime="20200919 13:11:26.299" critical="yes">Test execution stopped due to a fatal error.</status>
</test>
<test id="s1-t37" name="callBack-iregal">
<doc>回调地址为非法参数</doc>
<tags>
<tag>robot:exit</tag>
</tags>
<status status="FAIL" starttime="20200919 13:11:26.299" endtime="20200919 13:11:26.300" critical="yes">Test execution stopped due to a fatal error.</status>
</test>
<test id="s1-t38" name="callBack-拒绝连接">
<doc>回调地址为非法参数</doc>
<tags>
<tag>robot:exit</tag>
</tags>
<status status="FAIL" starttime="20200919 13:11:26.301" endtime="20200919 13:11:26.302" critical="yes">Test execution stopped due to a fatal error.</status>
</test>
<test id="s1-t39" name="callBack-null">
<doc>回调地址为空</doc>
<tags>
<tag>robot:exit</tag>
</tags>
<status status="FAIL" starttime="20200919 13:11:26.302" endtime="20200919 13:11:26.303" critical="yes">Test execution stopped due to a fatal error.</status>
</test>
<test id="s1-t40" name="callbackParam-iregal">
<doc>回调参数非法内容格式</doc>
<tags>
<tag>robot:exit</tag>
</tags>
<status status="FAIL" starttime="20200919 13:11:26.303" endtime="20200919 13:11:26.304" critical="yes">Test execution stopped due to a fatal error.</status>
</test>
<test id="s1-t41" name="callbackParam-null">
<doc>回调参数为空</doc>
<tags>
<tag>robot:exit</tag>
</tags>
<status status="FAIL" starttime="20200919 13:11:26.304" endtime="20200919 13:11:26.305" critical="yes">Test execution stopped due to a fatal error.</status>
</test>
<test id="s1-t42" name="returnAllText-reject">
<doc>回调返回全部文本</doc>
<tags>
<tag>robot:exit</tag>
</tags>
<status status="FAIL" starttime="20200919 13:11:26.305" endtime="20200919 13:11:26.306" critical="yes">Test execution stopped due to a fatal error.</status>
</test>
<test id="s1-t43" name="returnAllText-pass">
<doc>回调返回全部文本</doc>
<tags>
<tag>robot:exit</tag>
</tags>
<status status="FAIL" starttime="20200919 13:11:26.306" endtime="20200919 13:11:26.307" critical="yes">Test execution stopped due to a fatal error.</status>
</test>
<test id="s1-t44" name="muteDetection">
<doc>静音检测，第一段静音不过AE，第二段内容123
增加label字段标识静音（回调和查询）</doc>
<tags>
<tag>robot:exit</tag>
</tags>
<status status="FAIL" starttime="20200919 13:11:26.307" endtime="20200919 13:11:26.309" critical="yes">Test execution stopped due to a fatal error.</status>
</test>
<status status="FAIL" starttime="20200919 13:08:47.336" endtime="20200919 13:11:26.311"></status>
</suite>
<statistics>
<total>
<stat pass="13" fail="31">Critical Tests</stat>
<stat pass="13" fail="31">All Tests</stat>
</total>
<tag>
<stat pass="13" fail="1" info="combined" combined="NOT robot:exit">NOT robot:exit</stat>
<stat pass="0" fail="30">robot:exit</stat>
</tag>
<suite>
<stat pass="13" fail="31" id="s1" name="Private-Audio-Oppo">Private-Audio-Oppo</stat>
</suite>
</statistics>
<errors>
</errors>
</robot>
