<?xml version="1.0" encoding="UTF-8"?>
<robot generator="Robot 3.2.2 (Python 3.6.12 on linux)" generated="20200921 14:26:04.218" rpa="false">
<suite id="s1" name="Private-Audio-Oppo" source="/root/haisong/audio-tool/audio-case/testcase/private-audio-oppo.txt">
<test id="s1-t1" name="query-nonexist-para">
<kw name="Create Session" library="RequestsLibrary">
<doc>Create Session: create a HTTP session to a server</doc>
<arguments>
<arg>saas</arg>
<arg>${url}</arg>
</arguments>
<msg timestamp="20200921 14:26:04.402" level="INFO">Creating Session using : alias=saas, url=http://localhost:19091, headers={},                     cookies={}, auth=None, timeout=None, proxies=None, verify=False,                     debug=0 </msg>
<status status="PASS" starttime="20200921 14:26:04.402" endtime="20200921 14:26:04.403"></status>
</kw>
<kw name="Get Current Date" library="DateTime">
<doc>Returns current local or UTC time with an optional increment.</doc>
<arguments>
<arg>result_format=epoch</arg>
</arguments>
<assign>
<var>${btid}</var>
</assign>
<msg timestamp="20200921 14:26:04.403" level="INFO">${btid} = 1600669564.4029</msg>
<status status="PASS" starttime="20200921 14:26:04.403" endtime="20200921 14:26:04.403"></status>
</kw>
<kw name="Set Variable" library="BuiltIn">
<doc>Returns the given values which can then be assigned to a variables.</doc>
<arguments>
<arg>{"accessKey":"${accesskey}","type":"PORN","btid":"${btid}","data":{"audioName":"可选值","ip":"10.0.23.32可选","channel":"AUDIO","tokenId":"toekn123","url":"http://sdkalarm.bj.bcebos.com/yanshi/political08.mp3"}}</arg>
</arguments>
<assign>
<var>${data}</var>
</assign>
<msg timestamp="20200921 14:26:04.404" level="INFO">${data} = {"accessKey":"X4nf23B7TpsQeKrGMD3G","type":"PORN","btid":"1600669564.4029","data":{"audioName":"可选值","ip":"10.0.23.32可选","channel":"AUDIO","tokenId":"toekn123","url":"http://sdkalarm.bj.bcebos.com/yan...</msg>
<status status="PASS" starttime="20200921 14:26:04.403" endtime="20200921 14:26:04.404"></status>
</kw>
<kw name="Post Request" library="RequestsLibrary">
<doc>Send a POST request on the session object found using the
given `alias`</doc>
<arguments>
<arg>saas</arg>
<arg>${uri1}</arg>
<arg>${data}</arg>
</arguments>
<assign>
<var>${response}</var>
</assign>
<msg timestamp="20200921 14:26:04.416" level="INFO">POST Request : url=http://localhost:19091/v2/saas/anti_fraud/audio 
 path_url=/v2/saas/anti_fraud/audio 
 headers={'User-Agent': 'python-requests/2.24.0', 'Accept-Encoding': 'gzip, deflate', 'Accept': '*/*', 'Connection': 'keep-alive', 'Content-Length': '232'} 
 body=b'{"accessKey":"X4nf23B7TpsQeKrGMD3G","type":"PORN","btid":"1600669564.4029","data":{"audioName":"\xe5\x8f\xaf\xe9\x80\x89\xe5\x80\xbc","ip":"10.0.23.32\xe5\x8f\xaf\xe9\x80\x89","channel":"AUDIO","tokenId":"toekn123","url":"http://sdkalarm.bj.bcebos.com/yanshi/political08.mp3"}}' 
 </msg>
<msg timestamp="20200921 14:26:04.416" level="INFO">POST Response : url=http://localhost:19091/v2/saas/anti_fraud/audio 
 status=200, reason=OK 
 body={"code":1100,"message":"\u6210\u529f","requestId":"d39209de5670bab849a9dc8588eb35c2","btId":"1600669564.4029"} 
 </msg>
<msg timestamp="20200921 14:26:04.416" level="INFO">${response} = &lt;Response [200]&gt;</msg>
<status status="PASS" starttime="20200921 14:26:04.404" endtime="20200921 14:26:04.416"></status>
</kw>
<kw name="Log" library="BuiltIn">
<doc>Logs the given message with the given level.</doc>
<arguments>
<arg>${response.status_code}</arg>
</arguments>
<msg timestamp="20200921 14:26:04.417" level="INFO">200</msg>
<status status="PASS" starttime="20200921 14:26:04.416" endtime="20200921 14:26:04.417"></status>
</kw>
<kw name="Set Variable" library="BuiltIn">
<doc>Returns the given values which can then be assigned to a variables.</doc>
<arguments>
<arg>${response.content}</arg>
</arguments>
<assign>
<var>${result}</var>
</assign>
<msg timestamp="20200921 14:26:04.417" level="INFO">${result} = {"code":1100,"message":"\u6210\u529f","requestId":"d39209de5670bab849a9dc8588eb35c2","btId":"1600669564.4029"}</msg>
<status status="PASS" starttime="20200921 14:26:04.417" endtime="20200921 14:26:04.417"></status>
</kw>
<kw name="Log" library="BuiltIn">
<doc>Logs the given message with the given level.</doc>
<arguments>
<arg>${result}</arg>
</arguments>
<msg timestamp="20200921 14:26:04.417" level="INFO">{"code":1100,"message":"\u6210\u529f","requestId":"d39209de5670bab849a9dc8588eb35c2","btId":"1600669564.4029"}</msg>
<status status="PASS" starttime="20200921 14:26:04.417" endtime="20200921 14:26:04.417"></status>
</kw>
<kw name="Sleep" library="BuiltIn">
<doc>Pauses the test executed for the given time.</doc>
<arguments>
<arg>10</arg>
</arguments>
<status status="FAIL" starttime="20200921 14:26:04.418" endtime="20200921 14:26:08.783"></status>
</kw>
<doc>查询接口使用不存在的参数</doc>
<status status="FAIL" starttime="20200921 14:26:04.401" endtime="20200921 14:26:08.783" critical="yes">Execution terminated by signal</status>
</test>
<test id="s1-t2" name="handel-data-result-porn">
<doc>正确离线处理</doc>
<tags>
<tag>robot:exit</tag>
</tags>
<status status="FAIL" starttime="20200921 14:26:08.783" endtime="20200921 14:26:08.785" critical="yes">Test execution stopped due to a fatal error.</status>
</test>
<test id="s1-t3" name="accesskey-not-exist">
<doc>不存在accesskey</doc>
<tags>
<tag>robot:exit</tag>
</tags>
<status status="FAIL" starttime="20200921 14:26:08.785" endtime="20200921 14:26:08.786" critical="yes">Test execution stopped due to a fatal error.</status>
</test>
<test id="s1-t4" name="accesskey-null">
<doc>查询接口accesskey为空</doc>
<tags>
<tag>robot:exit</tag>
</tags>
<status status="FAIL" starttime="20200921 14:26:08.786" endtime="20200921 14:26:08.787" critical="yes">Test execution stopped due to a fatal error.</status>
</test>
<test id="s1-t5" name="accesskey-miss">
<doc>查询接口没有accesskey</doc>
<tags>
<tag>robot:exit</tag>
</tags>
<status status="FAIL" starttime="20200921 14:26:08.787" endtime="20200921 14:26:08.787" critical="yes">Test execution stopped due to a fatal error.</status>
</test>
<test id="s1-t6" name="type-all">
<doc>所有必填参数和addtion选填参数，addition传入EMOTION参数</doc>
<tags>
<tag>robot:exit</tag>
</tags>
<status status="FAIL" starttime="20200921 14:26:08.788" endtime="20200921 14:26:08.789" critical="yes">Test execution stopped due to a fatal error.</status>
</test>
<test id="s1-t7" name="typ-LANGUAGE">
<doc>接口所有必填参数使用合法值，提交音频后，立即调用查询接口，返回1101正在处理中code码</doc>
<tags>
<tag>robot:exit</tag>
</tags>
<status status="FAIL" starttime="20200921 14:26:08.789" endtime="20200921 14:26:08.791" critical="yes">Test execution stopped due to a fatal error.</status>
</test>
<test id="s1-t8" name="type-SING">
<doc>接口所有必填参数使用合法值</doc>
<tags>
<tag>robot:exit</tag>
</tags>
<status status="FAIL" starttime="20200921 14:26:08.791" endtime="20200921 14:26:08.792" critical="yes">Test execution stopped due to a fatal error.</status>
</test>
<test id="s1-t9" name="type-AD-all">
<doc>接口所有必填参数使用合法值</doc>
<tags>
<tag>robot:exit</tag>
</tags>
<status status="FAIL" starttime="20200921 14:26:08.792" endtime="20200921 14:26:08.793" critical="yes">Test execution stopped due to a fatal error.</status>
</test>
<test id="s1-t10" name="type-political-appid-select">
<doc>所有必填参数和appId选填参数</doc>
<tags>
<tag>robot:exit</tag>
</tags>
<status status="FAIL" starttime="20200921 14:26:08.793" endtime="20200921 14:26:08.794" critical="yes">Test execution stopped due to a fatal error.</status>
</test>
<test id="s1-t11" name="type-emoiton">
<doc>接口所有必填参数使用合法值，提交音频后，立即调用查询接口，返回1101正在处理中code码</doc>
<tags>
<tag>robot:exit</tag>
</tags>
<status status="FAIL" starttime="20200921 14:26:08.795" endtime="20200921 14:26:08.796" critical="yes">Test execution stopped due to a fatal error.</status>
</test>
<test id="s1-t12" name="type-moan">
<doc>接口所有必填参数使用合法值，提交音频后，立即调用查询接口，返回1101正在处理中code码</doc>
<tags>
<tag>robot:exit</tag>
</tags>
<status status="FAIL" starttime="20200921 14:26:08.797" endtime="20200921 14:26:08.799" critical="yes">Test execution stopped due to a fatal error.</status>
</test>
<test id="s1-t13" name="type-SCENE">
<doc>type为SCENE场景识别</doc>
<tags>
<tag>robot:exit</tag>
</tags>
<status status="FAIL" starttime="20200921 14:26:08.799" endtime="20200921 14:26:08.800" critical="yes">Test execution stopped due to a fatal error.</status>
</test>
<test id="s1-t14" name="type-GENDER">
<doc>type为gender性别识别</doc>
<tags>
<tag>robot:exit</tag>
</tags>
<status status="FAIL" starttime="20200921 14:26:08.800" endtime="20200921 14:26:08.800" critical="yes">Test execution stopped due to a fatal error.</status>
</test>
<test id="s1-t15" name="type-ABUSE">
<doc>type为gender性别识别</doc>
<tags>
<tag>robot:exit</tag>
</tags>
<status status="FAIL" starttime="20200921 14:26:08.801" endtime="20200921 14:26:08.801" critical="yes">Test execution stopped due to a fatal error.</status>
</test>
<test id="s1-t16" name="type-SCENE_GENDER">
<doc>type组合为scene和gender</doc>
<tags>
<tag>robot:exit</tag>
</tags>
<status status="FAIL" starttime="20200921 14:26:08.801" endtime="20200921 14:26:08.802" critical="yes">Test execution stopped due to a fatal error.</status>
</test>
<test id="s1-t17" name="type-SCENE_PORN">
<doc>type组合为scene和gender</doc>
<tags>
<tag>robot:exit</tag>
</tags>
<status status="FAIL" starttime="20200921 14:26:08.802" endtime="20200921 14:26:08.803" critical="yes">Test execution stopped due to a fatal error.</status>
</test>
<test id="s1-t18" name="type-SCENE_MOAN">
<doc>type组合为scene和gender</doc>
<tags>
<tag>robot:exit</tag>
</tags>
<status status="FAIL" starttime="20200921 14:26:08.803" endtime="20200921 14:26:08.803" critical="yes">Test execution stopped due to a fatal error.</status>
</test>
<test id="s1-t19" name="type-SCENE_DEFAULT">
<doc>type组合为scene和gender</doc>
<tags>
<tag>robot:exit</tag>
</tags>
<status status="FAIL" starttime="20200921 14:26:08.804" endtime="20200921 14:26:08.804" critical="yes">Test execution stopped due to a fatal error.</status>
</test>
<test id="s1-t20" name="type-GENDER_PORN">
<doc>type是组合</doc>
<tags>
<tag>robot:exit</tag>
</tags>
<status status="FAIL" starttime="20200921 14:26:08.804" endtime="20200921 14:26:08.805" critical="yes">Test execution stopped due to a fatal error.</status>
</test>
<test id="s1-t21" name="type-GENDER_MOAN">
<doc>type是组合</doc>
<tags>
<tag>robot:exit</tag>
</tags>
<status status="FAIL" starttime="20200921 14:26:08.805" endtime="20200921 14:26:08.806" critical="yes">Test execution stopped due to a fatal error.</status>
</test>
<test id="s1-t22" name="type-GENDER_DEFAULT">
<doc>type是组合</doc>
<tags>
<tag>robot:exit</tag>
</tags>
<status status="FAIL" starttime="20200921 14:26:08.806" endtime="20200921 14:26:08.806" critical="yes">Test execution stopped due to a fatal error.</status>
</test>
<test id="s1-t23" name="type-MOAN_PORN">
<doc>所有必填参数和addtion选填参数，addition传入EMOTION参数</doc>
<tags>
<tag>robot:exit</tag>
</tags>
<status status="FAIL" starttime="20200921 14:26:08.806" endtime="20200921 14:26:08.808" critical="yes">Test execution stopped due to a fatal error.</status>
</test>
<test id="s1-t24" name="type-AD_MOAN">
<doc>所有必填参数和addtion选填参数，addition传入EMOTION参数</doc>
<tags>
<tag>robot:exit</tag>
</tags>
<status status="FAIL" starttime="20200921 14:26:08.808" endtime="20200921 14:26:08.809" critical="yes">Test execution stopped due to a fatal error.</status>
</test>
<test id="s1-t25" name="type-AD_PORN">
<doc>所有必填参数和addtion选填参数，addition传入EMOTION参数</doc>
<tags>
<tag>robot:exit</tag>
</tags>
<status status="FAIL" starttime="20200921 14:26:08.809" endtime="20200921 14:26:08.810" critical="yes">Test execution stopped due to a fatal error.</status>
</test>
<test id="s1-t26" name="type-null">
<doc>type字段为空</doc>
<tags>
<tag>robot:exit</tag>
</tags>
<status status="FAIL" starttime="20200921 14:26:08.810" endtime="20200921 14:26:08.811" critical="yes">Test execution stopped due to a fatal error.</status>
</test>
<test id="s1-t27" name="type-not-exist">
<doc>非法type</doc>
<tags>
<tag>robot:exit</tag>
</tags>
<status status="FAIL" starttime="20200921 14:26:08.811" endtime="20200921 14:26:08.812" critical="yes">Test execution stopped due to a fatal error.</status>
</test>
<test id="s1-t28" name="type-miss">
<doc>缺少type字段</doc>
<tags>
<tag>robot:exit</tag>
</tags>
<status status="FAIL" starttime="20200921 14:26:08.812" endtime="20200921 14:26:08.812" critical="yes">Test execution stopped due to a fatal error.</status>
</test>
<test id="s1-t29" name="nonexist-para-commit">
<doc>传入不存在的参数，其他参数均正常</doc>
<tags>
<tag>robot:exit</tag>
</tags>
<status status="FAIL" starttime="20200921 14:26:08.812" endtime="20200921 14:26:08.814" critical="yes">Test execution stopped due to a fatal error.</status>
</test>
<test id="s1-t30" name="btid-miss">
<doc>缺少btid字段</doc>
<tags>
<tag>robot:exit</tag>
</tags>
<status status="FAIL" starttime="20200921 14:26:08.814" endtime="20200921 14:26:08.814" critical="yes">Test execution stopped due to a fatal error.</status>
</test>
<test id="s1-t31" name="btid-null">
<doc>btit字段为空</doc>
<tags>
<tag>robot:exit</tag>
</tags>
<status status="FAIL" starttime="20200921 14:26:08.814" endtime="20200921 14:26:08.815" critical="yes">Test execution stopped due to a fatal error.</status>
</test>
<test id="s1-t32" name="btid-illegal-data">
<doc>btid传入""值，返回json格式不正确</doc>
<tags>
<tag>robot:exit</tag>
</tags>
<status status="FAIL" starttime="20200921 14:26:08.815" endtime="20200921 14:26:08.816" critical="yes">Test execution stopped due to a fatal error.</status>
</test>
<test id="s1-t33" name="url-illegal">
<doc>url字段为无效音频网址，查询返回1903错误</doc>
<tags>
<tag>robot:exit</tag>
</tags>
<status status="FAIL" starttime="20200921 14:26:08.816" endtime="20200921 14:26:08.817" critical="yes">Test execution stopped due to a fatal error.</status>
</test>
<test id="s1-t34" name="url-miss">
<doc>缺少url，其他选填参数都存在</doc>
<tags>
<tag>robot:exit</tag>
</tags>
<status status="FAIL" starttime="20200921 14:26:08.818" endtime="20200921 14:26:08.818" critical="yes">Test execution stopped due to a fatal error.</status>
</test>
<test id="s1-t35" name="url-null">
<doc>url字段为空</doc>
<tags>
<tag>robot:exit</tag>
</tags>
<status status="FAIL" starttime="20200921 14:26:08.819" endtime="20200921 14:26:08.819" critical="yes">Test execution stopped due to a fatal error.</status>
</test>
<test id="s1-t36" name="callBack">
<doc>增加回调</doc>
<tags>
<tag>robot:exit</tag>
</tags>
<status status="FAIL" starttime="20200921 14:26:08.819" endtime="20200921 14:26:08.820" critical="yes">Test execution stopped due to a fatal error.</status>
</test>
<test id="s1-t37" name="callBack-iregal">
<doc>回调地址为非法参数</doc>
<tags>
<tag>robot:exit</tag>
</tags>
<status status="FAIL" starttime="20200921 14:26:08.820" endtime="20200921 14:26:08.821" critical="yes">Test execution stopped due to a fatal error.</status>
</test>
<test id="s1-t38" name="callBack-拒绝连接">
<doc>回调地址为非法参数</doc>
<tags>
<tag>robot:exit</tag>
</tags>
<status status="FAIL" starttime="20200921 14:26:08.821" endtime="20200921 14:26:08.822" critical="yes">Test execution stopped due to a fatal error.</status>
</test>
<test id="s1-t39" name="callBack-null">
<doc>回调地址为空</doc>
<tags>
<tag>robot:exit</tag>
</tags>
<status status="FAIL" starttime="20200921 14:26:08.822" endtime="20200921 14:26:08.823" critical="yes">Test execution stopped due to a fatal error.</status>
</test>
<test id="s1-t40" name="callbackParam-iregal">
<doc>回调参数非法内容格式</doc>
<tags>
<tag>robot:exit</tag>
</tags>
<status status="FAIL" starttime="20200921 14:26:08.823" endtime="20200921 14:26:08.824" critical="yes">Test execution stopped due to a fatal error.</status>
</test>
<test id="s1-t41" name="callbackParam-null">
<doc>回调参数为空</doc>
<tags>
<tag>robot:exit</tag>
</tags>
<status status="FAIL" starttime="20200921 14:26:08.824" endtime="20200921 14:26:08.825" critical="yes">Test execution stopped due to a fatal error.</status>
</test>
<test id="s1-t42" name="returnAllText-reject">
<doc>回调返回全部文本</doc>
<tags>
<tag>robot:exit</tag>
</tags>
<status status="FAIL" starttime="20200921 14:26:08.825" endtime="20200921 14:26:08.826" critical="yes">Test execution stopped due to a fatal error.</status>
</test>
<test id="s1-t43" name="returnAllText-pass">
<doc>回调返回全部文本</doc>
<tags>
<tag>robot:exit</tag>
</tags>
<status status="FAIL" starttime="20200921 14:26:08.826" endtime="20200921 14:26:08.827" critical="yes">Test execution stopped due to a fatal error.</status>
</test>
<test id="s1-t44" name="muteDetection">
<doc>静音检测，第一段静音不过AE，第二段内容123
增加label字段标识静音（回调和查询）</doc>
<tags>
<tag>robot:exit</tag>
</tags>
<status status="FAIL" starttime="20200921 14:26:08.827" endtime="20200921 14:26:08.829" critical="yes">Test execution stopped due to a fatal error.</status>
</test>
<status status="FAIL" starttime="20200921 14:26:04.219" endtime="20200921 14:26:08.830"></status>
</suite>
<statistics>
<total>
<stat pass="0" fail="44">Critical Tests</stat>
<stat pass="0" fail="44">All Tests</stat>
</total>
<tag>
<stat pass="0" fail="1" info="combined" combined="NOT robot:exit">NOT robot:exit</stat>
<stat pass="0" fail="43">robot:exit</stat>
</tag>
<suite>
<stat pass="0" fail="44" id="s1" name="Private-Audio-Oppo">Private-Audio-Oppo</stat>
</suite>
</statistics>
<errors>
</errors>
</robot>
